#
# There is insufficient memory for the Java Runtime Environment to continue.
# Native memory allocation (mmap) failed to map 132120576 bytes for G1 virtual space
# Possible reasons:
#   The system is out of physical RAM or swap space
#   The process is running with CompressedOops enabled, and the Java Heap may be blocking the growth of the native heap
# Possible solutions:
#   Reduce memory load on the system
#   Increase physical memory or swap space
#   Check if swap backing store is full
#   Decrease Java heap size (-Xmx/-Xms)
#   Decrease number of Java threads
#   Decrease Java thread stack sizes (-Xss)
#   Set larger code cache with -XX:ReservedCodeCacheSize=
#   JVM is running with Unscaled Compressed Oops mode in which the Java heap is
#     placed in the first 4GB address space. The Java Heap base address is the
#     maximum limit for the native heap growth. Please use -XX:HeapBaseMinAddress
#     to set the Java Heap base and to place the Java Heap above 4GB virtual address.
# This output file may be truncated or incomplete.
#
#  Out of Memory Error (os_windows.cpp:3469), pid=9732, tid=8676
#
# JRE version:  (17.0.1+12) (build )
# Java VM: Java HotSpot(TM) 64-Bit Server VM (17.0.1+12-LTS-39, mixed mode, sharing, tiered, compressed oops, compressed class ptrs, g1 gc, windows-amd64)
# No core dump will be written. Minidumps are not enabled by default on client versions of Windows
#

---------------  S U M M A R Y ------------

Command Line: -Dclassworlds.conf=C:\NetBeans-12.6\netbeans\java\maven\bin\..\bin\m2.conf -Dmaven.home=C:\NetBeans-12.6\netbeans\java\maven\bin\.. -Dlibrary.jansi.path=C:\NetBeans-12.6\netbeans\java\maven\bin\..\lib\jansi-native -Dmaven.multiModuleProjectDirectory=C:\Users\vinit\Documents\NetBeansProjects\LibraryManagementSystem org.codehaus.plexus.classworlds.launcher.Launcher -Dexec.vmArgs= -Dexec.args=${exec.vmArgs} -classpath %classpath ${exec.mainClass} ${exec.appArgs} -Dexec.executable=C:\Java\jdk-17.0.1\bin\java.exe -Dexec.mainClass=newBook -Dexec.classpathScope=runtime -Dexec.appArgs= -Dmaven.ext.class.path=C:\NetBeans-12.6\netbeans\java\maven-nblib\netbeans-eventspy.jar -Dfile.encoding=UTF-8 org.codehaus.mojo:exec-maven-plugin:3.0.0:exec

Host: AMD Ryzen 5 3550H with Radeon Vega Mobile Gfx  , 8 cores, 7G,  Windows 10 , 64 bit Build 22000 (10.0.22000.434)
Time: Sun Jan 30 11:53:57 2022 India Standard Time elapsed time: 0.012574 seconds (0d 0h 0m 0s)

---------------  T H R E A D  ---------------

Current thread (0x0000026ffa9f3a40):  JavaThread "Unknown thread" [_thread_in_vm, id=8676, stack(0x000000afeae00000,0x000000afeaf00000)]

Stack: [0x000000afeae00000,0x000000afeaf00000]
Native frames: (J=compiled Java code, j=interpreted, Vv=VM code, C=native code)
V  [jvm.dll+0x66fa1a]
V  [jvm.dll+0x7ce5a4]
V  [jvm.dll+0x7cfd4e]
V  [jvm.dll+0x7d03b3]
V  [jvm.dll+0x242b05]
V  [jvm.dll+0x66ca39]
V  [jvm.dll+0x661502]
V  [jvm.dll+0x30081b]
V  [jvm.dll+0x307da6]
V  [jvm.dll+0x357a1e]
V  [jvm.dll+0x357c4f]
V  [jvm.dll+0x2d7ad8]
V  [jvm.dll+0x2d8a44]
V  [jvm.dll+0x7a01e1]
V  [jvm.dll+0x365791]
V  [jvm.dll+0x77f6cc]
V  [jvm.dll+0x3e812f]
V  [jvm.dll+0x3e9bd1]
C  [jli.dll+0x527b]
C  [ucrtbase.dll+0x26c0c]
C  [KERNEL32.DLL+0x154e0]
C  [ntdll.dll+0x485b]


---------------  P R O C E S S  ---------------

Threads class SMR info:
_java_thread_list=0x00007ffa2e2a7818, length=0, elements={
}

Java Threads: ( => current thread )

Other Threads:
  0x0000026ffaa33330 GCTaskThread "GC Thread#0" [stack: 0x000000afeaf00000,0x000000afeb000000] [id=9664]
  0x0000026ffaa43bb0 ConcurrentGCThread "G1 Main Marker" [stack: 0x000000afeb000000,0x000000afeb100000] [id=17720]
  0x0000026ffaa46c80 ConcurrentGCThread "G1 Conc#0" [stack: 0x000000afeb100000,0x000000afeb200000] [id=13444]

[error occurred during error reporting (printing all threads), id 0xc0000005, EXCEPTION_ACCESS_VIOLATION (0xc0000005) at pc=0x00007ffa2daf84b7]

VM state: not at safepoint (not fully initialized)

VM Mutex/Monitor currently owned by a thread:  ([mutex/lock_event])
[0x0000026ffa9ee760] Heap_lock - owner thread: 0x0000026ffa9f3a40

Heap address: 0x0000000082e00000, size: 2002 MB, Compressed Oops mode: 32-bit

CDS archive(s) mapped at: [0x0000000000000000-0x0000000000000000-0x0000000000000000), size 0, SharedBaseAddress: 0x0000000800000000, ArchiveRelocationMode: 0.
Narrow klass base: 0x0000000000000000, Narrow klass shift: 0, Narrow klass range: 0x0

GC Precious Log:
<Empty>

Heap:
 garbage-first heap   total 0K, used 0K [0x0000000082e00000, 0x0000000100000000)
  region size 1024K, 0 young (0K), 0 survivors (0K)

[error occurred during error reporting (printing heap information), id 0xc0000005, EXCEPTION_ACCESS_VIOLATION (0xc0000005) at pc=0x00007ffa2ded8d89]

GC Heap History (0 events):
No events

Deoptimization events (0 events):
No events

Classes unloaded (0 events):
No events

Classes redefined (0 events):
No events

Internal exceptions (0 events):
No events

VM Operations (0 events):
No events

Events (1 events):
Event: 0.008 Loaded shared library C:\Java\jdk-17.0.1\bin\java.dll


Dynamic libraries:
0x00007ff69ed20000 - 0x00007ff69ed30000 	C:\Java\jdk-17.0.1\bin\java.exe
0x00007ffa7fa40000 - 0x00007ffa7fc47000 	C:\Windows\SYSTEM32\ntdll.dll
0x00007ffa7e2d0000 - 0x00007ffa7e38d000 	C:\Windows\System32\KERNEL32.DLL
0x00007ffa7d120000 - 0x00007ffa7d494000 	C:\Windows\System32\KERNELBASE.dll
0x00007ffa7d540000 - 0x00007ffa7d651000 	C:\Windows\System32\ucrtbase.dll
0x00007ffa77780000 - 0x00007ffa77798000 	C:\Java\jdk-17.0.1\bin\jli.dll
0x00007ffa59d80000 - 0x00007ffa59d9a000 	C:\Java\jdk-17.0.1\bin\VCRUNTIME140.dll
0x00007ffa7f620000 - 0x00007ffa7f6ce000 	C:\Windows\System32\ADVAPI32.dll
0x00007ffa7f540000 - 0x00007ffa7f5e3000 	C:\Windows\System32\msvcrt.dll
0x00007ffa7e230000 - 0x00007ffa7e2ce000 	C:\Windows\System32\sechost.dll
0x00007ffa7e5c0000 - 0x00007ffa7e6e0000 	C:\Windows\System32\RPCRT4.dll
0x00007ffa7e3f0000 - 0x00007ffa7e59c000 	C:\Windows\System32\USER32.dll
0x00007ffa68eb0000 - 0x00007ffa69155000 	C:\Windows\WinSxS\amd64_microsoft.windows.common-controls_6595b64144ccf1df_6.0.22000.120_none_9d947278b86cc467\COMCTL32.dll
0x00007ffa7d780000 - 0x00007ffa7d7a6000 	C:\Windows\System32\win32u.dll
0x00007ffa7f5f0000 - 0x00007ffa7f619000 	C:\Windows\System32\GDI32.dll
0x00007ffa7d660000 - 0x00007ffa7d772000 	C:\Windows\System32\gdi32full.dll
0x00007ffa7d4a0000 - 0x00007ffa7d53d000 	C:\Windows\System32\msvcp_win.dll
0x00007ffa767c0000 - 0x00007ffa767ca000 	C:\Windows\SYSTEM32\VERSION.dll
0x00007ffa7de60000 - 0x00007ffa7de91000 	C:\Windows\System32\IMM32.DLL
0x00007ffa68e70000 - 0x00007ffa68e7c000 	C:\Java\jdk-17.0.1\bin\vcruntime140_1.dll
0x00007ffa30830000 - 0x00007ffa308bd000 	C:\Java\jdk-17.0.1\bin\msvcp140.dll
0x00007ffa2d810000 - 0x00007ffa2e3ce000 	C:\Java\jdk-17.0.1\bin\server\jvm.dll
0x00007ffa7e220000 - 0x00007ffa7e228000 	C:\Windows\System32\PSAPI.DLL
0x00007ffa786a0000 - 0x00007ffa786d3000 	C:\Windows\SYSTEM32\WINMM.dll
0x00007ffa6aea0000 - 0x00007ffa6aea9000 	C:\Windows\SYSTEM32\WSOCK32.dll
0x00007ffa7f4d0000 - 0x00007ffa7f53f000 	C:\Windows\System32\WS2_32.dll
0x00007ffa7c030000 - 0x00007ffa7c048000 	C:\Windows\SYSTEM32\kernel.appcore.dll
0x00007ffa659a0000 - 0x00007ffa659aa000 	C:\Java\jdk-17.0.1\bin\jimage.dll
0x00007ffa71e90000 - 0x00007ffa720b1000 	C:\Windows\SYSTEM32\DBGHELP.DLL
0x00007ffa71e50000 - 0x00007ffa71e81000 	C:\Windows\SYSTEM32\dbgcore.DLL
0x00007ffa7cf30000 - 0x00007ffa7cfaf000 	C:\Windows\System32\bcryptPrimitives.dll
0x00007ffa31300000 - 0x00007ffa31325000 	C:\Java\jdk-17.0.1\bin\java.dll

dbghelp: loaded successfully - version: 4.0.5 - missing functions: none
symbol engine: initialized successfully - sym options: 0x614 - pdb path: .;C:\Java\jdk-17.0.1\bin;C:\Windows\SYSTEM32;C:\Windows\WinSxS\amd64_microsoft.windows.common-controls_6595b64144ccf1df_6.0.22000.120_none_9d947278b86cc467;C:\Java\jdk-17.0.1\bin\server

VM Arguments:
jvm_args: -Dclassworlds.conf=C:\NetBeans-12.6\netbeans\java\maven\bin\..\bin\m2.conf -Dmaven.home=C:\NetBeans-12.6\netbeans\java\maven\bin\.. -Dlibrary.jansi.path=C:\NetBeans-12.6\netbeans\java\maven\bin\..\lib\jansi-native -Dmaven.multiModuleProjectDirectory=C:\Users\vinit\Documents\NetBeansProjects\LibraryManagementSystem 
java_command: org.codehaus.plexus.classworlds.launcher.Launcher -Dexec.vmArgs= -Dexec.args=${exec.vmArgs} -classpath %classpath ${exec.mainClass} ${exec.appArgs} -Dexec.executable=C:\Java\jdk-17.0.1\bin\java.exe -Dexec.mainClass=newBook -Dexec.classpathScope=runtime -Dexec.appArgs= -Dmaven.ext.class.path=C:\NetBeans-12.6\netbeans\java\maven-nblib\netbeans-eventspy.jar -Dfile.encoding=UTF-8 org.codehaus.mojo:exec-maven-plugin:3.0.0:exec
java_class_path (initial): C:\NetBeans-12.6\netbeans\java\maven\bin\..\boot\plexus-classworlds-2.6.0.jar
Launcher Type: SUN_STANDARD

[Global flags]
     intx CICompilerCount                          = 4                                         {product} {ergonomic}
     uint ConcGCThreads                            = 2                                         {product} {ergonomic}
     uint G1ConcRefinementThreads                  = 8                                         {product} {ergonomic}
   size_t G1HeapRegionSize                         = 1048576                                   {product} {ergonomic}
    uintx GCDrainStackTargetSize                   = 64                                        {product} {ergonomic}
   size_t InitialHeapSize                          = 132120576                                 {product} {ergonomic}
   size_t MarkStackSize                            = 4194304                                   {product} {ergonomic}
   size_t MaxHeapSize                              = 2099249152                                {product} {ergonomic}
   size_t MinHeapDeltaBytes                        = 1048576                                   {product} {ergonomic}
   size_t MinHeapSize                              = 8388608                                   {product} {ergonomic}
    uintx NonNMethodCodeHeapSize                   = 5839372                                {pd product} {ergonomic}
    uintx NonProfiledCodeHeapSize                  = 122909434                              {pd product} {ergonomic}
    uintx ProfiledCodeHeapSize                     = 122909434                              {pd product} {ergonomic}
    uintx ReservedCodeCacheSize                    = 251658240                              {pd product} {ergonomic}
     bool SegmentedCodeCache                       = true                                      {product} {ergonomic}
   size_t SoftMaxHeapSize                          = 2099249152                             {manageable} {ergonomic}
     bool UseCompressedClassPointers               = true                           {product lp64_product} {ergonomic}
     bool UseCompressedOops                        = true                           {product lp64_product} {ergonomic}
     bool UseG1GC                                  = true                                      {product} {ergonomic}
     bool UseLargePagesIndividualAllocation        = false                                  {pd product} {ergonomic}

Logging:
Log output configuration:
 #0: stdout all=warning uptime,level,tags
 #1: stderr all=off uptime,level,tags

Environment Variables:
JAVA_HOME=C:\Java\jdk-17.0.1
PATH=C:\Program Files\Common Files\Oracle\Java\javapath;C:\MinGW\bin;C:\Program Files (x86)\VMware\VMware Workstation\bin\;C:\Program Files (x86)\Common Files\Intel\Shared Libraries\redist\intel64\compiler;C:\Windows\system32;C:\Windows;C:\Windows\System32\Wbem;C:\Windows\System32\WindowsPowerShell\v1.0\;C:\Windows\System32\OpenSSH\;C:\Program Files\Microsoft SQL Server\130\Tools\Binn\;C:\Program Files\Microsoft SQL Server\150\Tools\Binn\;C:\Java\jdk-17.0.1\bin;C:\Program Files\MySQL\MySQL Shell 8.0\bin\;C:\Users\vinit\AppData\Local\Microsoft\WindowsApps;C:\IntelliJ IDEA\bin;;C:\Users\vinit\AppData\Local\GitHubDesktop\bin;C:\Microsoft VS Code\bin
USERNAME=vinit
OS=Windows_NT
PROCESSOR_IDENTIFIER=AMD64 Family 23 Model 24 Stepping 1, AuthenticAMD



---------------  S Y S T E M  ---------------

OS:
 Windows 10 , 64 bit Build 22000 (10.0.22000.434)
OS uptime: 1 days 15:46 hours

CPU: total 8 (initial active 8) (8 cores per cpu, 2 threads per core) family 23 model 24 stepping 1 microcode 0x0, cx8, cmov, fxsr, ht, mmx, 3dnowpref, sse, sse2, sse3, ssse3, sse4a, sse4.1, sse4.2, popcnt, lzcnt, tsc, tscinvbit, avx, avx2, aes, clmul, bmi1, bmi2, adx, sha, fma, vzeroupper, clflush, clflushopt

Memory: 4k page, system-wide physical 8000M (979M free)
TotalPageFile size 12096M (AvailPageFile size 121M)
current process WorkingSet (physical memory assigned to process): 10M, peak: 10M
current process commit charge ("private bytes"): 60M, peak: 186M

vm_info: Java HotSpot(TM) 64-Bit Server VM (17.0.1+12-LTS-39) for windows-amd64 JRE (17.0.1+12-LTS-39), built on Sep 27 2021 18:41:35 by "mach5one" with MS VC++ 16.8 (VS2019)

END.
