#
# There is insufficient memory for the Java Runtime Environment to continue.
# Native memory allocation (mmap) failed to map 65536 bytes for Failed to commit metaspace.
# Possible reasons:
#   The system is out of physical RAM or swap space
#   The process is running with CompressedOops enabled, and the Java Heap may be blocking the growth of the native heap
# Possible solutions:
#   Reduce memory load on the system
#   Increase physical memory or swap space
#   Check if swap backing store is full
#   Decrease Java heap size (-Xmx/-Xms)
#   Decrease number of Java threads
#   Decrease Java thread stack sizes (-Xss)
#   Set larger code cache with -XX:ReservedCodeCacheSize=
#   JVM is running with Unscaled Compressed Oops mode in which the Java heap is
#     placed in the first 4GB address space. The Java Heap base address is the
#     maximum limit for the native heap growth. Please use -XX:HeapBaseMinAddress
#     to set the Java Heap base and to place the Java Heap above 4GB virtual address.
# This output file may be truncated or incomplete.
#
#  Out of Memory Error (virtualSpaceNode.cpp:110), pid=14868, tid=12748
#
# JRE version: Java(TM) SE Runtime Environment (17.0.1+12) (build 17.0.1+12-LTS-39)
# Java VM: Java HotSpot(TM) 64-Bit Server VM (17.0.1+12-LTS-39, mixed mode, sharing, tiered, compressed oops, compressed class ptrs, g1 gc, windows-amd64)
# No core dump will be written. Minidumps are not enabled by default on client versions of Windows
#

---------------  S U M M A R Y ------------

Command Line: returnBook

Host: AMD Ryzen 5 3550H with Radeon Vega Mobile Gfx  , 8 cores, 7G,  Windows 10 , 64 bit Build 22000 (10.0.22000.434)
Time: Sun Jan 30 20:06:02 2022 India Standard Time elapsed time: 0.459024 seconds (0d 0h 0m 0s)

---------------  T H R E A D  ---------------

Current thread (0x0000025173c491a0):  JavaThread "AWT-EventQueue-0" [_thread_in_vm, id=12748, stack(0x000000793e300000,0x000000793e400000)]

Stack: [0x000000793e300000,0x000000793e400000]
Native frames: (J=compiled Java code, j=interpreted, Vv=VM code, C=native code)
V  [jvm.dll+0x66fa1a]
V  [jvm.dll+0x7ce5a4]
V  [jvm.dll+0x7cfd4e]
V  [jvm.dll+0x7d03b3]
V  [jvm.dll+0x242b05]
V  [jvm.dll+0x7ca54b]
V  [jvm.dll+0x615b76]
V  [jvm.dll+0x615bda]
V  [jvm.dll+0x6183ea]
V  [jvm.dll+0x616516]
V  [jvm.dll+0x620187]
V  [jvm.dll+0x1e7dcb]
V  [jvm.dll+0x1e8305]
V  [jvm.dll+0x1e8d3f]
V  [jvm.dll+0x1de1f1]
V  [jvm.dll+0x537690]
V  [jvm.dll+0x1ee9d7]
V  [jvm.dll+0x748afb]
V  [jvm.dll+0x749ea2]
V  [jvm.dll+0x74a1d8]
V  [jvm.dll+0x23ae5e]
V  [jvm.dll+0x37afce]
C  0x000002515d4cb80d

Java frames: (J=compiled Java code, j=interpreted, Vv=VM code)
j  sun.java2d.pipe.BufferedRenderPipe.<init>(Lsun/java2d/pipe/RenderQueue;)V+5 java.desktop@17.0.1
j  sun.java2d.d3d.D3DRenderer.<init>(Lsun/java2d/pipe/RenderQueue;)V+2 java.desktop@17.0.1
j  sun.java2d.d3d.D3DSurfaceData.<clinit>()V+69 java.desktop@17.0.1
v  ~StubRoutines::call_stub
j  sun.java2d.d3d.D3DScreenUpdateManager.createScreenSurface(Lsun/awt/Win32GraphicsConfig;Lsun/awt/windows/WComponentPeer;IZ)Lsun/java2d/SurfaceData;+37 java.desktop@17.0.1
j  sun.awt.windows.WComponentPeer.createScreenSurface(Z)V+21 java.desktop@17.0.1
j  sun.awt.windows.WComponentPeer.replaceSurfaceData(ILjava/awt/BufferCapabilities;)V+63 java.desktop@17.0.1
j  sun.awt.windows.WComponentPeer.replaceSurfaceData()V+9 java.desktop@17.0.1
j  sun.awt.windows.WComponentPeer.setBounds(IIIII)V+74 java.desktop@17.0.1
j  java.awt.Component.reshapeNativePeer(IIIII)V+71 java.desktop@17.0.1
j  java.awt.Component.reshape(IIII)V+168 java.desktop@17.0.1
j  java.awt.Window.reshape(IIII)V+51 java.desktop@17.0.1
j  java.awt.Component.setBounds(IIII)V+6 java.desktop@17.0.1
j  java.awt.Window.setBounds(IIII)V+35 java.desktop@17.0.1
j  java.awt.Window.setClientSize(II)V+23 java.desktop@17.0.1
j  java.awt.Window.pack()V+52 java.desktop@17.0.1
j  returnBook.initComponents()V+1140
j  returnBook.<init>()V+5
j  returnBook$7.run()V+4
j  java.awt.event.InvocationEvent.dispatch()V+47 java.desktop@17.0.1
j  java.awt.EventQueue.dispatchEventImpl(Ljava/awt/AWTEvent;Ljava/lang/Object;)V+21 java.desktop@17.0.1
j  java.awt.EventQueue$4.run()Ljava/lang/Void;+32 java.desktop@17.0.1
j  java.awt.EventQueue$4.run()Ljava/lang/Object;+1 java.desktop@17.0.1
j  java.security.AccessController.executePrivileged(Ljava/security/PrivilegedAction;Ljava/security/AccessControlContext;Ljava/lang/Class;)Ljava/lang/Object;+29 java.base@17.0.1
j  java.security.AccessController.doPrivileged(Ljava/security/PrivilegedAction;Ljava/security/AccessControlContext;)Ljava/lang/Object;+13 java.base@17.0.1
j  java.security.ProtectionDomain$JavaSecurityAccessImpl.doIntersectionPrivilege(Ljava/security/PrivilegedAction;Ljava/security/AccessControlContext;Ljava/security/AccessControlContext;)Ljava/lang/Object;+18 java.base@17.0.1
j  java.awt.EventQueue.dispatchEvent(Ljava/awt/AWTEvent;)V+46 java.desktop@17.0.1
j  java.awt.EventDispatchThread.pumpOneEventForFilters(I)V+78 java.desktop@17.0.1
j  java.awt.EventDispatchThread.pumpEventsForFilter(ILjava/awt/Conditional;Ljava/awt/EventFilter;)V+35 java.desktop@17.0.1
j  java.awt.EventDispatchThread.pumpEventsForHierarchy(ILjava/awt/Conditional;Ljava/awt/Component;)V+11 java.desktop@17.0.1
j  java.awt.EventDispatchThread.pumpEvents(ILjava/awt/Conditional;)V+4 java.desktop@17.0.1
j  java.awt.EventDispatchThread.pumpEvents(Ljava/awt/Conditional;)V+3 java.desktop@17.0.1
j  java.awt.EventDispatchThread.run()V+9 java.desktop@17.0.1
v  ~StubRoutines::call_stub

---------------  P R O C E S S  ---------------

Threads class SMR info:
_java_thread_list=0x0000025174b18980, length=16, elements={
0x0000025173c288f0, 0x0000025173c29560, 0x0000025173c416c0, 0x0000025173c43fa0,
0x0000025173c45870, 0x0000025173c474c0, 0x0000025173c4de10, 0x0000025173c567d0,
0x0000025173c590e0, 0x0000025173c46650, 0x0000025173c46b20, 0x0000025173c48800,
0x0000025173c49670, 0x0000025173c48330, 0x0000025173c491a0, 0x0000025173c48cd0
}

Java Threads: ( => current thread )
  0x0000025173c288f0 JavaThread "Reference Handler" daemon [_thread_blocked, id=16572, stack(0x000000793d400000,0x000000793d500000)]
  0x0000025173c29560 JavaThread "Finalizer" daemon [_thread_blocked, id=11088, stack(0x000000793d500000,0x000000793d600000)]
  0x0000025173c416c0 JavaThread "Signal Dispatcher" daemon [_thread_blocked, id=296, stack(0x000000793d600000,0x000000793d700000)]
  0x0000025173c43fa0 JavaThread "Attach Listener" daemon [_thread_blocked, id=15080, stack(0x000000793d700000,0x000000793d800000)]
  0x0000025173c45870 JavaThread "Service Thread" daemon [_thread_blocked, id=16844, stack(0x000000793d800000,0x000000793d900000)]
  0x0000025173c474c0 JavaThread "Monitor Deflation Thread" daemon [_thread_blocked, id=17344, stack(0x000000793d900000,0x000000793da00000)]
  0x0000025173c4de10 JavaThread "C2 CompilerThread0" daemon [_thread_blocked, id=15520, stack(0x000000793da00000,0x000000793db00000)]
  0x0000025173c567d0 JavaThread "C1 CompilerThread0" daemon [_thread_blocked, id=7632, stack(0x000000793db00000,0x000000793dc00000)]
  0x0000025173c590e0 JavaThread "Sweeper thread" daemon [_thread_blocked, id=5612, stack(0x000000793dc00000,0x000000793dd00000)]
  0x0000025173c46650 JavaThread "Notification Thread" daemon [_thread_blocked, id=16336, stack(0x000000793dd00000,0x000000793de00000)]
  0x0000025173c46b20 JavaThread "Common-Cleaner" daemon [_thread_blocked, id=8080, stack(0x000000793df00000,0x000000793e000000)]
  0x0000025173c48800 JavaThread "Java2D Disposer" daemon [_thread_blocked, id=16624, stack(0x000000793e000000,0x000000793e100000)]
  0x0000025173c49670 JavaThread "AWT-Shutdown" [_thread_blocked, id=10068, stack(0x000000793e100000,0x000000793e200000)]
  0x0000025173c48330 JavaThread "AWT-Windows" daemon [_thread_in_native, id=15100, stack(0x000000793e200000,0x000000793e300000)]
=>0x0000025173c491a0 JavaThread "AWT-EventQueue-0" [_thread_in_vm, id=12748, stack(0x000000793e300000,0x000000793e400000)]
  0x0000025173c48cd0 JavaThread "DestroyJavaVM" [_thread_blocked, id=4908, stack(0x000000793cd00000,0x000000793ce00000)]

Other Threads:
  0x0000025173c24e00 VMThread "VM Thread" [stack: 0x000000793d300000,0x000000793d400000] [id=5472]
  0x0000025155cfe4b0 WatcherThread [stack: 0x000000793de00000,0x000000793df00000] [id=13568]
  0x0000025155ce0a80 GCTaskThread "GC Thread#0" [stack: 0x000000793ce00000,0x000000793cf00000] [id=15216]
  0x0000025155cf1300 ConcurrentGCThread "G1 Main Marker" [stack: 0x000000793cf00000,0x000000793d000000] [id=1496]
  0x0000025155cf23b0 ConcurrentGCThread "G1 Conc#0" [stack: 0x000000793d000000,0x000000793d100000] [id=6220]
  0x0000025173af0090 ConcurrentGCThread "G1 Refine#0" [stack: 0x000000793d100000,0x000000793d200000] [id=16044]
  0x0000025173af09b0 ConcurrentGCThread "G1 Service" [stack: 0x000000793d200000,0x000000793d300000] [id=7788]

Threads with active compile tasks:

VM state: not at safepoint (normal execution)

VM Mutex/Monitor currently owned by a thread:  ([mutex/lock_event])
[0x0000025155c9c070] Metaspace_lock - owner thread: 0x0000025173c491a0

Heap address: 0x0000000082e00000, size: 2002 MB, Compressed Oops mode: 32-bit

CDS archive(s) mapped at: [0x0000000800000000-0x0000000800bc0000-0x0000000800bc0000), size 12320768, SharedBaseAddress: 0x0000000800000000, ArchiveRelocationMode: 0.
Compressed class space mapped at: 0x0000000800c00000-0x0000000840c00000, reserved size: 1073741824
Narrow klass base: 0x0000000800000000, Narrow klass shift: 0, Narrow klass range: 0x100000000

GC Precious Log:
 CPUs: 8 total, 8 available
 Memory: 8000M
 Large Page Support: Disabled
 NUMA Support: Disabled
 Compressed Oops: Enabled (32-bit)
 Heap Region Size: 1M
 Heap Min Capacity: 8M
 Heap Initial Capacity: 126M
 Heap Max Capacity: 2002M
 Pre-touch: Disabled
 Parallel Workers: 8
 Concurrent Workers: 2
 Concurrent Refinement Workers: 8
 Periodic GC: Disabled

Heap:
 garbage-first heap   total 129024K, used 6144K [0x0000000082e00000, 0x0000000100000000)
  region size 1024K, 7 young (7168K), 0 survivors (0K)
 Metaspace       used 8280K, committed 8448K, reserved 1056768K
  class space    used 981K, committed 1088K, reserved 1048576K

Heap Regions: E=young(eden), S=young(survivor), O=old, HS=humongous(starts), HC=humongous(continues), CS=collection set, F=free, OA=open archive, CA=closed archive, TAMS=top-at-mark-start (previous, next)
|   0|0x0000000082e00000, 0x0000000082e00000, 0x0000000082f00000|  0%| F|  |TAMS 0x0000000082e00000, 0x0000000082e00000| Untracked 
|   1|0x0000000082f00000, 0x0000000082f00000, 0x0000000083000000|  0%| F|  |TAMS 0x0000000082f00000, 0x0000000082f00000| Untracked 
|   2|0x0000000083000000, 0x0000000083000000, 0x0000000083100000|  0%| F|  |TAMS 0x0000000083000000, 0x0000000083000000| Untracked 
|   3|0x0000000083100000, 0x0000000083100000, 0x0000000083200000|  0%| F|  |TAMS 0x0000000083100000, 0x0000000083100000| Untracked 
|   4|0x0000000083200000, 0x0000000083200000, 0x0000000083300000|  0%| F|  |TAMS 0x0000000083200000, 0x0000000083200000| Untracked 
|   5|0x0000000083300000, 0x0000000083300000, 0x0000000083400000|  0%| F|  |TAMS 0x0000000083300000, 0x0000000083300000| Untracked 
|   6|0x0000000083400000, 0x0000000083400000, 0x0000000083500000|  0%| F|  |TAMS 0x0000000083400000, 0x0000000083400000| Untracked 
|   7|0x0000000083500000, 0x0000000083500000, 0x0000000083600000|  0%| F|  |TAMS 0x0000000083500000, 0x0000000083500000| Untracked 
|   8|0x0000000083600000, 0x0000000083600000, 0x0000000083700000|  0%| F|  |TAMS 0x0000000083600000, 0x0000000083600000| Untracked 
|   9|0x0000000083700000, 0x0000000083700000, 0x0000000083800000|  0%| F|  |TAMS 0x0000000083700000, 0x0000000083700000| Untracked 
|  10|0x0000000083800000, 0x0000000083800000, 0x0000000083900000|  0%| F|  |TAMS 0x0000000083800000, 0x0000000083800000| Untracked 
|  11|0x0000000083900000, 0x0000000083900000, 0x0000000083a00000|  0%| F|  |TAMS 0x0000000083900000, 0x0000000083900000| Untracked 
|  12|0x0000000083a00000, 0x0000000083a00000, 0x0000000083b00000|  0%| F|  |TAMS 0x0000000083a00000, 0x0000000083a00000| Untracked 
|  13|0x0000000083b00000, 0x0000000083b00000, 0x0000000083c00000|  0%| F|  |TAMS 0x0000000083b00000, 0x0000000083b00000| Untracked 
|  14|0x0000000083c00000, 0x0000000083c00000, 0x0000000083d00000|  0%| F|  |TAMS 0x0000000083c00000, 0x0000000083c00000| Untracked 
|  15|0x0000000083d00000, 0x0000000083d00000, 0x0000000083e00000|  0%| F|  |TAMS 0x0000000083d00000, 0x0000000083d00000| Untracked 
|  16|0x0000000083e00000, 0x0000000083e00000, 0x0000000083f00000|  0%| F|  |TAMS 0x0000000083e00000, 0x0000000083e00000| Untracked 
|  17|0x0000000083f00000, 0x0000000083f00000, 0x0000000084000000|  0%| F|  |TAMS 0x0000000083f00000, 0x0000000083f00000| Untracked 
|  18|0x0000000084000000, 0x0000000084000000, 0x0000000084100000|  0%| F|  |TAMS 0x0000000084000000, 0x0000000084000000| Untracked 
|  19|0x0000000084100000, 0x0000000084100000, 0x0000000084200000|  0%| F|  |TAMS 0x0000000084100000, 0x0000000084100000| Untracked 
|  20|0x0000000084200000, 0x0000000084200000, 0x0000000084300000|  0%| F|  |TAMS 0x0000000084200000, 0x0000000084200000| Untracked 
|  21|0x0000000084300000, 0x0000000084300000, 0x0000000084400000|  0%| F|  |TAMS 0x0000000084300000, 0x0000000084300000| Untracked 
|  22|0x0000000084400000, 0x0000000084400000, 0x0000000084500000|  0%| F|  |TAMS 0x0000000084400000, 0x0000000084400000| Untracked 
|  23|0x0000000084500000, 0x0000000084500000, 0x0000000084600000|  0%| F|  |TAMS 0x0000000084500000, 0x0000000084500000| Untracked 
|  24|0x0000000084600000, 0x0000000084600000, 0x0000000084700000|  0%| F|  |TAMS 0x0000000084600000, 0x0000000084600000| Untracked 
|  25|0x0000000084700000, 0x0000000084700000, 0x0000000084800000|  0%| F|  |TAMS 0x0000000084700000, 0x0000000084700000| Untracked 
|  26|0x0000000084800000, 0x0000000084800000, 0x0000000084900000|  0%| F|  |TAMS 0x0000000084800000, 0x0000000084800000| Untracked 
|  27|0x0000000084900000, 0x0000000084900000, 0x0000000084a00000|  0%| F|  |TAMS 0x0000000084900000, 0x0000000084900000| Untracked 
|  28|0x0000000084a00000, 0x0000000084a00000, 0x0000000084b00000|  0%| F|  |TAMS 0x0000000084a00000, 0x0000000084a00000| Untracked 
|  29|0x0000000084b00000, 0x0000000084b00000, 0x0000000084c00000|  0%| F|  |TAMS 0x0000000084b00000, 0x0000000084b00000| Untracked 
|  30|0x0000000084c00000, 0x0000000084c00000, 0x0000000084d00000|  0%| F|  |TAMS 0x0000000084c00000, 0x0000000084c00000| Untracked 
|  31|0x0000000084d00000, 0x0000000084d00000, 0x0000000084e00000|  0%| F|  |TAMS 0x0000000084d00000, 0x0000000084d00000| Untracked 
|  32|0x0000000084e00000, 0x0000000084e00000, 0x0000000084f00000|  0%| F|  |TAMS 0x0000000084e00000, 0x0000000084e00000| Untracked 
|  33|0x0000000084f00000, 0x0000000084f00000, 0x0000000085000000|  0%| F|  |TAMS 0x0000000084f00000, 0x0000000084f00000| Untracked 
|  34|0x0000000085000000, 0x0000000085000000, 0x0000000085100000|  0%| F|  |TAMS 0x0000000085000000, 0x0000000085000000| Untracked 
|  35|0x0000000085100000, 0x0000000085100000, 0x0000000085200000|  0%| F|  |TAMS 0x0000000085100000, 0x0000000085100000| Untracked 
|  36|0x0000000085200000, 0x0000000085200000, 0x0000000085300000|  0%| F|  |TAMS 0x0000000085200000, 0x0000000085200000| Untracked 
|  37|0x0000000085300000, 0x0000000085300000, 0x0000000085400000|  0%| F|  |TAMS 0x0000000085300000, 0x0000000085300000| Untracked 
|  38|0x0000000085400000, 0x0000000085400000, 0x0000000085500000|  0%| F|  |TAMS 0x0000000085400000, 0x0000000085400000| Untracked 
|  39|0x0000000085500000, 0x0000000085500000, 0x0000000085600000|  0%| F|  |TAMS 0x0000000085500000, 0x0000000085500000| Untracked 
|  40|0x0000000085600000, 0x0000000085600000, 0x0000000085700000|  0%| F|  |TAMS 0x0000000085600000, 0x0000000085600000| Untracked 
|  41|0x0000000085700000, 0x0000000085700000, 0x0000000085800000|  0%| F|  |TAMS 0x0000000085700000, 0x0000000085700000| Untracked 
|  42|0x0000000085800000, 0x0000000085800000, 0x0000000085900000|  0%| F|  |TAMS 0x0000000085800000, 0x0000000085800000| Untracked 
|  43|0x0000000085900000, 0x0000000085900000, 0x0000000085a00000|  0%| F|  |TAMS 0x0000000085900000, 0x0000000085900000| Untracked 
|  44|0x0000000085a00000, 0x0000000085a00000, 0x0000000085b00000|  0%| F|  |TAMS 0x0000000085a00000, 0x0000000085a00000| Untracked 
|  45|0x0000000085b00000, 0x0000000085b00000, 0x0000000085c00000|  0%| F|  |TAMS 0x0000000085b00000, 0x0000000085b00000| Untracked 
|  46|0x0000000085c00000, 0x0000000085c00000, 0x0000000085d00000|  0%| F|  |TAMS 0x0000000085c00000, 0x0000000085c00000| Untracked 
|  47|0x0000000085d00000, 0x0000000085d00000, 0x0000000085e00000|  0%| F|  |TAMS 0x0000000085d00000, 0x0000000085d00000| Untracked 
|  48|0x0000000085e00000, 0x0000000085e00000, 0x0000000085f00000|  0%| F|  |TAMS 0x0000000085e00000, 0x0000000085e00000| Untracked 
|  49|0x0000000085f00000, 0x0000000085f00000, 0x0000000086000000|  0%| F|  |TAMS 0x0000000085f00000, 0x0000000085f00000| Untracked 
|  50|0x0000000086000000, 0x0000000086000000, 0x0000000086100000|  0%| F|  |TAMS 0x0000000086000000, 0x0000000086000000| Untracked 
|  51|0x0000000086100000, 0x0000000086100000, 0x0000000086200000|  0%| F|  |TAMS 0x0000000086100000, 0x0000000086100000| Untracked 
|  52|0x0000000086200000, 0x0000000086200000, 0x0000000086300000|  0%| F|  |TAMS 0x0000000086200000, 0x0000000086200000| Untracked 
|  53|0x0000000086300000, 0x0000000086300000, 0x0000000086400000|  0%| F|  |TAMS 0x0000000086300000, 0x0000000086300000| Untracked 
|  54|0x0000000086400000, 0x0000000086400000, 0x0000000086500000|  0%| F|  |TAMS 0x0000000086400000, 0x0000000086400000| Untracked 
|  55|0x0000000086500000, 0x0000000086500000, 0x0000000086600000|  0%| F|  |TAMS 0x0000000086500000, 0x0000000086500000| Untracked 
|  56|0x0000000086600000, 0x0000000086600000, 0x0000000086700000|  0%| F|  |TAMS 0x0000000086600000, 0x0000000086600000| Untracked 
|  57|0x0000000086700000, 0x0000000086700000, 0x0000000086800000|  0%| F|  |TAMS 0x0000000086700000, 0x0000000086700000| Untracked 
|  58|0x0000000086800000, 0x0000000086800000, 0x0000000086900000|  0%| F|  |TAMS 0x0000000086800000, 0x0000000086800000| Untracked 
|  59|0x0000000086900000, 0x0000000086900000, 0x0000000086a00000|  0%| F|  |TAMS 0x0000000086900000, 0x0000000086900000| Untracked 
|  60|0x0000000086a00000, 0x0000000086a00000, 0x0000000086b00000|  0%| F|  |TAMS 0x0000000086a00000, 0x0000000086a00000| Untracked 
|  61|0x0000000086b00000, 0x0000000086b00000, 0x0000000086c00000|  0%| F|  |TAMS 0x0000000086b00000, 0x0000000086b00000| Untracked 
|  62|0x0000000086c00000, 0x0000000086c00000, 0x0000000086d00000|  0%| F|  |TAMS 0x0000000086c00000, 0x0000000086c00000| Untracked 
|  63|0x0000000086d00000, 0x0000000086d00000, 0x0000000086e00000|  0%| F|  |TAMS 0x0000000086d00000, 0x0000000086d00000| Untracked 
|  64|0x0000000086e00000, 0x0000000086e00000, 0x0000000086f00000|  0%| F|  |TAMS 0x0000000086e00000, 0x0000000086e00000| Untracked 
|  65|0x0000000086f00000, 0x0000000086f00000, 0x0000000087000000|  0%| F|  |TAMS 0x0000000086f00000, 0x0000000086f00000| Untracked 
|  66|0x0000000087000000, 0x0000000087000000, 0x0000000087100000|  0%| F|  |TAMS 0x0000000087000000, 0x0000000087000000| Untracked 
|  67|0x0000000087100000, 0x0000000087100000, 0x0000000087200000|  0%| F|  |TAMS 0x0000000087100000, 0x0000000087100000| Untracked 
|  68|0x0000000087200000, 0x0000000087200000, 0x0000000087300000|  0%| F|  |TAMS 0x0000000087200000, 0x0000000087200000| Untracked 
|  69|0x0000000087300000, 0x0000000087300000, 0x0000000087400000|  0%| F|  |TAMS 0x0000000087300000, 0x0000000087300000| Untracked 
|  70|0x0000000087400000, 0x0000000087400000, 0x0000000087500000|  0%| F|  |TAMS 0x0000000087400000, 0x0000000087400000| Untracked 
|  71|0x0000000087500000, 0x0000000087500000, 0x0000000087600000|  0%| F|  |TAMS 0x0000000087500000, 0x0000000087500000| Untracked 
|  72|0x0000000087600000, 0x0000000087600000, 0x0000000087700000|  0%| F|  |TAMS 0x0000000087600000, 0x0000000087600000| Untracked 
|  73|0x0000000087700000, 0x0000000087700000, 0x0000000087800000|  0%| F|  |TAMS 0x0000000087700000, 0x0000000087700000| Untracked 
|  74|0x0000000087800000, 0x0000000087800000, 0x0000000087900000|  0%| F|  |TAMS 0x0000000087800000, 0x0000000087800000| Untracked 
|  75|0x0000000087900000, 0x0000000087900000, 0x0000000087a00000|  0%| F|  |TAMS 0x0000000087900000, 0x0000000087900000| Untracked 
|  76|0x0000000087a00000, 0x0000000087a00000, 0x0000000087b00000|  0%| F|  |TAMS 0x0000000087a00000, 0x0000000087a00000| Untracked 
|  77|0x0000000087b00000, 0x0000000087b00000, 0x0000000087c00000|  0%| F|  |TAMS 0x0000000087b00000, 0x0000000087b00000| Untracked 
|  78|0x0000000087c00000, 0x0000000087c00000, 0x0000000087d00000|  0%| F|  |TAMS 0x0000000087c00000, 0x0000000087c00000| Untracked 
|  79|0x0000000087d00000, 0x0000000087d00000, 0x0000000087e00000|  0%| F|  |TAMS 0x0000000087d00000, 0x0000000087d00000| Untracked 
|  80|0x0000000087e00000, 0x0000000087e00000, 0x0000000087f00000|  0%| F|  |TAMS 0x0000000087e00000, 0x0000000087e00000| Untracked 
|  81|0x0000000087f00000, 0x0000000087f00000, 0x0000000088000000|  0%| F|  |TAMS 0x0000000087f00000, 0x0000000087f00000| Untracked 
|  82|0x0000000088000000, 0x0000000088000000, 0x0000000088100000|  0%| F|  |TAMS 0x0000000088000000, 0x0000000088000000| Untracked 
|  83|0x0000000088100000, 0x0000000088100000, 0x0000000088200000|  0%| F|  |TAMS 0x0000000088100000, 0x0000000088100000| Untracked 
|  84|0x0000000088200000, 0x0000000088200000, 0x0000000088300000|  0%| F|  |TAMS 0x0000000088200000, 0x0000000088200000| Untracked 
|  85|0x0000000088300000, 0x0000000088300000, 0x0000000088400000|  0%| F|  |TAMS 0x0000000088300000, 0x0000000088300000| Untracked 
|  86|0x0000000088400000, 0x0000000088400000, 0x0000000088500000|  0%| F|  |TAMS 0x0000000088400000, 0x0000000088400000| Untracked 
|  87|0x0000000088500000, 0x0000000088500000, 0x0000000088600000|  0%| F|  |TAMS 0x0000000088500000, 0x0000000088500000| Untracked 
|  88|0x0000000088600000, 0x0000000088600000, 0x0000000088700000|  0%| F|  |TAMS 0x0000000088600000, 0x0000000088600000| Untracked 
|  89|0x0000000088700000, 0x0000000088700000, 0x0000000088800000|  0%| F|  |TAMS 0x0000000088700000, 0x0000000088700000| Untracked 
|  90|0x0000000088800000, 0x0000000088800000, 0x0000000088900000|  0%| F|  |TAMS 0x0000000088800000, 0x0000000088800000| Untracked 
|  91|0x0000000088900000, 0x0000000088900000, 0x0000000088a00000|  0%| F|  |TAMS 0x0000000088900000, 0x0000000088900000| Untracked 
|  92|0x0000000088a00000, 0x0000000088a00000, 0x0000000088b00000|  0%| F|  |TAMS 0x0000000088a00000, 0x0000000088a00000| Untracked 
|  93|0x0000000088b00000, 0x0000000088b00000, 0x0000000088c00000|  0%| F|  |TAMS 0x0000000088b00000, 0x0000000088b00000| Untracked 
|  94|0x0000000088c00000, 0x0000000088c00000, 0x0000000088d00000|  0%| F|  |TAMS 0x0000000088c00000, 0x0000000088c00000| Untracked 
|  95|0x0000000088d00000, 0x0000000088d00000, 0x0000000088e00000|  0%| F|  |TAMS 0x0000000088d00000, 0x0000000088d00000| Untracked 
|  96|0x0000000088e00000, 0x0000000088e00000, 0x0000000088f00000|  0%| F|  |TAMS 0x0000000088e00000, 0x0000000088e00000| Untracked 
|  97|0x0000000088f00000, 0x0000000088f00000, 0x0000000089000000|  0%| F|  |TAMS 0x0000000088f00000, 0x0000000088f00000| Untracked 
|  98|0x0000000089000000, 0x0000000089000000, 0x0000000089100000|  0%| F|  |TAMS 0x0000000089000000, 0x0000000089000000| Untracked 
|  99|0x0000000089100000, 0x0000000089100000, 0x0000000089200000|  0%| F|  |TAMS 0x0000000089100000, 0x0000000089100000| Untracked 
| 100|0x0000000089200000, 0x0000000089200000, 0x0000000089300000|  0%| F|  |TAMS 0x0000000089200000, 0x0000000089200000| Untracked 
| 101|0x0000000089300000, 0x0000000089300000, 0x0000000089400000|  0%| F|  |TAMS 0x0000000089300000, 0x0000000089300000| Untracked 
| 102|0x0000000089400000, 0x0000000089400000, 0x0000000089500000|  0%| F|  |TAMS 0x0000000089400000, 0x0000000089400000| Untracked 
| 103|0x0000000089500000, 0x0000000089500000, 0x0000000089600000|  0%| F|  |TAMS 0x0000000089500000, 0x0000000089500000| Untracked 
| 104|0x0000000089600000, 0x0000000089600000, 0x0000000089700000|  0%| F|  |TAMS 0x0000000089600000, 0x0000000089600000| Untracked 
| 105|0x0000000089700000, 0x0000000089700000, 0x0000000089800000|  0%| F|  |TAMS 0x0000000089700000, 0x0000000089700000| Untracked 
| 106|0x0000000089800000, 0x0000000089800000, 0x0000000089900000|  0%| F|  |TAMS 0x0000000089800000, 0x0000000089800000| Untracked 
| 107|0x0000000089900000, 0x0000000089900000, 0x0000000089a00000|  0%| F|  |TAMS 0x0000000089900000, 0x0000000089900000| Untracked 
| 108|0x0000000089a00000, 0x0000000089a00000, 0x0000000089b00000|  0%| F|  |TAMS 0x0000000089a00000, 0x0000000089a00000| Untracked 
| 109|0x0000000089b00000, 0x0000000089b00000, 0x0000000089c00000|  0%| F|  |TAMS 0x0000000089b00000, 0x0000000089b00000| Untracked 
| 110|0x0000000089c00000, 0x0000000089c00000, 0x0000000089d00000|  0%| F|  |TAMS 0x0000000089c00000, 0x0000000089c00000| Untracked 
| 111|0x0000000089d00000, 0x0000000089d00000, 0x0000000089e00000|  0%| F|  |TAMS 0x0000000089d00000, 0x0000000089d00000| Untracked 
| 112|0x0000000089e00000, 0x0000000089e00000, 0x0000000089f00000|  0%| F|  |TAMS 0x0000000089e00000, 0x0000000089e00000| Untracked 
| 113|0x0000000089f00000, 0x0000000089f00000, 0x000000008a000000|  0%| F|  |TAMS 0x0000000089f00000, 0x0000000089f00000| Untracked 
| 114|0x000000008a000000, 0x000000008a000000, 0x000000008a100000|  0%| F|  |TAMS 0x000000008a000000, 0x000000008a000000| Untracked 
| 115|0x000000008a100000, 0x000000008a100000, 0x000000008a200000|  0%| F|  |TAMS 0x000000008a100000, 0x000000008a100000| Untracked 
| 116|0x000000008a200000, 0x000000008a200000, 0x000000008a300000|  0%| F|  |TAMS 0x000000008a200000, 0x000000008a200000| Untracked 
| 117|0x000000008a300000, 0x000000008a300000, 0x000000008a400000|  0%| F|  |TAMS 0x000000008a300000, 0x000000008a300000| Untracked 
| 118|0x000000008a400000, 0x000000008a400000, 0x000000008a500000|  0%| F|  |TAMS 0x000000008a400000, 0x000000008a400000| Untracked 
| 119|0x000000008a500000, 0x000000008a576448, 0x000000008a600000| 46%| E|  |TAMS 0x000000008a500000, 0x000000008a500000| Complete 
| 120|0x000000008a600000, 0x000000008a700000, 0x000000008a700000|100%| E|CS|TAMS 0x000000008a600000, 0x000000008a600000| Complete 
| 121|0x000000008a700000, 0x000000008a800000, 0x000000008a800000|100%| E|CS|TAMS 0x000000008a700000, 0x000000008a700000| Complete 
| 122|0x000000008a800000, 0x000000008a900000, 0x000000008a900000|100%| E|CS|TAMS 0x000000008a800000, 0x000000008a800000| Complete 
| 123|0x000000008a900000, 0x000000008aa00000, 0x000000008aa00000|100%| E|CS|TAMS 0x000000008a900000, 0x000000008a900000| Complete 
| 124|0x000000008aa00000, 0x000000008ab00000, 0x000000008ab00000|100%| E|CS|TAMS 0x000000008aa00000, 0x000000008aa00000| Complete 
| 125|0x000000008ab00000, 0x000000008ac00000, 0x000000008ac00000|100%| E|CS|TAMS 0x000000008ab00000, 0x000000008ab00000| Complete 

Card table byte_map: [0x000002516cbe0000,0x000002516cfd0000] _byte_map_base: 0x000002516c7c9000

Marking Bits (Prev, Next): (CMBitMap*) 0x0000025155ce0f90, (CMBitMap*) 0x0000025155ce0fd0
 Prev Bits: [0x000002516d3c0000, 0x000002516f308000)
 Next Bits: [0x000002516f310000, 0x0000025171258000)

Polling page: 0x0000025153ac0000

Metaspace:

Usage:
  Non-class:      7.13 MB used.
      Class:    981.45 KB used.
       Both:      8.09 MB used.

Virtual space:
  Non-class space:        8.00 MB reserved,       7.19 MB ( 90%) committed,  1 nodes.
      Class space:        1.00 GB reserved,       1.06 MB ( <1%) committed,  1 nodes.
             Both:        1.01 GB reserved,       8.25 MB ( <1%) committed. 

Chunk freelists:
   Non-Class:  477.00 KB
       Class:  2.99 MB
        Both:  3.46 MB

MaxMetaspaceSize: unlimited
CompressedClassSpaceSize: 1.00 GB
Initial GC threshold: 21.00 MB
Current GC threshold: 21.00 MB
CDS: on
MetaspaceReclaimPolicy: balanced
 - commit_granule_bytes: 65536.
 - commit_granule_words: 8192.
 - virtual_space_node_default_size: 1048576.
 - enlarge_chunks_in_place: 1.
 - new_chunks_are_fully_committed: 0.
 - uncommit_free_chunks: 1.
 - use_allocation_guard: 0.
 - handle_deallocations: 1.


Internal statistics:

num_allocs_failed_limit: 0.
num_arena_births: 106.
num_arena_deaths: 0.
num_vsnodes_births: 2.
num_vsnodes_deaths: 0.
num_space_committed: 132.
num_space_uncommitted: 0.
num_chunks_returned_to_freelist: 0.
num_chunks_taken_from_freelist: 151.
num_chunk_merges: 0.
num_chunk_splits: 85.
num_chunks_enlarged: 32.
num_purges: 0.
num_inconsistent_stats: 0.

CodeHeap 'non-profiled nmethods': size=120000Kb used=200Kb max_used=200Kb free=119799Kb
 bounds [0x0000025164f80000, 0x00000251651f0000, 0x000002516c4b0000]
CodeHeap 'profiled nmethods': size=120000Kb used=1143Kb max_used=1143Kb free=118856Kb
 bounds [0x000002515da50000, 0x000002515dcc0000, 0x0000025164f80000]
CodeHeap 'non-nmethods': size=5760Kb used=1263Kb max_used=1265Kb free=4496Kb
 bounds [0x000002515d4b0000, 0x000002515d720000, 0x000002515da50000]
 total_blobs=1334 nmethods=746 adapters=501
 compilation: enabled
              stopped_count=0, restarted_count=0
 full_count=0

Compilation events (20 events):
Event: 0.440 Thread 0x0000025173c4de10 nmethod 738 0x0000025164fb1b10 code [0x0000025164fb1c80, 0x0000025164fb1cf8]
Event: 0.441 Thread 0x0000025173c567d0 nmethod 730 0x000002515db6a410 code [0x000002515db6a660, 0x000002515db6afa8]
Event: 0.441 Thread 0x0000025173c567d0  732       3       jdk.internal.misc.Unsafe::getCharUnaligned (34 bytes)
Event: 0.441 Thread 0x0000025173c567d0 nmethod 732 0x000002515db6b390 code [0x000002515db6b560, 0x000002515db6b938]
Event: 0.443 Thread 0x0000025173c567d0  739       3       java.nio.channels.spi.AbstractInterruptibleChannel::blockedOn (10 bytes)
Event: 0.443 Thread 0x0000025173c567d0 nmethod 739 0x000002515db6ba90 code [0x000002515db6bc40, 0x000002515db6be68]
Event: 0.444 Thread 0x0000025173c567d0  740       3       java.lang.System$2::blockedOn (5 bytes)
Event: 0.444 Thread 0x0000025173c567d0 nmethod 740 0x000002515db6bf90 code [0x000002515db6c120, 0x000002515db6c268]
Event: 0.444 Thread 0x0000025173c567d0  741   !   3       java.lang.Thread::blockedOn (27 bytes)
Event: 0.444 Thread 0x0000025173c567d0 nmethod 741 0x000002515db6c310 code [0x000002515db6c4c0, 0x000002515db6c718]
Event: 0.448 Thread 0x0000025173c567d0  742       3       sun.nio.ch.FileChannelImpl::ensureOpen (16 bytes)
Event: 0.448 Thread 0x0000025173c567d0 nmethod 742 0x000002515db6c810 code [0x000002515db6c9c0, 0x000002515db6cc48]
Event: 0.448 Thread 0x0000025173c567d0  743       3       sun.nio.ch.FileChannelImpl::beginBlocking (12 bytes)
Event: 0.448 Thread 0x0000025173c567d0 nmethod 743 0x000002515db6cd90 code [0x000002515db6cf40, 0x000002515db6d0a8]
Event: 0.448 Thread 0x0000025173c567d0  744       3       java.nio.channels.spi.AbstractInterruptibleChannel::end (53 bytes)
Event: 0.449 Thread 0x0000025173c567d0 nmethod 744 0x000002515db6d190 code [0x000002515db6d380, 0x000002515db6d8a8]
Event: 0.450 Thread 0x0000025173c567d0  745       1       javax.swing.plaf.synth.SynthContext::getComponentState (5 bytes)
Event: 0.450 Thread 0x0000025173c567d0 nmethod 745 0x0000025164fb1e10 code [0x0000025164fb1fa0, 0x0000025164fb2078]
Event: 0.452 Thread 0x0000025173c567d0  746       3       java.nio.MappedByteBuffer::position (8 bytes)
Event: 0.452 Thread 0x0000025173c567d0 nmethod 746 0x000002515db6da90 code [0x000002515db6dc40, 0x000002515db6dde8]

GC Heap History (0 events):
No events

Deoptimization events (8 events):
Event: 0.338 Thread 0x0000025173c491a0 DEOPT PACKING pc=0x000002515da65367 sp=0x000000793e3fe2e0
Event: 0.338 Thread 0x0000025173c491a0 DEOPT UNPACKING pc=0x000002515d502b43 sp=0x000000793e3fd700 mode 0
Event: 0.389 Thread 0x0000025173c491a0 DEOPT PACKING pc=0x000002515da639d1 sp=0x000000793e3fdf50
Event: 0.389 Thread 0x0000025173c491a0 DEOPT UNPACKING pc=0x000002515d502b43 sp=0x000000793e3fd3c8 mode 0
Event: 0.431 Thread 0x0000025173c491a0 Uncommon trap: trap_request=0xffffff45 fr.pc=0x0000025164faddd4 relative=0x0000000000000494
Event: 0.431 Thread 0x0000025173c491a0 Uncommon trap: reason=unstable_if action=reinterpret pc=0x0000025164faddd4 method=java.lang.StringLatin1.toLowerCase(Ljava/lang/String;[BLjava/util/Locale;)Ljava/lang/String; @ 43 c2
Event: 0.431 Thread 0x0000025173c491a0 DEOPT PACKING pc=0x0000025164faddd4 sp=0x000000793e3fdb20
Event: 0.431 Thread 0x0000025173c491a0 DEOPT UNPACKING pc=0x000002515d5023a3 sp=0x000000793e3fda90 mode 2

Classes unloaded (0 events):
No events

Classes redefined (0 events):
No events

Internal exceptions (20 events):
Event: 0.248 Thread 0x0000025155ca2320 Exception <a 'java/lang/ClassNotFoundException'{0x000000008a774a80}: TextPane> (0x000000008a774a80) 
thrown [t:\workspace\open\src\hotspot\share\classfile\systemDictionary.cpp, line 256]
Event: 0.248 Thread 0x0000025155ca2320 Exception <a 'java/lang/ClassNotFoundException'{0x000000008a774ee8}: EditorPane> (0x000000008a774ee8) 
thrown [t:\workspace\open\src\hotspot\share\classfile\systemDictionary.cpp, line 256]
Event: 0.248 Thread 0x0000025155ca2320 Exception <a 'java/lang/ClassNotFoundException'{0x000000008a775848}: ToolBar> (0x000000008a775848) 
thrown [t:\workspace\open\src\hotspot\share\classfile\systemDictionary.cpp, line 256]
Event: 0.248 Thread 0x0000025155ca2320 Exception <a 'java/lang/ClassNotFoundException'{0x000000008a775d40}: ToolBar> (0x000000008a775d40) 
thrown [t:\workspace\open\src\hotspot\share\classfile\systemDictionary.cpp, line 256]
Event: 0.248 Thread 0x0000025155ca2320 Exception <a 'java/lang/ClassNotFoundException'{0x000000008a7760a0}: Button> (0x000000008a7760a0) 
thrown [t:\workspace\open\src\hotspot\share\classfile\systemDictionary.cpp, line 256]
Event: 0.248 Thread 0x0000025155ca2320 Exception <a 'java/lang/ClassNotFoundException'{0x000000008a776568}: ToolBar> (0x000000008a776568) 
thrown [t:\workspace\open\src\hotspot\share\classfile\systemDictionary.cpp, line 256]
Event: 0.248 Thread 0x0000025155ca2320 Exception <a 'java/lang/ClassNotFoundException'{0x000000008a776b58}: ToggleButton> (0x000000008a776b58) 
thrown [t:\workspace\open\src\hotspot\share\classfile\systemDictionary.cpp, line 256]
Event: 0.248 Thread 0x0000025155ca2320 Exception <a 'java/lang/ClassNotFoundException'{0x000000008a776f98}: javax/swing/JToolBarSeparator> (0x000000008a776f98) 
thrown [t:\workspace\open\src\hotspot\share\classfile\systemDictionary.cpp, line 256]
Event: 0.248 Thread 0x0000025155ca2320 Exception <a 'java/lang/ClassNotFoundException'{0x000000008a7772a0}: ToolBarSeparator> (0x000000008a7772a0) 
thrown [t:\workspace\open\src\hotspot\share\classfile\systemDictionary.cpp, line 256]
Event: 0.248 Thread 0x0000025155ca2320 Exception <a 'java/lang/ClassNotFoundException'{0x000000008a7777b8}: ToolTip> (0x000000008a7777b8) 
thrown [t:\workspace\open\src\hotspot\share\classfile\systemDictionary.cpp, line 256]
Event: 0.249 Thread 0x0000025155ca2320 Exception <a 'java/lang/ClassNotFoundException'{0x000000008a778108}: Tree> (0x000000008a778108) 
thrown [t:\workspace\open\src\hotspot\share\classfile\systemDictionary.cpp, line 256]
Event: 0.249 Thread 0x0000025155ca2320 Exception <a 'java/lang/ClassNotFoundException'{0x000000008a778600}: Tree> (0x000000008a778600) 
thrown [t:\workspace\open\src\hotspot\share\classfile\systemDictionary.cpp, line 256]
Event: 0.249 Thread 0x0000025155ca2320 Exception <a 'java/lang/ClassNotFoundException'{0x000000008a778970}: javax/swing/JTreeCell> (0x000000008a778970) 
thrown [t:\workspace\open\src\hotspot\share\classfile\systemDictionary.cpp, line 256]
Event: 0.249 Thread 0x0000025155ca2320 Exception <a 'java/lang/ClassNotFoundException'{0x000000008a778c70}: TreeCell> (0x000000008a778c70) 
thrown [t:\workspace\open\src\hotspot\share\classfile\systemDictionary.cpp, line 256]
Event: 0.250 Thread 0x0000025155ca2320 Exception <a 'java/lang/ClassNotFoundException'{0x000000008a779430}: RootPane> (0x000000008a779430) 
thrown [t:\workspace\open\src\hotspot\share\classfile\systemDictionary.cpp, line 256]
Event: 0.251 Thread 0x0000025155ca2320 Exception <a 'java/lang/ClassNotFoundException'{0x000000008a77c280}: com/sun/swing/internal/plaf/metal/resources/spi/metalProvider> (0x000000008a77c280) 
thrown [t:\workspace\open\src\hotspot\share\classfile\systemDictionary.cpp, line 256]
Event: 0.252 Thread 0x0000025155ca2320 Exception <a 'java/lang/ClassNotFoundException'{0x000000008a77fe80}: com/sun/swing/internal/plaf/basic/resources/spi/basicProvider> (0x000000008a77fe80) 
thrown [t:\workspace\open\src\hotspot\share\classfile\systemDictionary.cpp, line 256]
Event: 0.317 Thread 0x0000025173c491a0 Exception <a 'java/lang/ClassNotFoundException'{0x000000008a604a50}: com/sun/swing/internal/plaf/synth/resources/spi/synthProvider> (0x000000008a604a50) 
thrown [t:\workspace\open\src\hotspot\share\classfile\systemDictionary.cpp, line 256]
Event: 0.367 Thread 0x0000025173c48330 Exception <a 'java/lang/NoSuchMethodError'{0x000000008a985c90}: 'void java.lang.invoke.DirectMethodHandle$Holder.invokeVirtual(java.lang.Object, java.lang.Object)'> (0x000000008a985c90) 
thrown [t:\workspace\open\src\hotspot\share\interpreter\linkResolver.cpp, line 766]
Event: 0.379 Thread 0x0000025173c491a0 Exception <a 'java/lang/NoSuchMethodError'{0x000000008a6afc48}: 'void java.lang.invoke.DirectMethodHandle$Holder.invokeStaticInit(java.lang.Object)'> (0x000000008a6afc48) 
thrown [t:\workspace\open\src\hotspot\share\interpreter\linkResolver.cpp, line 766]

VM Operations (6 events):
Event: 0.229 Executing VM operation: HandshakeAllThreads
Event: 0.229 Executing VM operation: HandshakeAllThreads done
Event: 0.345 Executing VM operation: HandshakeAllThreads
Event: 0.345 Executing VM operation: HandshakeAllThreads done
Event: 0.347 Executing VM operation: HandshakeAllThreads
Event: 0.347 Executing VM operation: HandshakeAllThreads done

Events (20 events):
Event: 0.441 loading class java/text/CharacterIterator done
Event: 0.441 loading class javax/swing/text/Segment done
Event: 0.441 loading class javax/swing/text/SegmentCache$CachedSegment done
Event: 0.441 loading class javax/swing/text/Utilities
Event: 0.441 loading class javax/swing/text/Utilities done
Event: 0.455 loading class sun/java2d/d3d/D3DSurfaceData
Event: 0.455 loading class sun/java2d/pipe/hw/AccelSurface
Event: 0.455 loading class sun/java2d/pipe/hw/AccelSurface done
Event: 0.455 loading class sun/java2d/d3d/D3DSurfaceData done
Event: 0.455 loading class sun/java2d/d3d/D3DDrawImage
Event: 0.455 loading class sun/java2d/d3d/D3DDrawImage done
Event: 0.455 loading class sun/java2d/d3d/D3DTextRenderer
Event: 0.455 loading class sun/java2d/pipe/BufferedTextPipe
Event: 0.455 loading class sun/java2d/pipe/BufferedTextPipe done
Event: 0.455 loading class sun/java2d/d3d/D3DTextRenderer done
Event: 0.455 loading class sun/java2d/d3d/D3DRenderer
Event: 0.455 loading class sun/java2d/pipe/BufferedRenderPipe
Event: 0.456 loading class sun/java2d/pipe/BufferedRenderPipe done
Event: 0.456 loading class sun/java2d/d3d/D3DRenderer done
Event: 0.456 loading class sun/java2d/pipe/BufferedRenderPipe$AAParallelogramPipe


Dynamic libraries:
0x00007ff7697d0000 - 0x00007ff7697e0000 	C:\Java\jdk-17.0.1\bin\java.exe
0x00007fff81a40000 - 0x00007fff81c47000 	C:\Windows\SYSTEM32\ntdll.dll
0x00007fff80610000 - 0x00007fff806cd000 	C:\Windows\System32\KERNEL32.DLL
0x00007fff7f470000 - 0x00007fff7f7e4000 	C:\Windows\System32\KERNELBASE.dll
0x00007fff7f240000 - 0x00007fff7f351000 	C:\Windows\System32\ucrtbase.dll
0x00007fff47340000 - 0x00007fff4735a000 	C:\Java\jdk-17.0.1\bin\VCRUNTIME140.dll
0x00007fff7a2c0000 - 0x00007fff7a2d8000 	C:\Java\jdk-17.0.1\bin\jli.dll
0x00007fff7fd00000 - 0x00007fff7fdae000 	C:\Windows\System32\ADVAPI32.dll
0x00007fff816b0000 - 0x00007fff81753000 	C:\Windows\System32\msvcrt.dll
0x00007fff81960000 - 0x00007fff819fe000 	C:\Windows\System32\sechost.dll
0x00007fff81770000 - 0x00007fff81890000 	C:\Windows\System32\RPCRT4.dll
0x00007fff7fa60000 - 0x00007fff7fc0c000 	C:\Windows\System32\USER32.dll
0x00007fff7e140000 - 0x00007fff7e3e5000 	C:\Windows\WinSxS\amd64_microsoft.windows.common-controls_6595b64144ccf1df_6.0.22000.120_none_9d947278b86cc467\COMCTL32.dll
0x00007fff7f7f0000 - 0x00007fff7f816000 	C:\Windows\System32\win32u.dll
0x00007fff7fe30000 - 0x00007fff7fe59000 	C:\Windows\System32\GDI32.dll
0x00007fff7ef30000 - 0x00007fff7f042000 	C:\Windows\System32\gdi32full.dll
0x00007fff7f360000 - 0x00007fff7f3fd000 	C:\Windows\System32\msvcp_win.dll
0x00007fff77f80000 - 0x00007fff77f8a000 	C:\Windows\SYSTEM32\VERSION.dll
0x00007fff81920000 - 0x00007fff81951000 	C:\Windows\System32\IMM32.DLL
0x00007fff61ba0000 - 0x00007fff61bac000 	C:\Java\jdk-17.0.1\bin\vcruntime140_1.dll
0x00007fff34d90000 - 0x00007fff34e1d000 	C:\Java\jdk-17.0.1\bin\msvcp140.dll
0x00007fff35160000 - 0x00007fff35d1e000 	C:\Java\jdk-17.0.1\bin\server\jvm.dll
0x00007fff81760000 - 0x00007fff81768000 	C:\Windows\System32\PSAPI.DLL
0x00007fff6c110000 - 0x00007fff6c119000 	C:\Windows\SYSTEM32\WSOCK32.dll
0x00007fff79a10000 - 0x00007fff79a43000 	C:\Windows\SYSTEM32\WINMM.dll
0x00007fff7f9d0000 - 0x00007fff7fa3f000 	C:\Windows\System32\WS2_32.dll
0x00007fff7d970000 - 0x00007fff7d988000 	C:\Windows\SYSTEM32\kernel.appcore.dll
0x00007fff5fb80000 - 0x00007fff5fb8a000 	C:\Java\jdk-17.0.1\bin\jimage.dll
0x00007fff7e7e0000 - 0x00007fff7ea01000 	C:\Windows\SYSTEM32\DBGHELP.DLL
0x00007fff7e520000 - 0x00007fff7e551000 	C:\Windows\SYSTEM32\dbgcore.DLL
0x00007fff7f050000 - 0x00007fff7f0cf000 	C:\Windows\System32\bcryptPrimitives.dll
0x00007fff350f0000 - 0x00007fff35115000 	C:\Java\jdk-17.0.1\bin\java.dll
0x00007fff35010000 - 0x00007fff350e6000 	C:\Java\jdk-17.0.1\bin\svml.dll
0x00007fff7fe60000 - 0x00007fff8060e000 	C:\Windows\System32\SHELL32.dll
0x00007fff7c9e0000 - 0x00007fff7d247000 	C:\Windows\SYSTEM32\windows.storage.dll
0x00007fff80d70000 - 0x00007fff810e8000 	C:\Windows\System32\combase.dll
0x00007fff7c870000 - 0x00007fff7c9d6000 	C:\Windows\SYSTEM32\wintypes.dll
0x00007fff810f0000 - 0x00007fff811da000 	C:\Windows\System32\SHCORE.dll
0x00007fff811e0000 - 0x00007fff8123d000 	C:\Windows\System32\shlwapi.dll
0x00007fff7ee60000 - 0x00007fff7ee81000 	C:\Windows\SYSTEM32\profapi.dll
0x00007fff34ff0000 - 0x00007fff35009000 	C:\Java\jdk-17.0.1\bin\net.dll
0x00007fff792c0000 - 0x00007fff793cc000 	C:\Windows\SYSTEM32\WINHTTP.dll
0x00007fff7dd50000 - 0x00007fff7ddb7000 	C:\Windows\system32\mswsock.dll
0x00007fff34fd0000 - 0x00007fff34fe5000 	C:\Java\jdk-17.0.1\bin\nio.dll
0x00007fff34fb0000 - 0x00007fff34fc8000 	C:\Java\jdk-17.0.1\bin\zip.dll
0x00007fff34e20000 - 0x00007fff34faf000 	C:\Java\jdk-17.0.1\bin\awt.dll
0x00007fff7fc20000 - 0x00007fff7fcf6000 	C:\Windows\System32\OLEAUT32.dll
0x00007fff7bf30000 - 0x00007fff7bfc1000 	C:\Windows\SYSTEM32\apphelp.dll
0x00007fff7c0a0000 - 0x00007fff7c14c000 	C:\Windows\system32\uxtheme.dll
0x00007fff80c50000 - 0x00007fff80d6e000 	C:\Windows\System32\MSCTF.dll
0x00007fff81420000 - 0x00007fff815ba000 	C:\Windows\System32\ole32.dll
0x00007fff7c440000 - 0x00007fff7c46f000 	C:\Windows\system32\DWMAPI.DLL
0x00007fff34b50000 - 0x00007fff34bd9000 	C:\Java\jdk-17.0.1\bin\freetype.dll
0x00007fff34aa0000 - 0x00007fff34b48000 	C:\Java\jdk-17.0.1\bin\fontmanager.dll
0x00007fff34c80000 - 0x00007fff34d81000 	C:\Windows\system32\opengl32.dll
0x00007fff34c50000 - 0x00007fff34c7d000 	C:\Windows\SYSTEM32\GLU32.dll
0x00007fff7c1b0000 - 0x00007fff7c1e8000 	C:\Windows\SYSTEM32\dxcore.dll
0x00007fff738a0000 - 0x00007fff73a46000 	C:\Windows\system32\d3d9.dll
0x00007fff75ac0000 - 0x00007fff75c9b000 	C:\Windows\System32\DriverStore\FileRepository\u0361708.inf_amd64_7de6b99937f60751\B358199\aticfx64.dll
0x00007fff68c20000 - 0x00007fff68c53000 	C:\Windows\System32\DriverStore\FileRepository\u0361708.inf_amd64_7de6b99937f60751\B358199\atiu9p64.dll
0x00007fff1f440000 - 0x00007fff200d6000 	C:\Windows\System32\DriverStore\FileRepository\u0361708.inf_amd64_7de6b99937f60751\B358199\atiumd64.dll
0x0000000066680000 - 0x00000000674fd000 	C:\Windows\System32\DriverStore\FileRepository\u0361708.inf_amd64_7de6b99937f60751\B358199\atiumd6a.dll
0x00007fff7ee00000 - 0x00007fff7ee4d000 	C:\Windows\SYSTEM32\POWRPROF.dll
0x00007fff7ede0000 - 0x00007fff7edf3000 	C:\Windows\SYSTEM32\UMPDC.dll
0x00007fff73190000 - 0x00007fff731bf000 	C:\Windows\SYSTEM32\amdihk64.dll
0x00007fff79490000 - 0x00007fff794d4000 	C:\Windows\SYSTEM32\directxdatabasehelper.dll
0x00007fff7e770000 - 0x00007fff7e7a4000 	C:\Windows\SYSTEM32\ntmarta.dll
0x00007fff80730000 - 0x00007fff807df000 	C:\Windows\System32\clbcatq.dll
0x00007fff771c0000 - 0x00007fff7736e000 	C:\Windows\SYSTEM32\WindowsCodecs.dll
0x00007fff50b10000 - 0x00007fff50b6d000 	C:\Windows\system32\dataexchange.dll
0x00007fff769b0000 - 0x00007fff76c16000 	C:\Windows\system32\twinapi.appcore.dll

dbghelp: loaded successfully - version: 4.0.5 - missing functions: none
symbol engine: initialized successfully - sym options: 0x614 - pdb path: .;C:\Java\jdk-17.0.1\bin;C:\Windows\SYSTEM32;C:\Windows\WinSxS\amd64_microsoft.windows.common-controls_6595b64144ccf1df_6.0.22000.120_none_9d947278b86cc467;C:\Java\jdk-17.0.1\bin\server;C:\Windows\System32\DriverStore\FileRepository\u0361708.inf_amd64_7de6b99937f60751\B358199

VM Arguments:
java_command: returnBook
java_class_path (initial): C:\Users\vinit\Documents\NetBeansProjects\LibraryManagementSystem\target\classes;C:\Users\vinit\.m2\repository\unknown\binary\AbsoluteLayout\SNAPSHOT\AbsoluteLayout-SNAPSHOT.jar;C:\Users\vinit\.m2\repository\mysql\mysql-connector-java\8.0.28\mysql-connector-java-8.0.28.jar;C:\Users\vinit\.m2\repository\com\google\protobuf\protobuf-java\3.11.4\protobuf-java-3.11.4.jar;C:\Users\vinit\.m2\repository\com\toedter\jcalendar\1.3.2\jcalendar-1.3.2.jar
Launcher Type: SUN_STANDARD

[Global flags]
     intx CICompilerCount                          = 4                                         {product} {ergonomic}
     uint ConcGCThreads                            = 2                                         {product} {ergonomic}
     uint G1ConcRefinementThreads                  = 8                                         {product} {ergonomic}
   size_t G1HeapRegionSize                         = 1048576                                   {product} {ergonomic}
    uintx GCDrainStackTargetSize                   = 64                                        {product} {ergonomic}
   size_t InitialHeapSize                          = 132120576                                 {product} {ergonomic}
   size_t MarkStackSize                            = 4194304                                   {product} {ergonomic}
   size_t MaxHeapSize                              = 2099249152                                {product} {ergonomic}
   size_t MaxNewSize                               = 1259339776                                {product} {ergonomic}
   size_t MinHeapDeltaBytes                        = 1048576                                   {product} {ergonomic}
   size_t MinHeapSize                              = 8388608                                   {product} {ergonomic}
    uintx NonNMethodCodeHeapSize                   = 5839372                                {pd product} {ergonomic}
    uintx NonProfiledCodeHeapSize                  = 122909434                              {pd product} {ergonomic}
    uintx ProfiledCodeHeapSize                     = 122909434                              {pd product} {ergonomic}
    uintx ReservedCodeCacheSize                    = 251658240                              {pd product} {ergonomic}
     bool SegmentedCodeCache                       = true                                      {product} {ergonomic}
   size_t SoftMaxHeapSize                          = 2099249152                             {manageable} {ergonomic}
     bool UseCompressedClassPointers               = true                           {product lp64_product} {ergonomic}
     bool UseCompressedOops                        = true                           {product lp64_product} {ergonomic}
     bool UseG1GC                                  = true                                      {product} {ergonomic}
     bool UseLargePagesIndividualAllocation        = false                                  {pd product} {ergonomic}

Logging:
Log output configuration:
 #0: stdout all=warning uptime,level,tags
 #1: stderr all=off uptime,level,tags

Environment Variables:
JAVA_HOME=C:\Java\jdk-17.0.1
PATH=C:\Program Files\Common Files\Oracle\Java\javapath;C:\MinGW\bin;C:\Program Files (x86)\VMware\VMware Workstation\bin\;C:\Program Files (x86)\Common Files\Intel\Shared Libraries\redist\intel64\compiler;C:\Windows\system32;C:\Windows;C:\Windows\System32\Wbem;C:\Windows\System32\WindowsPowerShell\v1.0\;C:\Windows\System32\OpenSSH\;C:\Program Files\Microsoft SQL Server\130\Tools\Binn\;C:\Program Files\Microsoft SQL Server\150\Tools\Binn\;C:\Java\jdk-17.0.1\bin;C:\Program Files\MySQL\MySQL Shell 8.0\bin\;C:\Users\vinit\AppData\Local\Microsoft\WindowsApps;C:\IntelliJ IDEA\bin;;C:\Users\vinit\AppData\Local\GitHubDesktop\bin;C:\Microsoft VS Code\bin
USERNAME=vinit
OS=Windows_NT
PROCESSOR_IDENTIFIER=AMD64 Family 23 Model 24 Stepping 1, AuthenticAMD



---------------  S Y S T E M  ---------------

OS:
 Windows 10 , 64 bit Build 22000 (10.0.22000.434)
OS uptime: 0 days 4:39 hours

CPU: total 8 (initial active 8) (8 cores per cpu, 2 threads per core) family 23 model 24 stepping 1 microcode 0x0, cx8, cmov, fxsr, ht, mmx, 3dnowpref, sse, sse2, sse3, ssse3, sse4a, sse4.1, sse4.2, popcnt, lzcnt, tsc, tscinvbit, avx, avx2, aes, clmul, bmi1, bmi2, adx, sha, fma, vzeroupper, clflush, clflushopt

Memory: 4k page, system-wide physical 8000M (1619M free)
TotalPageFile size 12096M (AvailPageFile size 5M)
current process WorkingSet (physical memory assigned to process): 70M, peak: 70M
current process commit charge ("private bytes"): 240M, peak: 240M

vm_info: Java HotSpot(TM) 64-Bit Server VM (17.0.1+12-LTS-39) for windows-amd64 JRE (17.0.1+12-LTS-39), built on Sep 27 2021 18:41:35 by "mach5one" with MS VC++ 16.8 (VS2019)

END.
