#
# There is insufficient memory for the Java Runtime Environment to continue.
# Native memory allocation (malloc) failed to allocate 589968 bytes for Chunk::new
# Possible reasons:
#   The system is out of physical RAM or swap space
#   The process is running with CompressedOops enabled, and the Java Heap may be blocking the growth of the native heap
# Possible solutions:
#   Reduce memory load on the system
#   Increase physical memory or swap space
#   Check if swap backing store is full
#   Decrease Java heap size (-Xmx/-Xms)
#   Decrease number of Java threads
#   Decrease Java thread stack sizes (-Xss)
#   Set larger code cache with -XX:ReservedCodeCacheSize=
#   JVM is running with Unscaled Compressed Oops mode in which the Java heap is
#     placed in the first 4GB address space. The Java Heap base address is the
#     maximum limit for the native heap growth. Please use -XX:HeapBaseMinAddress
#     to set the Java Heap base and to place the Java Heap above 4GB virtual address.
# This output file may be truncated or incomplete.
#
#  Out of Memory Error (arena.cpp:189), pid=4872, tid=8472
#
# JRE version: Java(TM) SE Runtime Environment (17.0.1+12) (build 17.0.1+12-LTS-39)
# Java VM: Java HotSpot(TM) 64-Bit Server VM (17.0.1+12-LTS-39, mixed mode, sharing, tiered, compressed oops, compressed class ptrs, g1 gc, windows-amd64)
# No core dump will be written. Minidumps are not enabled by default on client versions of Windows
#

---------------  S U M M A R Y ------------

Command Line: -Dclassworlds.conf=C:\NetBeans-12.6\netbeans\java\maven\bin\..\bin\m2.conf -Dmaven.home=C:\NetBeans-12.6\netbeans\java\maven\bin\.. -Dlibrary.jansi.path=C:\NetBeans-12.6\netbeans\java\maven\bin\..\lib\jansi-native -Dmaven.multiModuleProjectDirectory=C:\Users\vinit\Documents\NetBeansProjects\LibraryManagementSystem org.codehaus.plexus.classworlds.launcher.Launcher -DartifactId=jcalendar -DgroupId=com.toedter -Dversion=1.3.2 -Dpackaging=jar -Dfile=C:\Users\vinit\Documents\jarFile\jcalendar-1.3.2.jar -DgeneratePom=false -Dmaven.ext.class.path=C:\NetBeans-12.6\netbeans\java\maven-nblib\netbeans-eventspy.jar -Dfile.encoding=UTF-8 install:install-file

Host: AMD Ryzen 5 3550H with Radeon Vega Mobile Gfx  , 8 cores, 7G,  Windows 10 , 64 bit Build 22000 (10.0.22000.434)
Time: Sun Jan 30 12:02:07 2022 India Standard Time elapsed time: 0.313249 seconds (0d 0h 0m 0s)

---------------  T H R E A D  ---------------

Current thread (0x000002a17f2defc0):  JavaThread "C2 CompilerThread0" daemon [_thread_in_native, id=8472, stack(0x000000e043800000,0x000000e043900000)]


Current CompileTask:
C2:    313  584   !   4       jdk.internal.loader.URLClassPath$JarLoader::getResource (65 bytes)

Stack: [0x000000e043800000,0x000000e043900000]
Native frames: (J=compiled Java code, j=interpreted, Vv=VM code, C=native code)
V  [jvm.dll+0x66fa1a]
V  [jvm.dll+0x7ce5a4]
V  [jvm.dll+0x7cfd4e]
V  [jvm.dll+0x7d03b3]
V  [jvm.dll+0x242b05]
V  [jvm.dll+0xaa05b]
V  [jvm.dll+0xaa5ec]
V  [jvm.dll+0x35fa07]
V  [jvm.dll+0x329f51]
V  [jvm.dll+0x3293fa]
V  [jvm.dll+0x215bf1]
V  [jvm.dll+0x215011]
V  [jvm.dll+0x1a168d]
V  [jvm.dll+0x224848]
V  [jvm.dll+0x2229ac]
V  [jvm.dll+0x78435b]
V  [jvm.dll+0x77e91a]
V  [jvm.dll+0x66e845]
C  [ucrtbase.dll+0x26c0c]
C  [KERNEL32.DLL+0x154e0]
C  [ntdll.dll+0x485b]


---------------  P R O C E S S  ---------------

Threads class SMR info:
_java_thread_list=0x000002a1110c7320, length=12, elements={
0x000002a172343f70, 0x000002a17f2baec0, 0x000002a17f2bb850, 0x000002a17f2d4430,
0x000002a17f2d6910, 0x000002a17f2d6de0, 0x000002a17f2da7b0, 0x000002a17f2defc0,
0x000002a17f2e1590, 0x000002a17f2e9ab0, 0x000002a1110a1000, 0x000002a1110ca730
}

Java Threads: ( => current thread )
  0x000002a172343f70 JavaThread "main" [_thread_in_vm, id=16980, stack(0x000000e042b00000,0x000000e042c00000)]
  0x000002a17f2baec0 JavaThread "Reference Handler" daemon [_thread_blocked, id=19440, stack(0x000000e043200000,0x000000e043300000)]
  0x000002a17f2bb850 JavaThread "Finalizer" daemon [_thread_blocked, id=16724, stack(0x000000e043300000,0x000000e043400000)]
  0x000002a17f2d4430 JavaThread "Signal Dispatcher" daemon [_thread_blocked, id=9336, stack(0x000000e043400000,0x000000e043500000)]
  0x000002a17f2d6910 JavaThread "Attach Listener" daemon [_thread_blocked, id=1492, stack(0x000000e043500000,0x000000e043600000)]
  0x000002a17f2d6de0 JavaThread "Service Thread" daemon [_thread_blocked, id=15992, stack(0x000000e043600000,0x000000e043700000)]
  0x000002a17f2da7b0 JavaThread "Monitor Deflation Thread" daemon [_thread_blocked, id=16404, stack(0x000000e043700000,0x000000e043800000)]
=>0x000002a17f2defc0 JavaThread "C2 CompilerThread0" daemon [_thread_in_native, id=8472, stack(0x000000e043800000,0x000000e043900000)]
  0x000002a17f2e1590 JavaThread "C1 CompilerThread0" daemon [_thread_blocked, id=6004, stack(0x000000e043900000,0x000000e043a00000)]
  0x000002a17f2e9ab0 JavaThread "Sweeper thread" daemon [_thread_blocked, id=15300, stack(0x000000e043a00000,0x000000e043b00000)]
  0x000002a1110a1000 JavaThread "Notification Thread" daemon [_thread_blocked, id=3488, stack(0x000000e043b00000,0x000000e043c00000)]
  0x000002a1110ca730 JavaThread "Common-Cleaner" daemon [_thread_blocked, id=8560, stack(0x000000e043d00000,0x000000e043e00000)]

Other Threads:
  0x000002a17f2b73c0 VMThread "VM Thread" [stack: 0x000000e043100000,0x000000e043200000] [id=10512]
  0x000002a17239b0e0 WatcherThread [stack: 0x000000e043c00000,0x000000e043d00000] [id=4760]
  0x000002a172380d10 GCTaskThread "GC Thread#0" [stack: 0x000000e042c00000,0x000000e042d00000] [id=8920]
  0x000002a1723935d0 ConcurrentGCThread "G1 Main Marker" [stack: 0x000000e042d00000,0x000000e042e00000] [id=18564]
  0x000002a172394f00 ConcurrentGCThread "G1 Conc#0" [stack: 0x000000e042e00000,0x000000e042f00000] [id=18956]
  0x000002a17f180090 ConcurrentGCThread "G1 Refine#0" [stack: 0x000000e042f00000,0x000000e043000000] [id=12976]
  0x000002a17f180370 ConcurrentGCThread "G1 Service" [stack: 0x000000e043000000,0x000000e043100000] [id=16320]

Threads with active compile tasks:
C2 CompilerThread0      327  584   !   4       jdk.internal.loader.URLClassPath$JarLoader::getResource (65 bytes)

VM state: not at safepoint (normal execution)

VM Mutex/Monitor currently owned by a thread:  ([mutex/lock_event])
[0x000002a172340f10] Metaspace_lock - owner thread: 0x000002a172343f70

Heap address: 0x0000000082e00000, size: 2002 MB, Compressed Oops mode: 32-bit

CDS archive(s) mapped at: [0x0000000800000000-0x0000000800bc0000-0x0000000800bc0000), size 12320768, SharedBaseAddress: 0x0000000800000000, ArchiveRelocationMode: 0.
Compressed class space mapped at: 0x0000000800c00000-0x0000000840c00000, reserved size: 1073741824
Narrow klass base: 0x0000000800000000, Narrow klass shift: 0, Narrow klass range: 0x100000000

GC Precious Log:
 CPUs: 8 total, 8 available
 Memory: 8000M
 Large Page Support: Disabled
 NUMA Support: Disabled
 Compressed Oops: Enabled (32-bit)
 Heap Region Size: 1M
 Heap Min Capacity: 8M
 Heap Initial Capacity: 126M
 Heap Max Capacity: 2002M
 Pre-touch: Disabled
 Parallel Workers: 8
 Concurrent Workers: 2
 Concurrent Refinement Workers: 8
 Periodic GC: Disabled

Heap:
 garbage-first heap   total 129024K, used 10240K [0x0000000082e00000, 0x0000000100000000)
  region size 1024K, 11 young (11264K), 0 survivors (0K)
 Metaspace       used 2820K, committed 2944K, reserved 1056768K
  class space    used 275K, committed 384K, reserved 1048576K

Heap Regions: E=young(eden), S=young(survivor), O=old, HS=humongous(starts), HC=humongous(continues), CS=collection set, F=free, OA=open archive, CA=closed archive, TAMS=top-at-mark-start (previous, next)
|   0|0x0000000082e00000, 0x0000000082e00000, 0x0000000082f00000|  0%| F|  |TAMS 0x0000000082e00000, 0x0000000082e00000| Untracked 
|   1|0x0000000082f00000, 0x0000000082f00000, 0x0000000083000000|  0%| F|  |TAMS 0x0000000082f00000, 0x0000000082f00000| Untracked 
|   2|0x0000000083000000, 0x0000000083000000, 0x0000000083100000|  0%| F|  |TAMS 0x0000000083000000, 0x0000000083000000| Untracked 
|   3|0x0000000083100000, 0x0000000083100000, 0x0000000083200000|  0%| F|  |TAMS 0x0000000083100000, 0x0000000083100000| Untracked 
|   4|0x0000000083200000, 0x0000000083200000, 0x0000000083300000|  0%| F|  |TAMS 0x0000000083200000, 0x0000000083200000| Untracked 
|   5|0x0000000083300000, 0x0000000083300000, 0x0000000083400000|  0%| F|  |TAMS 0x0000000083300000, 0x0000000083300000| Untracked 
|   6|0x0000000083400000, 0x0000000083400000, 0x0000000083500000|  0%| F|  |TAMS 0x0000000083400000, 0x0000000083400000| Untracked 
|   7|0x0000000083500000, 0x0000000083500000, 0x0000000083600000|  0%| F|  |TAMS 0x0000000083500000, 0x0000000083500000| Untracked 
|   8|0x0000000083600000, 0x0000000083600000, 0x0000000083700000|  0%| F|  |TAMS 0x0000000083600000, 0x0000000083600000| Untracked 
|   9|0x0000000083700000, 0x0000000083700000, 0x0000000083800000|  0%| F|  |TAMS 0x0000000083700000, 0x0000000083700000| Untracked 
|  10|0x0000000083800000, 0x0000000083800000, 0x0000000083900000|  0%| F|  |TAMS 0x0000000083800000, 0x0000000083800000| Untracked 
|  11|0x0000000083900000, 0x0000000083900000, 0x0000000083a00000|  0%| F|  |TAMS 0x0000000083900000, 0x0000000083900000| Untracked 
|  12|0x0000000083a00000, 0x0000000083a00000, 0x0000000083b00000|  0%| F|  |TAMS 0x0000000083a00000, 0x0000000083a00000| Untracked 
|  13|0x0000000083b00000, 0x0000000083b00000, 0x0000000083c00000|  0%| F|  |TAMS 0x0000000083b00000, 0x0000000083b00000| Untracked 
|  14|0x0000000083c00000, 0x0000000083c00000, 0x0000000083d00000|  0%| F|  |TAMS 0x0000000083c00000, 0x0000000083c00000| Untracked 
|  15|0x0000000083d00000, 0x0000000083d00000, 0x0000000083e00000|  0%| F|  |TAMS 0x0000000083d00000, 0x0000000083d00000| Untracked 
|  16|0x0000000083e00000, 0x0000000083e00000, 0x0000000083f00000|  0%| F|  |TAMS 0x0000000083e00000, 0x0000000083e00000| Untracked 
|  17|0x0000000083f00000, 0x0000000083f00000, 0x0000000084000000|  0%| F|  |TAMS 0x0000000083f00000, 0x0000000083f00000| Untracked 
|  18|0x0000000084000000, 0x0000000084000000, 0x0000000084100000|  0%| F|  |TAMS 0x0000000084000000, 0x0000000084000000| Untracked 
|  19|0x0000000084100000, 0x0000000084100000, 0x0000000084200000|  0%| F|  |TAMS 0x0000000084100000, 0x0000000084100000| Untracked 
|  20|0x0000000084200000, 0x0000000084200000, 0x0000000084300000|  0%| F|  |TAMS 0x0000000084200000, 0x0000000084200000| Untracked 
|  21|0x0000000084300000, 0x0000000084300000, 0x0000000084400000|  0%| F|  |TAMS 0x0000000084300000, 0x0000000084300000| Untracked 
|  22|0x0000000084400000, 0x0000000084400000, 0x0000000084500000|  0%| F|  |TAMS 0x0000000084400000, 0x0000000084400000| Untracked 
|  23|0x0000000084500000, 0x0000000084500000, 0x0000000084600000|  0%| F|  |TAMS 0x0000000084500000, 0x0000000084500000| Untracked 
|  24|0x0000000084600000, 0x0000000084600000, 0x0000000084700000|  0%| F|  |TAMS 0x0000000084600000, 0x0000000084600000| Untracked 
|  25|0x0000000084700000, 0x0000000084700000, 0x0000000084800000|  0%| F|  |TAMS 0x0000000084700000, 0x0000000084700000| Untracked 
|  26|0x0000000084800000, 0x0000000084800000, 0x0000000084900000|  0%| F|  |TAMS 0x0000000084800000, 0x0000000084800000| Untracked 
|  27|0x0000000084900000, 0x0000000084900000, 0x0000000084a00000|  0%| F|  |TAMS 0x0000000084900000, 0x0000000084900000| Untracked 
|  28|0x0000000084a00000, 0x0000000084a00000, 0x0000000084b00000|  0%| F|  |TAMS 0x0000000084a00000, 0x0000000084a00000| Untracked 
|  29|0x0000000084b00000, 0x0000000084b00000, 0x0000000084c00000|  0%| F|  |TAMS 0x0000000084b00000, 0x0000000084b00000| Untracked 
|  30|0x0000000084c00000, 0x0000000084c00000, 0x0000000084d00000|  0%| F|  |TAMS 0x0000000084c00000, 0x0000000084c00000| Untracked 
|  31|0x0000000084d00000, 0x0000000084d00000, 0x0000000084e00000|  0%| F|  |TAMS 0x0000000084d00000, 0x0000000084d00000| Untracked 
|  32|0x0000000084e00000, 0x0000000084e00000, 0x0000000084f00000|  0%| F|  |TAMS 0x0000000084e00000, 0x0000000084e00000| Untracked 
|  33|0x0000000084f00000, 0x0000000084f00000, 0x0000000085000000|  0%| F|  |TAMS 0x0000000084f00000, 0x0000000084f00000| Untracked 
|  34|0x0000000085000000, 0x0000000085000000, 0x0000000085100000|  0%| F|  |TAMS 0x0000000085000000, 0x0000000085000000| Untracked 
|  35|0x0000000085100000, 0x0000000085100000, 0x0000000085200000|  0%| F|  |TAMS 0x0000000085100000, 0x0000000085100000| Untracked 
|  36|0x0000000085200000, 0x0000000085200000, 0x0000000085300000|  0%| F|  |TAMS 0x0000000085200000, 0x0000000085200000| Untracked 
|  37|0x0000000085300000, 0x0000000085300000, 0x0000000085400000|  0%| F|  |TAMS 0x0000000085300000, 0x0000000085300000| Untracked 
|  38|0x0000000085400000, 0x0000000085400000, 0x0000000085500000|  0%| F|  |TAMS 0x0000000085400000, 0x0000000085400000| Untracked 
|  39|0x0000000085500000, 0x0000000085500000, 0x0000000085600000|  0%| F|  |TAMS 0x0000000085500000, 0x0000000085500000| Untracked 
|  40|0x0000000085600000, 0x0000000085600000, 0x0000000085700000|  0%| F|  |TAMS 0x0000000085600000, 0x0000000085600000| Untracked 
|  41|0x0000000085700000, 0x0000000085700000, 0x0000000085800000|  0%| F|  |TAMS 0x0000000085700000, 0x0000000085700000| Untracked 
|  42|0x0000000085800000, 0x0000000085800000, 0x0000000085900000|  0%| F|  |TAMS 0x0000000085800000, 0x0000000085800000| Untracked 
|  43|0x0000000085900000, 0x0000000085900000, 0x0000000085a00000|  0%| F|  |TAMS 0x0000000085900000, 0x0000000085900000| Untracked 
|  44|0x0000000085a00000, 0x0000000085a00000, 0x0000000085b00000|  0%| F|  |TAMS 0x0000000085a00000, 0x0000000085a00000| Untracked 
|  45|0x0000000085b00000, 0x0000000085b00000, 0x0000000085c00000|  0%| F|  |TAMS 0x0000000085b00000, 0x0000000085b00000| Untracked 
|  46|0x0000000085c00000, 0x0000000085c00000, 0x0000000085d00000|  0%| F|  |TAMS 0x0000000085c00000, 0x0000000085c00000| Untracked 
|  47|0x0000000085d00000, 0x0000000085d00000, 0x0000000085e00000|  0%| F|  |TAMS 0x0000000085d00000, 0x0000000085d00000| Untracked 
|  48|0x0000000085e00000, 0x0000000085e00000, 0x0000000085f00000|  0%| F|  |TAMS 0x0000000085e00000, 0x0000000085e00000| Untracked 
|  49|0x0000000085f00000, 0x0000000085f00000, 0x0000000086000000|  0%| F|  |TAMS 0x0000000085f00000, 0x0000000085f00000| Untracked 
|  50|0x0000000086000000, 0x0000000086000000, 0x0000000086100000|  0%| F|  |TAMS 0x0000000086000000, 0x0000000086000000| Untracked 
|  51|0x0000000086100000, 0x0000000086100000, 0x0000000086200000|  0%| F|  |TAMS 0x0000000086100000, 0x0000000086100000| Untracked 
|  52|0x0000000086200000, 0x0000000086200000, 0x0000000086300000|  0%| F|  |TAMS 0x0000000086200000, 0x0000000086200000| Untracked 
|  53|0x0000000086300000, 0x0000000086300000, 0x0000000086400000|  0%| F|  |TAMS 0x0000000086300000, 0x0000000086300000| Untracked 
|  54|0x0000000086400000, 0x0000000086400000, 0x0000000086500000|  0%| F|  |TAMS 0x0000000086400000, 0x0000000086400000| Untracked 
|  55|0x0000000086500000, 0x0000000086500000, 0x0000000086600000|  0%| F|  |TAMS 0x0000000086500000, 0x0000000086500000| Untracked 
|  56|0x0000000086600000, 0x0000000086600000, 0x0000000086700000|  0%| F|  |TAMS 0x0000000086600000, 0x0000000086600000| Untracked 
|  57|0x0000000086700000, 0x0000000086700000, 0x0000000086800000|  0%| F|  |TAMS 0x0000000086700000, 0x0000000086700000| Untracked 
|  58|0x0000000086800000, 0x0000000086800000, 0x0000000086900000|  0%| F|  |TAMS 0x0000000086800000, 0x0000000086800000| Untracked 
|  59|0x0000000086900000, 0x0000000086900000, 0x0000000086a00000|  0%| F|  |TAMS 0x0000000086900000, 0x0000000086900000| Untracked 
|  60|0x0000000086a00000, 0x0000000086a00000, 0x0000000086b00000|  0%| F|  |TAMS 0x0000000086a00000, 0x0000000086a00000| Untracked 
|  61|0x0000000086b00000, 0x0000000086b00000, 0x0000000086c00000|  0%| F|  |TAMS 0x0000000086b00000, 0x0000000086b00000| Untracked 
|  62|0x0000000086c00000, 0x0000000086c00000, 0x0000000086d00000|  0%| F|  |TAMS 0x0000000086c00000, 0x0000000086c00000| Untracked 
|  63|0x0000000086d00000, 0x0000000086d00000, 0x0000000086e00000|  0%| F|  |TAMS 0x0000000086d00000, 0x0000000086d00000| Untracked 
|  64|0x0000000086e00000, 0x0000000086e00000, 0x0000000086f00000|  0%| F|  |TAMS 0x0000000086e00000, 0x0000000086e00000| Untracked 
|  65|0x0000000086f00000, 0x0000000086f00000, 0x0000000087000000|  0%| F|  |TAMS 0x0000000086f00000, 0x0000000086f00000| Untracked 
|  66|0x0000000087000000, 0x0000000087000000, 0x0000000087100000|  0%| F|  |TAMS 0x0000000087000000, 0x0000000087000000| Untracked 
|  67|0x0000000087100000, 0x0000000087100000, 0x0000000087200000|  0%| F|  |TAMS 0x0000000087100000, 0x0000000087100000| Untracked 
|  68|0x0000000087200000, 0x0000000087200000, 0x0000000087300000|  0%| F|  |TAMS 0x0000000087200000, 0x0000000087200000| Untracked 
|  69|0x0000000087300000, 0x0000000087300000, 0x0000000087400000|  0%| F|  |TAMS 0x0000000087300000, 0x0000000087300000| Untracked 
|  70|0x0000000087400000, 0x0000000087400000, 0x0000000087500000|  0%| F|  |TAMS 0x0000000087400000, 0x0000000087400000| Untracked 
|  71|0x0000000087500000, 0x0000000087500000, 0x0000000087600000|  0%| F|  |TAMS 0x0000000087500000, 0x0000000087500000| Untracked 
|  72|0x0000000087600000, 0x0000000087600000, 0x0000000087700000|  0%| F|  |TAMS 0x0000000087600000, 0x0000000087600000| Untracked 
|  73|0x0000000087700000, 0x0000000087700000, 0x0000000087800000|  0%| F|  |TAMS 0x0000000087700000, 0x0000000087700000| Untracked 
|  74|0x0000000087800000, 0x0000000087800000, 0x0000000087900000|  0%| F|  |TAMS 0x0000000087800000, 0x0000000087800000| Untracked 
|  75|0x0000000087900000, 0x0000000087900000, 0x0000000087a00000|  0%| F|  |TAMS 0x0000000087900000, 0x0000000087900000| Untracked 
|  76|0x0000000087a00000, 0x0000000087a00000, 0x0000000087b00000|  0%| F|  |TAMS 0x0000000087a00000, 0x0000000087a00000| Untracked 
|  77|0x0000000087b00000, 0x0000000087b00000, 0x0000000087c00000|  0%| F|  |TAMS 0x0000000087b00000, 0x0000000087b00000| Untracked 
|  78|0x0000000087c00000, 0x0000000087c00000, 0x0000000087d00000|  0%| F|  |TAMS 0x0000000087c00000, 0x0000000087c00000| Untracked 
|  79|0x0000000087d00000, 0x0000000087d00000, 0x0000000087e00000|  0%| F|  |TAMS 0x0000000087d00000, 0x0000000087d00000| Untracked 
|  80|0x0000000087e00000, 0x0000000087e00000, 0x0000000087f00000|  0%| F|  |TAMS 0x0000000087e00000, 0x0000000087e00000| Untracked 
|  81|0x0000000087f00000, 0x0000000087f00000, 0x0000000088000000|  0%| F|  |TAMS 0x0000000087f00000, 0x0000000087f00000| Untracked 
|  82|0x0000000088000000, 0x0000000088000000, 0x0000000088100000|  0%| F|  |TAMS 0x0000000088000000, 0x0000000088000000| Untracked 
|  83|0x0000000088100000, 0x0000000088100000, 0x0000000088200000|  0%| F|  |TAMS 0x0000000088100000, 0x0000000088100000| Untracked 
|  84|0x0000000088200000, 0x0000000088200000, 0x0000000088300000|  0%| F|  |TAMS 0x0000000088200000, 0x0000000088200000| Untracked 
|  85|0x0000000088300000, 0x0000000088300000, 0x0000000088400000|  0%| F|  |TAMS 0x0000000088300000, 0x0000000088300000| Untracked 
|  86|0x0000000088400000, 0x0000000088400000, 0x0000000088500000|  0%| F|  |TAMS 0x0000000088400000, 0x0000000088400000| Untracked 
|  87|0x0000000088500000, 0x0000000088500000, 0x0000000088600000|  0%| F|  |TAMS 0x0000000088500000, 0x0000000088500000| Untracked 
|  88|0x0000000088600000, 0x0000000088600000, 0x0000000088700000|  0%| F|  |TAMS 0x0000000088600000, 0x0000000088600000| Untracked 
|  89|0x0000000088700000, 0x0000000088700000, 0x0000000088800000|  0%| F|  |TAMS 0x0000000088700000, 0x0000000088700000| Untracked 
|  90|0x0000000088800000, 0x0000000088800000, 0x0000000088900000|  0%| F|  |TAMS 0x0000000088800000, 0x0000000088800000| Untracked 
|  91|0x0000000088900000, 0x0000000088900000, 0x0000000088a00000|  0%| F|  |TAMS 0x0000000088900000, 0x0000000088900000| Untracked 
|  92|0x0000000088a00000, 0x0000000088a00000, 0x0000000088b00000|  0%| F|  |TAMS 0x0000000088a00000, 0x0000000088a00000| Untracked 
|  93|0x0000000088b00000, 0x0000000088b00000, 0x0000000088c00000|  0%| F|  |TAMS 0x0000000088b00000, 0x0000000088b00000| Untracked 
|  94|0x0000000088c00000, 0x0000000088c00000, 0x0000000088d00000|  0%| F|  |TAMS 0x0000000088c00000, 0x0000000088c00000| Untracked 
|  95|0x0000000088d00000, 0x0000000088d00000, 0x0000000088e00000|  0%| F|  |TAMS 0x0000000088d00000, 0x0000000088d00000| Untracked 
|  96|0x0000000088e00000, 0x0000000088e00000, 0x0000000088f00000|  0%| F|  |TAMS 0x0000000088e00000, 0x0000000088e00000| Untracked 
|  97|0x0000000088f00000, 0x0000000088f00000, 0x0000000089000000|  0%| F|  |TAMS 0x0000000088f00000, 0x0000000088f00000| Untracked 
|  98|0x0000000089000000, 0x0000000089000000, 0x0000000089100000|  0%| F|  |TAMS 0x0000000089000000, 0x0000000089000000| Untracked 
|  99|0x0000000089100000, 0x0000000089100000, 0x0000000089200000|  0%| F|  |TAMS 0x0000000089100000, 0x0000000089100000| Untracked 
| 100|0x0000000089200000, 0x0000000089200000, 0x0000000089300000|  0%| F|  |TAMS 0x0000000089200000, 0x0000000089200000| Untracked 
| 101|0x0000000089300000, 0x0000000089300000, 0x0000000089400000|  0%| F|  |TAMS 0x0000000089300000, 0x0000000089300000| Untracked 
| 102|0x0000000089400000, 0x0000000089400000, 0x0000000089500000|  0%| F|  |TAMS 0x0000000089400000, 0x0000000089400000| Untracked 
| 103|0x0000000089500000, 0x0000000089500000, 0x0000000089600000|  0%| F|  |TAMS 0x0000000089500000, 0x0000000089500000| Untracked 
| 104|0x0000000089600000, 0x0000000089600000, 0x0000000089700000|  0%| F|  |TAMS 0x0000000089600000, 0x0000000089600000| Untracked 
| 105|0x0000000089700000, 0x0000000089700000, 0x0000000089800000|  0%| F|  |TAMS 0x0000000089700000, 0x0000000089700000| Untracked 
| 106|0x0000000089800000, 0x0000000089800000, 0x0000000089900000|  0%| F|  |TAMS 0x0000000089800000, 0x0000000089800000| Untracked 
| 107|0x0000000089900000, 0x0000000089900000, 0x0000000089a00000|  0%| F|  |TAMS 0x0000000089900000, 0x0000000089900000| Untracked 
| 108|0x0000000089a00000, 0x0000000089a00000, 0x0000000089b00000|  0%| F|  |TAMS 0x0000000089a00000, 0x0000000089a00000| Untracked 
| 109|0x0000000089b00000, 0x0000000089b00000, 0x0000000089c00000|  0%| F|  |TAMS 0x0000000089b00000, 0x0000000089b00000| Untracked 
| 110|0x0000000089c00000, 0x0000000089c00000, 0x0000000089d00000|  0%| F|  |TAMS 0x0000000089c00000, 0x0000000089c00000| Untracked 
| 111|0x0000000089d00000, 0x0000000089d00000, 0x0000000089e00000|  0%| F|  |TAMS 0x0000000089d00000, 0x0000000089d00000| Untracked 
| 112|0x0000000089e00000, 0x0000000089e00000, 0x0000000089f00000|  0%| F|  |TAMS 0x0000000089e00000, 0x0000000089e00000| Untracked 
| 113|0x0000000089f00000, 0x0000000089f00000, 0x000000008a000000|  0%| F|  |TAMS 0x0000000089f00000, 0x0000000089f00000| Untracked 
| 114|0x000000008a000000, 0x000000008a000000, 0x000000008a100000|  0%| F|  |TAMS 0x000000008a000000, 0x000000008a000000| Untracked 
| 115|0x000000008a100000, 0x000000008a200000, 0x000000008a200000|100%| E|  |TAMS 0x000000008a100000, 0x000000008a100000| Complete 
| 116|0x000000008a200000, 0x000000008a300000, 0x000000008a300000|100%| E|CS|TAMS 0x000000008a200000, 0x000000008a200000| Complete 
| 117|0x000000008a300000, 0x000000008a400000, 0x000000008a400000|100%| E|CS|TAMS 0x000000008a300000, 0x000000008a300000| Complete 
| 118|0x000000008a400000, 0x000000008a500000, 0x000000008a500000|100%| E|CS|TAMS 0x000000008a400000, 0x000000008a400000| Complete 
| 119|0x000000008a500000, 0x000000008a600000, 0x000000008a600000|100%| E|CS|TAMS 0x000000008a500000, 0x000000008a500000| Complete 
| 120|0x000000008a600000, 0x000000008a700000, 0x000000008a700000|100%| E|CS|TAMS 0x000000008a600000, 0x000000008a600000| Complete 
| 121|0x000000008a700000, 0x000000008a800000, 0x000000008a800000|100%| E|CS|TAMS 0x000000008a700000, 0x000000008a700000| Complete 
| 122|0x000000008a800000, 0x000000008a900000, 0x000000008a900000|100%| E|CS|TAMS 0x000000008a800000, 0x000000008a800000| Complete 
| 123|0x000000008a900000, 0x000000008aa00000, 0x000000008aa00000|100%| E|CS|TAMS 0x000000008a900000, 0x000000008a900000| Complete 
| 124|0x000000008aa00000, 0x000000008ab00000, 0x000000008ab00000|100%| E|CS|TAMS 0x000000008aa00000, 0x000000008aa00000| Complete 
| 125|0x000000008ab00000, 0x000000008ac00000, 0x000000008ac00000|100%| E|CS|TAMS 0x000000008ab00000, 0x000000008ab00000| Complete 

Card table byte_map: [0x000002a17a270000,0x000002a17a660000] _byte_map_base: 0x000002a179e59000

Marking Bits (Prev, Next): (CMBitMap*) 0x000002a172381240, (CMBitMap*) 0x000002a172381280
 Prev Bits: [0x000002a17aa50000, 0x000002a17c998000)
 Next Bits: [0x000002a17c9a0000, 0x000002a17e8e8000)

Polling page: 0x000002a170360000

Metaspace:

Usage:
  Non-class:      2.49 MB used.
      Class:    275.16 KB used.
       Both:      2.75 MB used.

Virtual space:
  Non-class space:        8.00 MB reserved,       2.50 MB ( 31%) committed,  1 nodes.
      Class space:        1.00 GB reserved,     384.00 KB ( <1%) committed,  1 nodes.
             Both:        1.01 GB reserved,       2.88 MB ( <1%) committed. 

Chunk freelists:
   Non-Class:  2.55 MB
       Class:  3.55 MB
        Both:  6.09 MB

MaxMetaspaceSize: unlimited
CompressedClassSpaceSize: 1.00 GB
Initial GC threshold: 21.00 MB
Current GC threshold: 21.00 MB
CDS: on
MetaspaceReclaimPolicy: balanced
 - commit_granule_bytes: 65536.
 - commit_granule_words: 8192.
 - virtual_space_node_default_size: 1048576.
 - enlarge_chunks_in_place: 1.
 - new_chunks_are_fully_committed: 0.
 - uncommit_free_chunks: 1.
 - use_allocation_guard: 0.
 - handle_deallocations: 1.


Internal statistics:

num_allocs_failed_limit: 0.
num_arena_births: 12.
num_arena_deaths: 0.
num_vsnodes_births: 2.
num_vsnodes_deaths: 0.
num_space_committed: 46.
num_space_uncommitted: 0.
num_chunks_returned_to_freelist: 0.
num_chunks_taken_from_freelist: 91.
num_chunk_merges: 0.
num_chunk_splits: 62.
num_chunks_enlarged: 52.
num_purges: 0.
num_inconsistent_stats: 0.

CodeHeap 'non-profiled nmethods': size=120000Kb used=175Kb max_used=175Kb free=119824Kb
 bounds [0x000002a107ad0000, 0x000002a107d40000, 0x000002a10f000000]
CodeHeap 'profiled nmethods': size=120000Kb used=1224Kb max_used=1224Kb free=118775Kb
 bounds [0x000002a1005a0000, 0x000002a100810000, 0x000002a107ad0000]
CodeHeap 'non-nmethods': size=5760Kb used=1140Kb max_used=1148Kb free=4619Kb
 bounds [0x000002a100000000, 0x000002a100270000, 0x000002a1005a0000]
 total_blobs=1072 nmethods=646 adapters=339
 compilation: enabled
              stopped_count=0, restarted_count=0
 full_count=0

Compilation events (20 events):
Event: 0.305 Thread 0x000002a17f2e1590  638       3       java.util.TreeMap$PrivateEntryIterator::<init> (28 bytes)
Event: 0.305 Thread 0x000002a17f2e1590 nmethod 638 0x000002a1006cb290 code [0x000002a1006cb440, 0x000002a1006cb698]
Event: 0.306 Thread 0x000002a17f2e1590  639   !   3       java.lang.ClassLoader::loadClass (121 bytes)
Event: 0.307 Thread 0x000002a17f2e1590 nmethod 639 0x000002a1006cb790 code [0x000002a1006cba40, 0x000002a1006cc708]
Event: 0.307 Thread 0x000002a17f2e1590  640       3       org.codehaus.plexus.classworlds.realm.ClassRealm::findClass (9 bytes)
Event: 0.307 Thread 0x000002a17f2e1590 nmethod 640 0x000002a1006ccd90 code [0x000002a1006ccf20, 0x000002a1006cd0a8]
Event: 0.307 Thread 0x000002a17f2e1590  641   !   3       org.codehaus.plexus.classworlds.realm.ClassRealm::loadClassFromImport (21 bytes)
Event: 0.307 Thread 0x000002a17f2e1590 nmethod 641 0x000002a1006cd190 code [0x000002a1006cd360, 0x000002a1006cd638]
Event: 0.307 Thread 0x000002a17f2e1590  642       3       java.security.AccessController::checkContext (49 bytes)
Event: 0.307 Thread 0x000002a17f2e1590 nmethod 642 0x000002a1006cd790 code [0x000002a1006cd9a0, 0x000002a1006ce098]
Event: 0.307 Thread 0x000002a17f2e1590  643       3       java.security.SecureClassLoader$CodeSourceKey::equals (60 bytes)
Event: 0.308 Thread 0x000002a17f2e1590 nmethod 643 0x000002a1006ce310 code [0x000002a1006ce500, 0x000002a1006ceb98]
Event: 0.308 Thread 0x000002a17f2e1590  644       3       java.security.CodeSource::matchCerts (254 bytes)
Event: 0.308 Thread 0x000002a17f2e1590 nmethod 644 0x000002a1006ced90 code [0x000002a1006cf000, 0x000002a1006cfb98]
Event: 0.308 Thread 0x000002a17f2e1590  645       3       java.util.zip.ZipUtils::LOCSIG (6 bytes)
Event: 0.309 Thread 0x000002a17f2e1590 nmethod 645 0x000002a1006cff90 code [0x000002a1006d0140, 0x000002a1006d0418]
Event: 0.310 Thread 0x000002a17f2e1590  647   !   3       jdk.internal.loader.URLClassPath$JarLoader::checkResource (78 bytes)
Event: 0.310 Thread 0x000002a17f2e1590 nmethod 647 0x000002a1006d0590 code [0x000002a1006d07e0, 0x000002a1006d1208]
Event: 0.311 Thread 0x000002a17f2e1590  648       3       org.codehaus.plexus.classworlds.strategy.SelfFirstStrategy::loadClass (50 bytes)
Event: 0.312 Thread 0x000002a17f2e1590 nmethod 648 0x000002a1006d1690 code [0x000002a1006d18c0, 0x000002a1006d1fd8]

GC Heap History (0 events):
No events

Deoptimization events (12 events):
Event: 0.114 Thread 0x000002a172343f70 Uncommon trap: trap_request=0xffffff45 fr.pc=0x000002a107ad9f64 relative=0x0000000000000064
Event: 0.114 Thread 0x000002a172343f70 Uncommon trap: reason=unstable_if action=reinterpret pc=0x000002a107ad9f64 method=java.io.WinNTFileSystem.isSlash(C)Z @ 9 c2
Event: 0.114 Thread 0x000002a172343f70 DEOPT PACKING pc=0x000002a107ad9f64 sp=0x000000e042bfe680
Event: 0.114 Thread 0x000002a172343f70 DEOPT UNPACKING pc=0x000002a1000523a3 sp=0x000000e042bfe608 mode 2
Event: 0.251 Thread 0x000002a172343f70 Uncommon trap: trap_request=0xffffff45 fr.pc=0x000002a107ada61c relative=0x00000000000003fc
Event: 0.251 Thread 0x000002a172343f70 Uncommon trap: reason=unstable_if action=reinterpret pc=0x000002a107ada61c method=java.lang.StringLatin1.canEncode(I)Z @ 4 c2
Event: 0.251 Thread 0x000002a172343f70 DEOPT PACKING pc=0x000002a107ada61c sp=0x000000e042bfdee0
Event: 0.251 Thread 0x000002a172343f70 DEOPT UNPACKING pc=0x000002a1000523a3 sp=0x000000e042bfde08 mode 2
Event: 0.251 Thread 0x000002a172343f70 Uncommon trap: trap_request=0xffffff45 fr.pc=0x000002a107af47dc relative=0x000000000000005c
Event: 0.251 Thread 0x000002a172343f70 Uncommon trap: reason=unstable_if action=reinterpret pc=0x000002a107af47dc method=java.lang.AbstractStringBuilder.isLatin1()Z @ 10 c2
Event: 0.251 Thread 0x000002a172343f70 DEOPT PACKING pc=0x000002a107af47dc sp=0x000000e042bfdeb0
Event: 0.251 Thread 0x000002a172343f70 DEOPT UNPACKING pc=0x000002a1000523a3 sp=0x000000e042bfde40 mode 2

Classes unloaded (0 events):
No events

Classes redefined (0 events):
No events

Internal exceptions (0 events):
No events

VM Operations (8 events):
Event: 0.056 Executing VM operation: HandshakeAllThreads
Event: 0.057 Executing VM operation: HandshakeAllThreads done
Event: 0.132 Executing VM operation: HandshakeAllThreads
Event: 0.132 Executing VM operation: HandshakeAllThreads done
Event: 0.162 Executing VM operation: HandshakeAllThreads
Event: 0.162 Executing VM operation: HandshakeAllThreads done
Event: 0.219 Executing VM operation: HandshakeAllThreads
Event: 0.219 Executing VM operation: HandshakeAllThreads done

Events (20 events):
Event: 0.217 loading class java/util/concurrent/atomic/AtomicReference
Event: 0.217 loading class java/util/concurrent/atomic/AtomicReference done
Event: 0.224 loading class java/text/ParseException
Event: 0.224 loading class java/text/ParseException done
Event: 0.227 loading class sun/util/calendar/ZoneInfoFile$Checksum
Event: 0.227 loading class sun/util/calendar/ZoneInfoFile$Checksum done
Event: 0.229 loading class jdk/internal/module/ModulePatcher$PatchedModuleReader
Event: 0.230 loading class jdk/internal/module/ModulePatcher$PatchedModuleReader done
Event: 0.230 loading class sun/net/www/protocol/jrt/Handler
Event: 0.230 loading class sun/net/www/protocol/jrt/Handler done
Event: 0.250 loading class sun/text/resources/cldr/FormatData_en
Event: 0.250 loading class sun/text/resources/cldr/FormatData_en done
Event: 0.250 loading class sun/text/resources/cldr/FormatData_en_US
Event: 0.250 loading class sun/text/resources/cldr/FormatData_en_US done
Event: 0.278 loading class java/lang/ArrayIndexOutOfBoundsException
Event: 0.278 loading class java/lang/ArrayIndexOutOfBoundsException done
Event: 0.281 loading class java/io/FilterReader
Event: 0.281 loading class java/io/FilterReader done
Event: 0.307 loading class java/util/NoSuchElementException
Event: 0.307 loading class java/util/NoSuchElementException done


Dynamic libraries:
0x00007ff69ed20000 - 0x00007ff69ed30000 	C:\Java\jdk-17.0.1\bin\java.exe
0x00007ffa7fa40000 - 0x00007ffa7fc47000 	C:\Windows\SYSTEM32\ntdll.dll
0x00007ffa7e2d0000 - 0x00007ffa7e38d000 	C:\Windows\System32\KERNEL32.DLL
0x00007ffa7d120000 - 0x00007ffa7d494000 	C:\Windows\System32\KERNELBASE.dll
0x00007ffa7d540000 - 0x00007ffa7d651000 	C:\Windows\System32\ucrtbase.dll
0x00007ffa77780000 - 0x00007ffa77798000 	C:\Java\jdk-17.0.1\bin\jli.dll
0x00007ffa59d80000 - 0x00007ffa59d9a000 	C:\Java\jdk-17.0.1\bin\VCRUNTIME140.dll
0x00007ffa7f620000 - 0x00007ffa7f6ce000 	C:\Windows\System32\ADVAPI32.dll
0x00007ffa7f540000 - 0x00007ffa7f5e3000 	C:\Windows\System32\msvcrt.dll
0x00007ffa7e230000 - 0x00007ffa7e2ce000 	C:\Windows\System32\sechost.dll
0x00007ffa7e5c0000 - 0x00007ffa7e6e0000 	C:\Windows\System32\RPCRT4.dll
0x00007ffa7e3f0000 - 0x00007ffa7e59c000 	C:\Windows\System32\USER32.dll
0x00007ffa7d780000 - 0x00007ffa7d7a6000 	C:\Windows\System32\win32u.dll
0x00007ffa68eb0000 - 0x00007ffa69155000 	C:\Windows\WinSxS\amd64_microsoft.windows.common-controls_6595b64144ccf1df_6.0.22000.120_none_9d947278b86cc467\COMCTL32.dll
0x00007ffa7f5f0000 - 0x00007ffa7f619000 	C:\Windows\System32\GDI32.dll
0x00007ffa7d660000 - 0x00007ffa7d772000 	C:\Windows\System32\gdi32full.dll
0x00007ffa7d4a0000 - 0x00007ffa7d53d000 	C:\Windows\System32\msvcp_win.dll
0x00007ffa767c0000 - 0x00007ffa767ca000 	C:\Windows\SYSTEM32\VERSION.dll
0x00007ffa7de60000 - 0x00007ffa7de91000 	C:\Windows\System32\IMM32.DLL
0x00007ffa68e70000 - 0x00007ffa68e7c000 	C:\Java\jdk-17.0.1\bin\vcruntime140_1.dll
0x00007ffa30830000 - 0x00007ffa308bd000 	C:\Java\jdk-17.0.1\bin\msvcp140.dll
0x00007ffa2d810000 - 0x00007ffa2e3ce000 	C:\Java\jdk-17.0.1\bin\server\jvm.dll
0x00007ffa7e220000 - 0x00007ffa7e228000 	C:\Windows\System32\PSAPI.DLL
0x00007ffa6aea0000 - 0x00007ffa6aea9000 	C:\Windows\SYSTEM32\WSOCK32.dll
0x00007ffa786a0000 - 0x00007ffa786d3000 	C:\Windows\SYSTEM32\WINMM.dll
0x00007ffa7f4d0000 - 0x00007ffa7f53f000 	C:\Windows\System32\WS2_32.dll
0x00007ffa7c030000 - 0x00007ffa7c048000 	C:\Windows\SYSTEM32\kernel.appcore.dll
0x00007ffa659a0000 - 0x00007ffa659aa000 	C:\Java\jdk-17.0.1\bin\jimage.dll
0x00007ffa71e90000 - 0x00007ffa720b1000 	C:\Windows\SYSTEM32\DBGHELP.DLL
0x00007ffa71e50000 - 0x00007ffa71e81000 	C:\Windows\SYSTEM32\dbgcore.DLL
0x00007ffa7cf30000 - 0x00007ffa7cfaf000 	C:\Windows\System32\bcryptPrimitives.dll
0x00007ffa31300000 - 0x00007ffa31325000 	C:\Java\jdk-17.0.1\bin\java.dll
0x00007ffa31220000 - 0x00007ffa312f6000 	C:\Java\jdk-17.0.1\bin\svml.dll
0x00007ffa7eb60000 - 0x00007ffa7f30e000 	C:\Windows\System32\SHELL32.dll
0x00007ffa7b0a0000 - 0x00007ffa7b907000 	C:\Windows\SYSTEM32\windows.storage.dll
0x00007ffa7d8e0000 - 0x00007ffa7dc58000 	C:\Windows\System32\combase.dll
0x00007ffa7af30000 - 0x00007ffa7b096000 	C:\Windows\SYSTEM32\wintypes.dll
0x00007ffa7f900000 - 0x00007ffa7f9ea000 	C:\Windows\System32\SHCORE.dll
0x00007ffa7e390000 - 0x00007ffa7e3ed000 	C:\Windows\System32\shlwapi.dll
0x00007ffa7ce60000 - 0x00007ffa7ce81000 	C:\Windows\SYSTEM32\profapi.dll
0x00007ffa59740000 - 0x00007ffa59759000 	C:\Java\jdk-17.0.1\bin\net.dll
0x00007ffa77e30000 - 0x00007ffa77f3c000 	C:\Windows\SYSTEM32\WINHTTP.dll
0x00007ffa7c460000 - 0x00007ffa7c4c7000 	C:\Windows\system32\mswsock.dll
0x00007ffa4b010000 - 0x00007ffa4b025000 	C:\Java\jdk-17.0.1\bin\nio.dll
0x00007ffa49ae0000 - 0x00007ffa49af8000 	C:\Java\jdk-17.0.1\bin\zip.dll
0x00007ffa64fe0000 - 0x00007ffa64ff0000 	C:\Java\jdk-17.0.1\bin\verify.dll
0x00007ffa75120000 - 0x00007ffa7512a000 	C:\NetBeans-12.6\netbeans\java\maven\lib\jansi-native\windows64\jansi.dll

dbghelp: loaded successfully - version: 4.0.5 - missing functions: none
symbol engine: initialized successfully - sym options: 0x614 - pdb path: .;C:\Java\jdk-17.0.1\bin;C:\Windows\SYSTEM32;C:\Windows\WinSxS\amd64_microsoft.windows.common-controls_6595b64144ccf1df_6.0.22000.120_none_9d947278b86cc467;C:\Java\jdk-17.0.1\bin\server;C:\NetBeans-12.6\netbeans\java\maven\lib\jansi-native\windows64

VM Arguments:
jvm_args: -Dclassworlds.conf=C:\NetBeans-12.6\netbeans\java\maven\bin\..\bin\m2.conf -Dmaven.home=C:\NetBeans-12.6\netbeans\java\maven\bin\.. -Dlibrary.jansi.path=C:\NetBeans-12.6\netbeans\java\maven\bin\..\lib\jansi-native -Dmaven.multiModuleProjectDirectory=C:\Users\vinit\Documents\NetBeansProjects\LibraryManagementSystem 
java_command: org.codehaus.plexus.classworlds.launcher.Launcher -DartifactId=jcalendar -DgroupId=com.toedter -Dversion=1.3.2 -Dpackaging=jar -Dfile=C:\Users\vinit\Documents\jarFile\jcalendar-1.3.2.jar -DgeneratePom=false -Dmaven.ext.class.path=C:\NetBeans-12.6\netbeans\java\maven-nblib\netbeans-eventspy.jar -Dfile.encoding=UTF-8 install:install-file
java_class_path (initial): C:\NetBeans-12.6\netbeans\java\maven\bin\..\boot\plexus-classworlds-2.6.0.jar
Launcher Type: SUN_STANDARD

[Global flags]
     intx CICompilerCount                          = 4                                         {product} {ergonomic}
     uint ConcGCThreads                            = 2                                         {product} {ergonomic}
     uint G1ConcRefinementThreads                  = 8                                         {product} {ergonomic}
   size_t G1HeapRegionSize                         = 1048576                                   {product} {ergonomic}
    uintx GCDrainStackTargetSize                   = 64                                        {product} {ergonomic}
   size_t InitialHeapSize                          = 132120576                                 {product} {ergonomic}
   size_t MarkStackSize                            = 4194304                                   {product} {ergonomic}
   size_t MaxHeapSize                              = 2099249152                                {product} {ergonomic}
   size_t MaxNewSize                               = 1259339776                                {product} {ergonomic}
   size_t MinHeapDeltaBytes                        = 1048576                                   {product} {ergonomic}
   size_t MinHeapSize                              = 8388608                                   {product} {ergonomic}
    uintx NonNMethodCodeHeapSize                   = 5839372                                {pd product} {ergonomic}
    uintx NonProfiledCodeHeapSize                  = 122909434                              {pd product} {ergonomic}
    uintx ProfiledCodeHeapSize                     = 122909434                              {pd product} {ergonomic}
    uintx ReservedCodeCacheSize                    = 251658240                              {pd product} {ergonomic}
     bool SegmentedCodeCache                       = true                                      {product} {ergonomic}
   size_t SoftMaxHeapSize                          = 2099249152                             {manageable} {ergonomic}
     bool UseCompressedClassPointers               = true                           {product lp64_product} {ergonomic}
     bool UseCompressedOops                        = true                           {product lp64_product} {ergonomic}
     bool UseG1GC                                  = true                                      {product} {ergonomic}
     bool UseLargePagesIndividualAllocation        = false                                  {pd product} {ergonomic}

Logging:
Log output configuration:
 #0: stdout all=warning uptime,level,tags
 #1: stderr all=off uptime,level,tags

Environment Variables:
JAVA_HOME=C:\Java\jdk-17.0.1
PATH=C:\Program Files\Common Files\Oracle\Java\javapath;C:\MinGW\bin;C:\Program Files (x86)\VMware\VMware Workstation\bin\;C:\Program Files (x86)\Common Files\Intel\Shared Libraries\redist\intel64\compiler;C:\Windows\system32;C:\Windows;C:\Windows\System32\Wbem;C:\Windows\System32\WindowsPowerShell\v1.0\;C:\Windows\System32\OpenSSH\;C:\Program Files\Microsoft SQL Server\130\Tools\Binn\;C:\Program Files\Microsoft SQL Server\150\Tools\Binn\;C:\Java\jdk-17.0.1\bin;C:\Program Files\MySQL\MySQL Shell 8.0\bin\;C:\Users\vinit\AppData\Local\Microsoft\WindowsApps;C:\IntelliJ IDEA\bin;;C:\Users\vinit\AppData\Local\GitHubDesktop\bin;C:\Microsoft VS Code\bin
USERNAME=vinit
OS=Windows_NT
PROCESSOR_IDENTIFIER=AMD64 Family 23 Model 24 Stepping 1, AuthenticAMD



---------------  S Y S T E M  ---------------

OS:
 Windows 10 , 64 bit Build 22000 (10.0.22000.434)
OS uptime: 1 days 15:54 hours

CPU: total 8 (initial active 8) (8 cores per cpu, 2 threads per core) family 23 model 24 stepping 1 microcode 0x0, cx8, cmov, fxsr, ht, mmx, 3dnowpref, sse, sse2, sse3, ssse3, sse4a, sse4.1, sse4.2, popcnt, lzcnt, tsc, tscinvbit, avx, avx2, aes, clmul, bmi1, bmi2, adx, sha, fma, vzeroupper, clflush, clflushopt

Memory: 4k page, system-wide physical 8000M (814M free)
TotalPageFile size 12096M (AvailPageFile size 5M)
current process WorkingSet (physical memory assigned to process): 53M, peak: 53M
current process commit charge ("private bytes"): 218M, peak: 219M

vm_info: Java HotSpot(TM) 64-Bit Server VM (17.0.1+12-LTS-39) for windows-amd64 JRE (17.0.1+12-LTS-39), built on Sep 27 2021 18:41:35 by "mach5one" with MS VC++ 16.8 (VS2019)

END.
