#
# There is insufficient memory for the Java Runtime Environment to continue.
# Native memory allocation (malloc) failed to allocate 908976 bytes for Chunk::new
# Possible reasons:
#   The system is out of physical RAM or swap space
#   The process is running with CompressedOops enabled, and the Java Heap may be blocking the growth of the native heap
# Possible solutions:
#   Reduce memory load on the system
#   Increase physical memory or swap space
#   Check if swap backing store is full
#   Decrease Java heap size (-Xmx/-Xms)
#   Decrease number of Java threads
#   Decrease Java thread stack sizes (-Xss)
#   Set larger code cache with -XX:ReservedCodeCacheSize=
#   JVM is running with Unscaled Compressed Oops mode in which the Java heap is
#     placed in the first 4GB address space. The Java Heap base address is the
#     maximum limit for the native heap growth. Please use -XX:HeapBaseMinAddress
#     to set the Java Heap base and to place the Java Heap above 4GB virtual address.
# This output file may be truncated or incomplete.
#
#  Out of Memory Error (arena.cpp:189), pid=10504, tid=5064
#
# JRE version: Java(TM) SE Runtime Environment (17.0.1+12) (build 17.0.1+12-LTS-39)
# Java VM: Java HotSpot(TM) 64-Bit Server VM (17.0.1+12-LTS-39, mixed mode, sharing, tiered, compressed oops, compressed class ptrs, g1 gc, windows-amd64)
# No core dump will be written. Minidumps are not enabled by default on client versions of Windows
#

---------------  S U M M A R Y ------------

Command Line: -Dclassworlds.conf=C:\NetBeans-12.6\netbeans\java\maven\bin\..\bin\m2.conf -Dmaven.home=C:\NetBeans-12.6\netbeans\java\maven\bin\.. -Dlibrary.jansi.path=C:\NetBeans-12.6\netbeans\java\maven\bin\..\lib\jansi-native -Dmaven.multiModuleProjectDirectory=C:\Users\vinit\Documents\NetBeansProjects\LibraryManagementSystem org.codehaus.plexus.classworlds.launcher.Launcher -DartifactId=jcalendar -DgroupId=com.toedter -Dversion=1.3.2 -Dpackaging=jar -Dfile=C:\Users\vinit\Documents\jarFile\jcalendar-1.3.2.jar -DgeneratePom=false -Dmaven.ext.class.path=C:\NetBeans-12.6\netbeans\java\maven-nblib\netbeans-eventspy.jar -Dfile.encoding=UTF-8 install:install-file

Host: AMD Ryzen 5 3550H with Radeon Vega Mobile Gfx  , 8 cores, 7G,  Windows 10 , 64 bit Build 22000 (10.0.22000.434)
Time: Sun Jan 30 12:02:37 2022 India Standard Time elapsed time: 1.156109 seconds (0d 0h 0m 1s)

---------------  T H R E A D  ---------------

Current thread (0x0000019fc6853020):  JavaThread "C2 CompilerThread1" daemon [_thread_in_native, id=5064, stack(0x000000475a300000,0x000000475a400000)]


Current CompileTask:
C2:   1156 1731   !   4       java.net.URL::<init> (543 bytes)

Stack: [0x000000475a300000,0x000000475a400000]
Native frames: (J=compiled Java code, j=interpreted, Vv=VM code, C=native code)
V  [jvm.dll+0x66fa1a]
V  [jvm.dll+0x7ce5a4]
V  [jvm.dll+0x7cfd4e]
V  [jvm.dll+0x7d03b3]
V  [jvm.dll+0x242b05]
V  [jvm.dll+0xaa05b]
V  [jvm.dll+0xaa5ec]
V  [jvm.dll+0x2a953f]
V  [jvm.dll+0x5785a9]
V  [jvm.dll+0x21dd7d]
V  [jvm.dll+0x21e15f]
V  [jvm.dll+0x217a2a]
V  [jvm.dll+0x214f05]
V  [jvm.dll+0x1a168d]
V  [jvm.dll+0x224848]
V  [jvm.dll+0x2229ac]
V  [jvm.dll+0x78435b]
V  [jvm.dll+0x77e91a]
V  [jvm.dll+0x66e845]
C  [ucrtbase.dll+0x26c0c]
C  [KERNEL32.DLL+0x154e0]
C  [ntdll.dll+0x485b]


---------------  P R O C E S S  ---------------

Threads class SMR info:
_java_thread_list=0x0000019fc6e9edf0, length=13, elements={
0x0000019fa77044b0, 0x0000019fc5688ae0, 0x0000019fc5689950, 0x0000019fc56a1fa0,
0x0000019fc56a4960, 0x0000019fc56a5310, 0x0000019fc56a5cc0, 0x0000019fc56a9f50,
0x0000019fc56b4a10, 0x0000019fc56b6710, 0x0000019fc61a2d20, 0x0000019fc61aa220,
0x0000019fc6853020
}

Java Threads: ( => current thread )
  0x0000019fa77044b0 JavaThread "main" [_thread_in_vm, id=18092, stack(0x0000004759000000,0x0000004759100000)]
  0x0000019fc5688ae0 JavaThread "Reference Handler" daemon [_thread_blocked, id=5344, stack(0x0000004759700000,0x0000004759800000)]
  0x0000019fc5689950 JavaThread "Finalizer" daemon [_thread_blocked, id=15136, stack(0x0000004759800000,0x0000004759900000)]
  0x0000019fc56a1fa0 JavaThread "Signal Dispatcher" daemon [_thread_blocked, id=492, stack(0x0000004759900000,0x0000004759a00000)]
  0x0000019fc56a4960 JavaThread "Attach Listener" daemon [_thread_blocked, id=7588, stack(0x0000004759a00000,0x0000004759b00000)]
  0x0000019fc56a5310 JavaThread "Service Thread" daemon [_thread_blocked, id=18200, stack(0x0000004759b00000,0x0000004759c00000)]
  0x0000019fc56a5cc0 JavaThread "Monitor Deflation Thread" daemon [_thread_blocked, id=4272, stack(0x0000004759c00000,0x0000004759d00000)]
  0x0000019fc56a9f50 JavaThread "C2 CompilerThread0" daemon [_thread_in_native, id=4900, stack(0x0000004759d00000,0x0000004759e00000)]
  0x0000019fc56b4a10 JavaThread "C1 CompilerThread0" daemon [_thread_blocked, id=2964, stack(0x0000004759e00000,0x0000004759f00000)]
  0x0000019fc56b6710 JavaThread "Sweeper thread" daemon [_thread_blocked, id=15308, stack(0x0000004759f00000,0x000000475a000000)]
  0x0000019fc61a2d20 JavaThread "Notification Thread" daemon [_thread_blocked, id=3944, stack(0x000000475a000000,0x000000475a100000)]
  0x0000019fc61aa220 JavaThread "Common-Cleaner" daemon [_thread_blocked, id=7240, stack(0x000000475a200000,0x000000475a300000)]
=>0x0000019fc6853020 JavaThread "C2 CompilerThread1" daemon [_thread_in_native, id=5064, stack(0x000000475a300000,0x000000475a400000)]

Other Threads:
  0x0000019fc5683ee0 VMThread "VM Thread" [stack: 0x0000004759600000,0x0000004759700000] [id=9404]
  0x0000019fa77667b0 WatcherThread [stack: 0x000000475a100000,0x000000475a200000] [id=6180]
  0x0000019fa773fd00 GCTaskThread "GC Thread#0" [stack: 0x0000004759100000,0x0000004759200000] [id=18940]
  0x0000019fc6285a50 GCTaskThread "GC Thread#1" [stack: 0x000000475a500000,0x000000475a600000] [id=17056]
  0x0000019fc6d72740 GCTaskThread "GC Thread#2" [stack: 0x000000475a600000,0x000000475a700000] [id=18284]
  0x0000019fc6c06430 GCTaskThread "GC Thread#3" [stack: 0x000000475a700000,0x000000475a800000] [id=2780]
  0x0000019fc6c066e0 GCTaskThread "GC Thread#4" [stack: 0x000000475a800000,0x000000475a900000] [id=11980]
  0x0000019fc6ef84d0 GCTaskThread "GC Thread#5" [stack: 0x000000475a900000,0x000000475aa00000] [id=19244]
  0x0000019fc6ef8780 GCTaskThread "GC Thread#6" [stack: 0x000000475aa00000,0x000000475ab00000] [id=18488]
  0x0000019fc6feb310 GCTaskThread "GC Thread#7" [stack: 0x000000475a400000,0x000000475a500000] [id=6468]
  0x0000019fa7751690 ConcurrentGCThread "G1 Main Marker" [stack: 0x0000004759200000,0x0000004759300000] [id=2556]
  0x0000019fa7753850 ConcurrentGCThread "G1 Conc#0" [stack: 0x0000004759300000,0x0000004759400000] [id=10816]
  0x0000019fa77dbec0 ConcurrentGCThread "G1 Refine#0" [stack: 0x0000004759400000,0x0000004759500000] [id=10316]
  0x0000019fa77dc8e0 ConcurrentGCThread "G1 Service" [stack: 0x0000004759500000,0x0000004759600000] [id=1504]

Threads with active compile tasks:
C2 CompilerThread0     1171 1947       4       java.util.ArrayList::add (25 bytes)
C2 CompilerThread1     1172 1731   !   4       java.net.URL::<init> (543 bytes)

VM state: not at safepoint (normal execution)

VM Mutex/Monitor currently owned by a thread: None

Heap address: 0x0000000082e00000, size: 2002 MB, Compressed Oops mode: 32-bit

CDS archive(s) mapped at: [0x0000000800000000-0x0000000800bc0000-0x0000000800bc0000), size 12320768, SharedBaseAddress: 0x0000000800000000, ArchiveRelocationMode: 0.
Compressed class space mapped at: 0x0000000800c00000-0x0000000840c00000, reserved size: 1073741824
Narrow klass base: 0x0000000800000000, Narrow klass shift: 0, Narrow klass range: 0x100000000

GC Precious Log:
 CPUs: 8 total, 8 available
 Memory: 8000M
 Large Page Support: Disabled
 NUMA Support: Disabled
 Compressed Oops: Enabled (32-bit)
 Heap Region Size: 1M
 Heap Min Capacity: 8M
 Heap Initial Capacity: 126M
 Heap Max Capacity: 2002M
 Pre-touch: Disabled
 Parallel Workers: 8
 Concurrent Workers: 2
 Concurrent Refinement Workers: 8
 Periodic GC: Disabled

Heap:
 garbage-first heap   total 129024K, used 6879K [0x0000000082e00000, 0x0000000100000000)
  region size 1024K, 5 young (5120K), 3 survivors (3072K)
 Metaspace       used 10491K, committed 10688K, reserved 1064960K
  class space    used 1272K, committed 1344K, reserved 1048576K

Heap Regions: E=young(eden), S=young(survivor), O=old, HS=humongous(starts), HC=humongous(continues), CS=collection set, F=free, OA=open archive, CA=closed archive, TAMS=top-at-mark-start (previous, next)
|   0|0x0000000082e00000, 0x0000000082f00000, 0x0000000082f00000|100%| O|  |TAMS 0x0000000082e00000, 0x0000000082e00000| Untracked 
|   1|0x0000000082f00000, 0x0000000083000000, 0x0000000083000000|100%| O|  |TAMS 0x0000000082f00000, 0x0000000082f00000| Untracked 
|   2|0x0000000083000000, 0x0000000083100000, 0x0000000083100000|100%| O|  |TAMS 0x0000000083000000, 0x0000000083000000| Untracked 
|   3|0x0000000083100000, 0x0000000083163800, 0x0000000083200000| 38%| O|  |TAMS 0x0000000083100000, 0x0000000083100000| Untracked 
|   4|0x0000000083200000, 0x0000000083200000, 0x0000000083300000|  0%| F|  |TAMS 0x0000000083200000, 0x0000000083200000| Untracked 
|   5|0x0000000083300000, 0x0000000083300000, 0x0000000083400000|  0%| F|  |TAMS 0x0000000083300000, 0x0000000083300000| Untracked 
|   6|0x0000000083400000, 0x0000000083400000, 0x0000000083500000|  0%| F|  |TAMS 0x0000000083400000, 0x0000000083400000| Untracked 
|   7|0x0000000083500000, 0x0000000083500000, 0x0000000083600000|  0%| F|  |TAMS 0x0000000083500000, 0x0000000083500000| Untracked 
|   8|0x0000000083600000, 0x0000000083600000, 0x0000000083700000|  0%| F|  |TAMS 0x0000000083600000, 0x0000000083600000| Untracked 
|   9|0x0000000083700000, 0x0000000083700000, 0x0000000083800000|  0%| F|  |TAMS 0x0000000083700000, 0x0000000083700000| Untracked 
|  10|0x0000000083800000, 0x0000000083800000, 0x0000000083900000|  0%| F|  |TAMS 0x0000000083800000, 0x0000000083800000| Untracked 
|  11|0x0000000083900000, 0x0000000083900000, 0x0000000083a00000|  0%| F|  |TAMS 0x0000000083900000, 0x0000000083900000| Untracked 
|  12|0x0000000083a00000, 0x0000000083a00000, 0x0000000083b00000|  0%| F|  |TAMS 0x0000000083a00000, 0x0000000083a00000| Untracked 
|  13|0x0000000083b00000, 0x0000000083b00000, 0x0000000083c00000|  0%| F|  |TAMS 0x0000000083b00000, 0x0000000083b00000| Untracked 
|  14|0x0000000083c00000, 0x0000000083c00000, 0x0000000083d00000|  0%| F|  |TAMS 0x0000000083c00000, 0x0000000083c00000| Untracked 
|  15|0x0000000083d00000, 0x0000000083d00000, 0x0000000083e00000|  0%| F|  |TAMS 0x0000000083d00000, 0x0000000083d00000| Untracked 
|  16|0x0000000083e00000, 0x0000000083e00000, 0x0000000083f00000|  0%| F|  |TAMS 0x0000000083e00000, 0x0000000083e00000| Untracked 
|  17|0x0000000083f00000, 0x0000000083f00000, 0x0000000084000000|  0%| F|  |TAMS 0x0000000083f00000, 0x0000000083f00000| Untracked 
|  18|0x0000000084000000, 0x0000000084000000, 0x0000000084100000|  0%| F|  |TAMS 0x0000000084000000, 0x0000000084000000| Untracked 
|  19|0x0000000084100000, 0x0000000084100000, 0x0000000084200000|  0%| F|  |TAMS 0x0000000084100000, 0x0000000084100000| Untracked 
|  20|0x0000000084200000, 0x0000000084200000, 0x0000000084300000|  0%| F|  |TAMS 0x0000000084200000, 0x0000000084200000| Untracked 
|  21|0x0000000084300000, 0x0000000084300000, 0x0000000084400000|  0%| F|  |TAMS 0x0000000084300000, 0x0000000084300000| Untracked 
|  22|0x0000000084400000, 0x0000000084400000, 0x0000000084500000|  0%| F|  |TAMS 0x0000000084400000, 0x0000000084400000| Untracked 
|  23|0x0000000084500000, 0x0000000084500000, 0x0000000084600000|  0%| F|  |TAMS 0x0000000084500000, 0x0000000084500000| Untracked 
|  24|0x0000000084600000, 0x0000000084600000, 0x0000000084700000|  0%| F|  |TAMS 0x0000000084600000, 0x0000000084600000| Untracked 
|  25|0x0000000084700000, 0x0000000084700000, 0x0000000084800000|  0%| F|  |TAMS 0x0000000084700000, 0x0000000084700000| Untracked 
|  26|0x0000000084800000, 0x0000000084800000, 0x0000000084900000|  0%| F|  |TAMS 0x0000000084800000, 0x0000000084800000| Untracked 
|  27|0x0000000084900000, 0x0000000084900000, 0x0000000084a00000|  0%| F|  |TAMS 0x0000000084900000, 0x0000000084900000| Untracked 
|  28|0x0000000084a00000, 0x0000000084a00000, 0x0000000084b00000|  0%| F|  |TAMS 0x0000000084a00000, 0x0000000084a00000| Untracked 
|  29|0x0000000084b00000, 0x0000000084b00000, 0x0000000084c00000|  0%| F|  |TAMS 0x0000000084b00000, 0x0000000084b00000| Untracked 
|  30|0x0000000084c00000, 0x0000000084c00000, 0x0000000084d00000|  0%| F|  |TAMS 0x0000000084c00000, 0x0000000084c00000| Untracked 
|  31|0x0000000084d00000, 0x0000000084d00000, 0x0000000084e00000|  0%| F|  |TAMS 0x0000000084d00000, 0x0000000084d00000| Untracked 
|  32|0x0000000084e00000, 0x0000000084e00000, 0x0000000084f00000|  0%| F|  |TAMS 0x0000000084e00000, 0x0000000084e00000| Untracked 
|  33|0x0000000084f00000, 0x0000000084f00000, 0x0000000085000000|  0%| F|  |TAMS 0x0000000084f00000, 0x0000000084f00000| Untracked 
|  34|0x0000000085000000, 0x0000000085000000, 0x0000000085100000|  0%| F|  |TAMS 0x0000000085000000, 0x0000000085000000| Untracked 
|  35|0x0000000085100000, 0x0000000085100000, 0x0000000085200000|  0%| F|  |TAMS 0x0000000085100000, 0x0000000085100000| Untracked 
|  36|0x0000000085200000, 0x0000000085200000, 0x0000000085300000|  0%| F|  |TAMS 0x0000000085200000, 0x0000000085200000| Untracked 
|  37|0x0000000085300000, 0x0000000085300000, 0x0000000085400000|  0%| F|  |TAMS 0x0000000085300000, 0x0000000085300000| Untracked 
|  38|0x0000000085400000, 0x0000000085400000, 0x0000000085500000|  0%| F|  |TAMS 0x0000000085400000, 0x0000000085400000| Untracked 
|  39|0x0000000085500000, 0x0000000085500000, 0x0000000085600000|  0%| F|  |TAMS 0x0000000085500000, 0x0000000085500000| Untracked 
|  40|0x0000000085600000, 0x0000000085600000, 0x0000000085700000|  0%| F|  |TAMS 0x0000000085600000, 0x0000000085600000| Untracked 
|  41|0x0000000085700000, 0x0000000085700000, 0x0000000085800000|  0%| F|  |TAMS 0x0000000085700000, 0x0000000085700000| Untracked 
|  42|0x0000000085800000, 0x0000000085800000, 0x0000000085900000|  0%| F|  |TAMS 0x0000000085800000, 0x0000000085800000| Untracked 
|  43|0x0000000085900000, 0x0000000085900000, 0x0000000085a00000|  0%| F|  |TAMS 0x0000000085900000, 0x0000000085900000| Untracked 
|  44|0x0000000085a00000, 0x0000000085a00000, 0x0000000085b00000|  0%| F|  |TAMS 0x0000000085a00000, 0x0000000085a00000| Untracked 
|  45|0x0000000085b00000, 0x0000000085b00000, 0x0000000085c00000|  0%| F|  |TAMS 0x0000000085b00000, 0x0000000085b00000| Untracked 
|  46|0x0000000085c00000, 0x0000000085c00000, 0x0000000085d00000|  0%| F|  |TAMS 0x0000000085c00000, 0x0000000085c00000| Untracked 
|  47|0x0000000085d00000, 0x0000000085d00000, 0x0000000085e00000|  0%| F|  |TAMS 0x0000000085d00000, 0x0000000085d00000| Untracked 
|  48|0x0000000085e00000, 0x0000000085e00000, 0x0000000085f00000|  0%| F|  |TAMS 0x0000000085e00000, 0x0000000085e00000| Untracked 
|  49|0x0000000085f00000, 0x0000000085f00000, 0x0000000086000000|  0%| F|  |TAMS 0x0000000085f00000, 0x0000000085f00000| Untracked 
|  50|0x0000000086000000, 0x0000000086000000, 0x0000000086100000|  0%| F|  |TAMS 0x0000000086000000, 0x0000000086000000| Untracked 
|  51|0x0000000086100000, 0x0000000086100000, 0x0000000086200000|  0%| F|  |TAMS 0x0000000086100000, 0x0000000086100000| Untracked 
|  52|0x0000000086200000, 0x0000000086200000, 0x0000000086300000|  0%| F|  |TAMS 0x0000000086200000, 0x0000000086200000| Untracked 
|  53|0x0000000086300000, 0x0000000086300000, 0x0000000086400000|  0%| F|  |TAMS 0x0000000086300000, 0x0000000086300000| Untracked 
|  54|0x0000000086400000, 0x0000000086400000, 0x0000000086500000|  0%| F|  |TAMS 0x0000000086400000, 0x0000000086400000| Untracked 
|  55|0x0000000086500000, 0x0000000086500000, 0x0000000086600000|  0%| F|  |TAMS 0x0000000086500000, 0x0000000086500000| Untracked 
|  56|0x0000000086600000, 0x0000000086600000, 0x0000000086700000|  0%| F|  |TAMS 0x0000000086600000, 0x0000000086600000| Untracked 
|  57|0x0000000086700000, 0x0000000086700000, 0x0000000086800000|  0%| F|  |TAMS 0x0000000086700000, 0x0000000086700000| Untracked 
|  58|0x0000000086800000, 0x0000000086800000, 0x0000000086900000|  0%| F|  |TAMS 0x0000000086800000, 0x0000000086800000| Untracked 
|  59|0x0000000086900000, 0x0000000086900000, 0x0000000086a00000|  0%| F|  |TAMS 0x0000000086900000, 0x0000000086900000| Untracked 
|  60|0x0000000086a00000, 0x0000000086a00000, 0x0000000086b00000|  0%| F|  |TAMS 0x0000000086a00000, 0x0000000086a00000| Untracked 
|  61|0x0000000086b00000, 0x0000000086b00000, 0x0000000086c00000|  0%| F|  |TAMS 0x0000000086b00000, 0x0000000086b00000| Untracked 
|  62|0x0000000086c00000, 0x0000000086c00000, 0x0000000086d00000|  0%| F|  |TAMS 0x0000000086c00000, 0x0000000086c00000| Untracked 
|  63|0x0000000086d00000, 0x0000000086d00000, 0x0000000086e00000|  0%| F|  |TAMS 0x0000000086d00000, 0x0000000086d00000| Untracked 
|  64|0x0000000086e00000, 0x0000000086e00000, 0x0000000086f00000|  0%| F|  |TAMS 0x0000000086e00000, 0x0000000086e00000| Untracked 
|  65|0x0000000086f00000, 0x0000000086f00000, 0x0000000087000000|  0%| F|  |TAMS 0x0000000086f00000, 0x0000000086f00000| Untracked 
|  66|0x0000000087000000, 0x0000000087000000, 0x0000000087100000|  0%| F|  |TAMS 0x0000000087000000, 0x0000000087000000| Untracked 
|  67|0x0000000087100000, 0x0000000087100000, 0x0000000087200000|  0%| F|  |TAMS 0x0000000087100000, 0x0000000087100000| Untracked 
|  68|0x0000000087200000, 0x0000000087200000, 0x0000000087300000|  0%| F|  |TAMS 0x0000000087200000, 0x0000000087200000| Untracked 
|  69|0x0000000087300000, 0x0000000087300000, 0x0000000087400000|  0%| F|  |TAMS 0x0000000087300000, 0x0000000087300000| Untracked 
|  70|0x0000000087400000, 0x0000000087400000, 0x0000000087500000|  0%| F|  |TAMS 0x0000000087400000, 0x0000000087400000| Untracked 
|  71|0x0000000087500000, 0x0000000087500000, 0x0000000087600000|  0%| F|  |TAMS 0x0000000087500000, 0x0000000087500000| Untracked 
|  72|0x0000000087600000, 0x0000000087600000, 0x0000000087700000|  0%| F|  |TAMS 0x0000000087600000, 0x0000000087600000| Untracked 
|  73|0x0000000087700000, 0x0000000087700000, 0x0000000087800000|  0%| F|  |TAMS 0x0000000087700000, 0x0000000087700000| Untracked 
|  74|0x0000000087800000, 0x0000000087800000, 0x0000000087900000|  0%| F|  |TAMS 0x0000000087800000, 0x0000000087800000| Untracked 
|  75|0x0000000087900000, 0x0000000087900000, 0x0000000087a00000|  0%| F|  |TAMS 0x0000000087900000, 0x0000000087900000| Untracked 
|  76|0x0000000087a00000, 0x0000000087a00000, 0x0000000087b00000|  0%| F|  |TAMS 0x0000000087a00000, 0x0000000087a00000| Untracked 
|  77|0x0000000087b00000, 0x0000000087b00000, 0x0000000087c00000|  0%| F|  |TAMS 0x0000000087b00000, 0x0000000087b00000| Untracked 
|  78|0x0000000087c00000, 0x0000000087c00000, 0x0000000087d00000|  0%| F|  |TAMS 0x0000000087c00000, 0x0000000087c00000| Untracked 
|  79|0x0000000087d00000, 0x0000000087d00000, 0x0000000087e00000|  0%| F|  |TAMS 0x0000000087d00000, 0x0000000087d00000| Untracked 
|  80|0x0000000087e00000, 0x0000000087e00000, 0x0000000087f00000|  0%| F|  |TAMS 0x0000000087e00000, 0x0000000087e00000| Untracked 
|  81|0x0000000087f00000, 0x0000000087f00000, 0x0000000088000000|  0%| F|  |TAMS 0x0000000087f00000, 0x0000000087f00000| Untracked 
|  82|0x0000000088000000, 0x0000000088000000, 0x0000000088100000|  0%| F|  |TAMS 0x0000000088000000, 0x0000000088000000| Untracked 
|  83|0x0000000088100000, 0x0000000088100000, 0x0000000088200000|  0%| F|  |TAMS 0x0000000088100000, 0x0000000088100000| Untracked 
|  84|0x0000000088200000, 0x0000000088200000, 0x0000000088300000|  0%| F|  |TAMS 0x0000000088200000, 0x0000000088200000| Untracked 
|  85|0x0000000088300000, 0x0000000088300000, 0x0000000088400000|  0%| F|  |TAMS 0x0000000088300000, 0x0000000088300000| Untracked 
|  86|0x0000000088400000, 0x0000000088400000, 0x0000000088500000|  0%| F|  |TAMS 0x0000000088400000, 0x0000000088400000| Untracked 
|  87|0x0000000088500000, 0x0000000088500000, 0x0000000088600000|  0%| F|  |TAMS 0x0000000088500000, 0x0000000088500000| Untracked 
|  88|0x0000000088600000, 0x0000000088600000, 0x0000000088700000|  0%| F|  |TAMS 0x0000000088600000, 0x0000000088600000| Untracked 
|  89|0x0000000088700000, 0x00000000887545b0, 0x0000000088800000| 32%| S|CS|TAMS 0x0000000088700000, 0x0000000088700000| Complete 
|  90|0x0000000088800000, 0x0000000088900000, 0x0000000088900000|100%| S|CS|TAMS 0x0000000088800000, 0x0000000088800000| Complete 
|  91|0x0000000088900000, 0x0000000088a00000, 0x0000000088a00000|100%| S|CS|TAMS 0x0000000088900000, 0x0000000088900000| Complete 
|  92|0x0000000088a00000, 0x0000000088a00000, 0x0000000088b00000|  0%| F|  |TAMS 0x0000000088a00000, 0x0000000088a00000| Untracked 
|  93|0x0000000088b00000, 0x0000000088b00000, 0x0000000088c00000|  0%| F|  |TAMS 0x0000000088b00000, 0x0000000088b00000| Untracked 
|  94|0x0000000088c00000, 0x0000000088c00000, 0x0000000088d00000|  0%| F|  |TAMS 0x0000000088c00000, 0x0000000088c00000| Untracked 
|  95|0x0000000088d00000, 0x0000000088d00000, 0x0000000088e00000|  0%| F|  |TAMS 0x0000000088d00000, 0x0000000088d00000| Untracked 
|  96|0x0000000088e00000, 0x0000000088e00000, 0x0000000088f00000|  0%| F|  |TAMS 0x0000000088e00000, 0x0000000088e00000| Untracked 
|  97|0x0000000088f00000, 0x0000000088f00000, 0x0000000089000000|  0%| F|  |TAMS 0x0000000088f00000, 0x0000000088f00000| Untracked 
|  98|0x0000000089000000, 0x0000000089000000, 0x0000000089100000|  0%| F|  |TAMS 0x0000000089000000, 0x0000000089000000| Untracked 
|  99|0x0000000089100000, 0x0000000089100000, 0x0000000089200000|  0%| F|  |TAMS 0x0000000089100000, 0x0000000089100000| Untracked 
| 100|0x0000000089200000, 0x0000000089200000, 0x0000000089300000|  0%| F|  |TAMS 0x0000000089200000, 0x0000000089200000| Untracked 
| 101|0x0000000089300000, 0x0000000089300000, 0x0000000089400000|  0%| F|  |TAMS 0x0000000089300000, 0x0000000089300000| Untracked 
| 102|0x0000000089400000, 0x0000000089400000, 0x0000000089500000|  0%| F|  |TAMS 0x0000000089400000, 0x0000000089400000| Untracked 
| 103|0x0000000089500000, 0x0000000089500000, 0x0000000089600000|  0%| F|  |TAMS 0x0000000089500000, 0x0000000089500000| Untracked 
| 104|0x0000000089600000, 0x0000000089600000, 0x0000000089700000|  0%| F|  |TAMS 0x0000000089600000, 0x0000000089600000| Untracked 
| 105|0x0000000089700000, 0x0000000089700000, 0x0000000089800000|  0%| F|  |TAMS 0x0000000089700000, 0x0000000089700000| Untracked 
| 106|0x0000000089800000, 0x0000000089800000, 0x0000000089900000|  0%| F|  |TAMS 0x0000000089800000, 0x0000000089800000| Untracked 
| 107|0x0000000089900000, 0x0000000089900000, 0x0000000089a00000|  0%| F|  |TAMS 0x0000000089900000, 0x0000000089900000| Untracked 
| 108|0x0000000089a00000, 0x0000000089a00000, 0x0000000089b00000|  0%| F|  |TAMS 0x0000000089a00000, 0x0000000089a00000| Untracked 
| 109|0x0000000089b00000, 0x0000000089b00000, 0x0000000089c00000|  0%| F|  |TAMS 0x0000000089b00000, 0x0000000089b00000| Untracked 
| 110|0x0000000089c00000, 0x0000000089c00000, 0x0000000089d00000|  0%| F|  |TAMS 0x0000000089c00000, 0x0000000089c00000| Untracked 
| 111|0x0000000089d00000, 0x0000000089d00000, 0x0000000089e00000|  0%| F|  |TAMS 0x0000000089d00000, 0x0000000089d00000| Untracked 
| 112|0x0000000089e00000, 0x0000000089e00000, 0x0000000089f00000|  0%| F|  |TAMS 0x0000000089e00000, 0x0000000089e00000| Untracked 
| 113|0x0000000089f00000, 0x0000000089f00000, 0x000000008a000000|  0%| F|  |TAMS 0x0000000089f00000, 0x0000000089f00000| Untracked 
| 114|0x000000008a000000, 0x000000008a000000, 0x000000008a100000|  0%| F|  |TAMS 0x000000008a000000, 0x000000008a000000| Untracked 
| 115|0x000000008a100000, 0x000000008a100000, 0x000000008a200000|  0%| F|  |TAMS 0x000000008a100000, 0x000000008a100000| Untracked 
| 116|0x000000008a200000, 0x000000008a200000, 0x000000008a300000|  0%| F|  |TAMS 0x000000008a200000, 0x000000008a200000| Untracked 
| 117|0x000000008a300000, 0x000000008a300000, 0x000000008a400000|  0%| F|  |TAMS 0x000000008a300000, 0x000000008a300000| Untracked 
| 118|0x000000008a400000, 0x000000008a400000, 0x000000008a500000|  0%| F|  |TAMS 0x000000008a400000, 0x000000008a400000| Untracked 
| 119|0x000000008a500000, 0x000000008a500000, 0x000000008a600000|  0%| F|  |TAMS 0x000000008a500000, 0x000000008a500000| Untracked 
| 120|0x000000008a600000, 0x000000008a600000, 0x000000008a700000|  0%| F|  |TAMS 0x000000008a600000, 0x000000008a600000| Untracked 
| 121|0x000000008a700000, 0x000000008a700000, 0x000000008a800000|  0%| F|  |TAMS 0x000000008a700000, 0x000000008a700000| Untracked 
| 122|0x000000008a800000, 0x000000008a800000, 0x000000008a900000|  0%| F|  |TAMS 0x000000008a800000, 0x000000008a800000| Untracked 
| 123|0x000000008a900000, 0x000000008a900000, 0x000000008aa00000|  0%| F|  |TAMS 0x000000008a900000, 0x000000008a900000| Untracked 
| 124|0x000000008aa00000, 0x000000008aa8a520, 0x000000008ab00000| 54%| E|  |TAMS 0x000000008aa00000, 0x000000008aa00000| Complete 
| 125|0x000000008ab00000, 0x000000008ac00000, 0x000000008ac00000|100%| E|CS|TAMS 0x000000008ab00000, 0x000000008ab00000| Complete 

Card table byte_map: [0x0000019fbe630000,0x0000019fbea20000] _byte_map_base: 0x0000019fbe219000

Marking Bits (Prev, Next): (CMBitMap*) 0x0000019fa7741320, (CMBitMap*) 0x0000019fa7741360
 Prev Bits: [0x0000019fbee10000, 0x0000019fc0d58000)
 Next Bits: [0x0000019fc0d60000, 0x0000019fc2ca8000)

Polling page: 0x0000019fa56e0000

Metaspace:

Usage:
  Non-class:      9.03 MB used.
      Class:      1.25 MB used.
       Both:     10.28 MB used.

Virtual space:
  Non-class space:       16.00 MB reserved,       9.12 MB ( 57%) committed,  2 nodes.
      Class space:        1.00 GB reserved,       1.31 MB ( <1%) committed,  1 nodes.
             Both:        1.02 GB reserved,      10.44 MB (  1%) committed. 

Chunk freelists:
   Non-Class:  1.28 MB
       Class:  2.69 MB
        Both:  3.97 MB

MaxMetaspaceSize: unlimited
CompressedClassSpaceSize: 1.00 GB
Initial GC threshold: 21.00 MB
Current GC threshold: 21.00 MB
CDS: on
MetaspaceReclaimPolicy: balanced
 - commit_granule_bytes: 65536.
 - commit_granule_words: 8192.
 - virtual_space_node_default_size: 1048576.
 - enlarge_chunks_in_place: 1.
 - new_chunks_are_fully_committed: 0.
 - uncommit_free_chunks: 1.
 - use_allocation_guard: 0.
 - handle_deallocations: 1.


Internal statistics:

num_allocs_failed_limit: 0.
num_arena_births: 54.
num_arena_deaths: 0.
num_vsnodes_births: 3.
num_vsnodes_deaths: 0.
num_space_committed: 167.
num_space_uncommitted: 0.
num_chunks_returned_to_freelist: 0.
num_chunks_taken_from_freelist: 405.
num_chunk_merges: 0.
num_chunk_splits: 293.
num_chunks_enlarged: 233.
num_purges: 0.
num_inconsistent_stats: 0.

CodeHeap 'non-profiled nmethods': size=120000Kb used=750Kb max_used=750Kb free=119250Kb
 bounds [0x0000019fb69e0000, 0x0000019fb6c50000, 0x0000019fbdf10000]
CodeHeap 'profiled nmethods': size=120000Kb used=3835Kb max_used=3835Kb free=116164Kb
 bounds [0x0000019faf4b0000, 0x0000019faf870000, 0x0000019fb69e0000]
CodeHeap 'non-nmethods': size=5760Kb used=1160Kb max_used=1188Kb free=4599Kb
 bounds [0x0000019faef10000, 0x0000019faf180000, 0x0000019faf4b0000]
 total_blobs=2423 nmethods=1972 adapters=363
 compilation: enabled
              stopped_count=0, restarted_count=0
 full_count=0

Compilation events (20 events):
Event: 1.142 Thread 0x0000019fc56a9f50 nmethod 1922 0x0000019fb6a98110 code [0x0000019fb6a98280, 0x0000019fb6a982f8]
Event: 1.142 Thread 0x0000019fc56b4a10 nmethod 1919 0x0000019faf857c90 code [0x0000019faf857e40, 0x0000019faf858088]
Event: 1.142 Thread 0x0000019fc56b4a10 1920       3       com.google.inject.internal.ProviderInternalFactory::provision (37 bytes)
Event: 1.143 Thread 0x0000019fc56b4a10 nmethod 1920 0x0000019faf858210 code [0x0000019faf8583e0, 0x0000019faf8586c8]
Event: 1.143 Thread 0x0000019fc56b4a10 1923       3       org.eclipse.sisu.inject.RankedSequence::iterator (9 bytes)
Event: 1.143 Thread 0x0000019fc56b4a10 nmethod 1923 0x0000019faf858810 code [0x0000019faf8589c0, 0x0000019faf858c58]
Event: 1.143 Thread 0x0000019fc56b4a10 1924       3       org.eclipse.sisu.inject.RankedSequence$Itr::<init> (22 bytes)
Event: 1.143 Thread 0x0000019fc56b4a10 nmethod 1924 0x0000019faf858d90 code [0x0000019faf858f20, 0x0000019faf8590f8]
Event: 1.143 Thread 0x0000019fc56b4a10 1925       3       com.google.inject.spi.ProviderLookup$1::get (29 bytes)
Event: 1.143 Thread 0x0000019fc56b4a10 nmethod 1925 0x0000019faf859190 code [0x0000019faf859360, 0x0000019faf859658]
Event: 1.143 Thread 0x0000019fc56b4a10 1926       3       org.eclipse.sisu.inject.LocatedBeans::iterator (9 bytes)
Event: 1.143 Thread 0x0000019fc56b4a10 nmethod 1926 0x0000019faf859790 code [0x0000019faf859940, 0x0000019faf859ae8]
Event: 1.143 Thread 0x0000019fc56b4a10 1927       3       org.eclipse.sisu.inject.LocatedBeans$Itr::<init> (48 bytes)
Event: 1.143 Thread 0x0000019fc56b4a10 nmethod 1927 0x0000019faf859b90 code [0x0000019faf859da0, 0x0000019faf85a528]
Event: 1.143 Thread 0x0000019fc56b4a10 1928       3       org.eclipse.sisu.inject.RankedSequence$Itr::next (47 bytes)
Event: 1.143 Thread 0x0000019fc56b4a10 nmethod 1928 0x0000019faf85a790 code [0x0000019faf85a940, 0x0000019faf85abf8]
Event: 1.143 Thread 0x0000019fc56b4a10 1929   !   3       org.eclipse.sisu.inject.BeanCache::create (172 bytes)
Event: 1.151 Thread 0x0000019fc56b4a10 nmethod 1929 0x0000019faf85ad10 code [0x0000019faf85b080, 0x0000019faf85cab8]
Event: 1.152 Thread 0x0000019fc56b4a10 1930       3       org.eclipse.sisu.inject.Sources::getAnnotation (38 bytes)
Event: 1.152 Thread 0x0000019fc56b4a10 nmethod 1930 0x0000019faf85d410 code [0x0000019faf85d600, 0x0000019faf85de58]

GC Heap History (4 events):
Event: 0.525 GC heap before
{Heap before GC invocations=0 (full 0):
 garbage-first heap   total 129024K, used 23552K [0x0000000082e00000, 0x0000000100000000)
  region size 1024K, 23 young (23552K), 0 survivors (0K)
 Metaspace       used 4820K, committed 4928K, reserved 1056768K
  class space    used 570K, committed 640K, reserved 1048576K
}
Event: 0.529 GC heap after
{Heap after GC invocations=1 (full 0):
 garbage-first heap   total 129024K, used 3563K [0x0000000082e00000, 0x0000000100000000)
  region size 1024K, 3 young (3072K), 3 survivors (3072K)
 Metaspace       used 4820K, committed 4928K, reserved 1056768K
  class space    used 570K, committed 640K, reserved 1048576K
}
Event: 1.144 GC heap before
{Heap before GC invocations=1 (full 0):
 garbage-first heap   total 129024K, used 35307K [0x0000000082e00000, 0x0000000100000000)
  region size 1024K, 34 young (34816K), 3 survivors (3072K)
 Metaspace       used 10335K, committed 10496K, reserved 1064960K
  class space    used 1264K, committed 1344K, reserved 1048576K
}
Event: 1.151 GC heap after
{Heap after GC invocations=2 (full 0):
 garbage-first heap   total 129024K, used 5855K [0x0000000082e00000, 0x0000000100000000)
  region size 1024K, 3 young (3072K), 3 survivors (3072K)
 Metaspace       used 10335K, committed 10496K, reserved 1064960K
  class space    used 1264K, committed 1344K, reserved 1048576K
}

Deoptimization events (20 events):
Event: 0.686 Thread 0x0000019fa77044b0 Uncommon trap: trap_request=0xffffffc6 fr.pc=0x0000019fb6a3d2b4 relative=0x0000000000000274
Event: 0.686 Thread 0x0000019fa77044b0 Uncommon trap: reason=bimorphic_or_optimized_type_check action=maybe_recompile pc=0x0000019fb6a3d2b4 method=java.util.HashMap.getNode(Ljava/lang/Object;)Ljava/util/HashMap$Node; @ 128 c2
Event: 0.686 Thread 0x0000019fa77044b0 DEOPT PACKING pc=0x0000019fb6a3d2b4 sp=0x00000047590fdc30
Event: 0.686 Thread 0x0000019fa77044b0 DEOPT UNPACKING pc=0x0000019faef623a3 sp=0x00000047590fdba8 mode 2
Event: 0.687 Thread 0x0000019fa77044b0 Uncommon trap: trap_request=0xffffffc6 fr.pc=0x0000019fb6a3d2b4 relative=0x0000000000000274
Event: 0.687 Thread 0x0000019fa77044b0 Uncommon trap: reason=bimorphic_or_optimized_type_check action=maybe_recompile pc=0x0000019fb6a3d2b4 method=java.util.HashMap.getNode(Ljava/lang/Object;)Ljava/util/HashMap$Node; @ 128 c2
Event: 0.687 Thread 0x0000019fa77044b0 DEOPT PACKING pc=0x0000019fb6a3d2b4 sp=0x00000047590fdb60
Event: 0.687 Thread 0x0000019fa77044b0 DEOPT UNPACKING pc=0x0000019faef623a3 sp=0x00000047590fdac8 mode 2
Event: 0.889 Thread 0x0000019fa77044b0 Uncommon trap: trap_request=0xffffffc6 fr.pc=0x0000019fb6a3d2b4 relative=0x0000000000000274
Event: 0.889 Thread 0x0000019fa77044b0 Uncommon trap: reason=bimorphic_or_optimized_type_check action=maybe_recompile pc=0x0000019fb6a3d2b4 method=java.util.HashMap.getNode(Ljava/lang/Object;)Ljava/util/HashMap$Node; @ 128 c2
Event: 0.889 Thread 0x0000019fa77044b0 DEOPT PACKING pc=0x0000019fb6a3d2b4 sp=0x00000047590fdb50
Event: 0.889 Thread 0x0000019fa77044b0 DEOPT UNPACKING pc=0x0000019faef623a3 sp=0x00000047590fdab8 mode 2
Event: 1.104 Thread 0x0000019fa77044b0 Uncommon trap: trap_request=0xffffff45 fr.pc=0x0000019fb6a74454 relative=0x00000000000001b4
Event: 1.104 Thread 0x0000019fa77044b0 Uncommon trap: reason=unstable_if action=reinterpret pc=0x0000019fb6a74454 method=java.lang.String.startsWith(Ljava/lang/String;I)Z @ 1 c2
Event: 1.104 Thread 0x0000019fa77044b0 DEOPT PACKING pc=0x0000019fb6a74454 sp=0x00000047590f6d30
Event: 1.104 Thread 0x0000019fa77044b0 DEOPT UNPACKING pc=0x0000019faef623a3 sp=0x00000047590f6c40 mode 2
Event: 1.104 Thread 0x0000019fa77044b0 Uncommon trap: trap_request=0xffffff45 fr.pc=0x0000019fb69fa7f0 relative=0x00000000000001d0
Event: 1.104 Thread 0x0000019fa77044b0 Uncommon trap: reason=unstable_if action=reinterpret pc=0x0000019fb69fa7f0 method=java.lang.String.startsWith(Ljava/lang/String;I)Z @ 1 c2
Event: 1.104 Thread 0x0000019fa77044b0 DEOPT PACKING pc=0x0000019fb69fa7f0 sp=0x00000047590f6cc0
Event: 1.104 Thread 0x0000019fa77044b0 DEOPT UNPACKING pc=0x0000019faef623a3 sp=0x00000047590f6c40 mode 2

Classes unloaded (0 events):
No events

Classes redefined (0 events):
No events

Internal exceptions (4 events):
Event: 0.398 Thread 0x0000019fa77044b0 Exception <a 'java/lang/NoSuchMethodError'{0x0000000089d4b2d8}: 'java.lang.Object java.lang.invoke.DirectMethodHandle$Holder.newInvokeSpecial(java.lang.Object, java.lang.Object, java.lang.Object, java.lang.Object, java.lang.Object)'> (0x0000000089d4b2d8) 
thrown [t:\workspace\open\src\hotspot\share\interpreter\linkResolver.cpp, line 766]
Event: 1.047 Thread 0x0000019fa77044b0 Exception <a 'java/lang/NoClassDefFoundError'{0x0000000088da3ae0}: com/google/inject/servlet/ServletModuleTargetVisitor> (0x0000000088da3ae0) 
thrown [t:\workspace\open\src\hotspot\share\classfile\systemDictionary.cpp, line 245]
Event: 1.047 Thread 0x0000019fa77044b0 Exception <a 'java/lang/NoClassDefFoundError'{0x0000000088da58a8}: javax/annotation/Priority> (0x0000000088da58a8) 
thrown [t:\workspace\open\src\hotspot\share\classfile\systemDictionary.cpp, line 245]
Event: 1.115 Thread 0x0000019fa77044b0 Exception <a 'java/lang/NoSuchMethodError'{0x0000000088a01e80}: 'java.lang.Object java.lang.invoke.DirectMethodHandle$Holder.invokeStaticInit(java.lang.Object, int, int, int, int)'> (0x0000000088a01e80) 
thrown [t:\workspace\open\src\hotspot\share\interpreter\linkResolver.cpp, line 766]

VM Operations (20 events):
Event: 0.710 Executing VM operation: HandshakeAllThreads
Event: 0.710 Executing VM operation: HandshakeAllThreads done
Event: 0.717 Executing VM operation: HandshakeAllThreads
Event: 0.717 Executing VM operation: HandshakeAllThreads done
Event: 0.739 Executing VM operation: HandshakeAllThreads
Event: 0.739 Executing VM operation: HandshakeAllThreads done
Event: 0.960 Executing VM operation: ICBufferFull
Event: 0.960 Executing VM operation: ICBufferFull done
Event: 0.966 Executing VM operation: HandshakeAllThreads
Event: 0.966 Executing VM operation: HandshakeAllThreads done
Event: 0.967 Executing VM operation: HandshakeAllThreads
Event: 0.967 Executing VM operation: HandshakeAllThreads done
Event: 1.029 Executing VM operation: HandshakeAllThreads
Event: 1.029 Executing VM operation: HandshakeAllThreads done
Event: 1.103 Executing VM operation: HandshakeAllThreads
Event: 1.103 Executing VM operation: HandshakeAllThreads done
Event: 1.130 Executing VM operation: HandshakeAllThreads
Event: 1.130 Executing VM operation: HandshakeAllThreads done
Event: 1.144 Executing VM operation: G1CollectForAllocation
Event: 1.151 Executing VM operation: G1CollectForAllocation done

Events (20 events):
Event: 1.113 loading class sun/security/provider/DRBG
Event: 1.113 loading class java/security/SecureRandomSpi
Event: 1.113 loading class java/security/SecureRandomSpi done
Event: 1.113 loading class sun/security/provider/DRBG done
Event: 1.114 loading class java/security/DrbgParameters$Capability
Event: 1.114 loading class java/security/DrbgParameters$Capability done
Event: 1.114 loading class sun/security/provider/MoreDrbgParameters
Event: 1.114 loading class sun/security/provider/MoreDrbgParameters done
Event: 1.114 loading class java/security/DrbgParameters
Event: 1.114 loading class java/security/DrbgParameters done
Event: 1.114 loading class java/security/DrbgParameters$Instantiation
Event: 1.114 loading class java/security/DrbgParameters$Instantiation done
Event: 1.114 loading class sun/security/provider/HashDrbg
Event: 1.114 loading class sun/security/provider/AbstractHashDrbg
Event: 1.114 loading class sun/security/provider/AbstractDrbg
Event: 1.114 loading class sun/security/provider/AbstractDrbg done
Event: 1.114 loading class sun/security/provider/AbstractHashDrbg done
Event: 1.114 loading class sun/security/provider/HashDrbg done
Event: 1.114 loading class sun/security/provider/EntropySource
Event: 1.114 loading class sun/security/provider/EntropySource done


Dynamic libraries:
0x00007ff69ed20000 - 0x00007ff69ed30000 	C:\Java\jdk-17.0.1\bin\java.exe
0x00007ffa7fa40000 - 0x00007ffa7fc47000 	C:\Windows\SYSTEM32\ntdll.dll
0x00007ffa7e2d0000 - 0x00007ffa7e38d000 	C:\Windows\System32\KERNEL32.DLL
0x00007ffa7d120000 - 0x00007ffa7d494000 	C:\Windows\System32\KERNELBASE.dll
0x00007ffa7d540000 - 0x00007ffa7d651000 	C:\Windows\System32\ucrtbase.dll
0x00007ffa77780000 - 0x00007ffa77798000 	C:\Java\jdk-17.0.1\bin\jli.dll
0x00007ffa59d80000 - 0x00007ffa59d9a000 	C:\Java\jdk-17.0.1\bin\VCRUNTIME140.dll
0x00007ffa7f620000 - 0x00007ffa7f6ce000 	C:\Windows\System32\ADVAPI32.dll
0x00007ffa7f540000 - 0x00007ffa7f5e3000 	C:\Windows\System32\msvcrt.dll
0x00007ffa7e230000 - 0x00007ffa7e2ce000 	C:\Windows\System32\sechost.dll
0x00007ffa7e5c0000 - 0x00007ffa7e6e0000 	C:\Windows\System32\RPCRT4.dll
0x00007ffa7e3f0000 - 0x00007ffa7e59c000 	C:\Windows\System32\USER32.dll
0x00007ffa7d780000 - 0x00007ffa7d7a6000 	C:\Windows\System32\win32u.dll
0x00007ffa68eb0000 - 0x00007ffa69155000 	C:\Windows\WinSxS\amd64_microsoft.windows.common-controls_6595b64144ccf1df_6.0.22000.120_none_9d947278b86cc467\COMCTL32.dll
0x00007ffa7f5f0000 - 0x00007ffa7f619000 	C:\Windows\System32\GDI32.dll
0x00007ffa7d660000 - 0x00007ffa7d772000 	C:\Windows\System32\gdi32full.dll
0x00007ffa7d4a0000 - 0x00007ffa7d53d000 	C:\Windows\System32\msvcp_win.dll
0x00007ffa767c0000 - 0x00007ffa767ca000 	C:\Windows\SYSTEM32\VERSION.dll
0x00007ffa7de60000 - 0x00007ffa7de91000 	C:\Windows\System32\IMM32.DLL
0x00007ffa68e70000 - 0x00007ffa68e7c000 	C:\Java\jdk-17.0.1\bin\vcruntime140_1.dll
0x00007ffa30830000 - 0x00007ffa308bd000 	C:\Java\jdk-17.0.1\bin\msvcp140.dll
0x00007ffa2d810000 - 0x00007ffa2e3ce000 	C:\Java\jdk-17.0.1\bin\server\jvm.dll
0x00007ffa7e220000 - 0x00007ffa7e228000 	C:\Windows\System32\PSAPI.DLL
0x00007ffa786a0000 - 0x00007ffa786d3000 	C:\Windows\SYSTEM32\WINMM.dll
0x00007ffa6aea0000 - 0x00007ffa6aea9000 	C:\Windows\SYSTEM32\WSOCK32.dll
0x00007ffa7f4d0000 - 0x00007ffa7f53f000 	C:\Windows\System32\WS2_32.dll
0x00007ffa7c030000 - 0x00007ffa7c048000 	C:\Windows\SYSTEM32\kernel.appcore.dll
0x00007ffa659a0000 - 0x00007ffa659aa000 	C:\Java\jdk-17.0.1\bin\jimage.dll
0x00007ffa71e90000 - 0x00007ffa720b1000 	C:\Windows\SYSTEM32\DBGHELP.DLL
0x00007ffa71e50000 - 0x00007ffa71e81000 	C:\Windows\SYSTEM32\dbgcore.DLL
0x00007ffa7cf30000 - 0x00007ffa7cfaf000 	C:\Windows\System32\bcryptPrimitives.dll
0x00007ffa31300000 - 0x00007ffa31325000 	C:\Java\jdk-17.0.1\bin\java.dll
0x00007ffa31220000 - 0x00007ffa312f6000 	C:\Java\jdk-17.0.1\bin\svml.dll
0x00007ffa7eb60000 - 0x00007ffa7f30e000 	C:\Windows\System32\SHELL32.dll
0x00007ffa7b0a0000 - 0x00007ffa7b907000 	C:\Windows\SYSTEM32\windows.storage.dll
0x00007ffa7d8e0000 - 0x00007ffa7dc58000 	C:\Windows\System32\combase.dll
0x00007ffa7af30000 - 0x00007ffa7b096000 	C:\Windows\SYSTEM32\wintypes.dll
0x00007ffa7f900000 - 0x00007ffa7f9ea000 	C:\Windows\System32\SHCORE.dll
0x00007ffa7e390000 - 0x00007ffa7e3ed000 	C:\Windows\System32\shlwapi.dll
0x00007ffa7ce60000 - 0x00007ffa7ce81000 	C:\Windows\SYSTEM32\profapi.dll
0x00007ffa59740000 - 0x00007ffa59759000 	C:\Java\jdk-17.0.1\bin\net.dll
0x00007ffa77e30000 - 0x00007ffa77f3c000 	C:\Windows\SYSTEM32\WINHTTP.dll
0x00007ffa7c460000 - 0x00007ffa7c4c7000 	C:\Windows\system32\mswsock.dll
0x00007ffa4b010000 - 0x00007ffa4b025000 	C:\Java\jdk-17.0.1\bin\nio.dll
0x00007ffa49ae0000 - 0x00007ffa49af8000 	C:\Java\jdk-17.0.1\bin\zip.dll
0x00007ffa64fe0000 - 0x00007ffa64ff0000 	C:\Java\jdk-17.0.1\bin\verify.dll
0x00007ffa75120000 - 0x00007ffa7512a000 	C:\NetBeans-12.6\netbeans\java\maven\lib\jansi-native\windows64\jansi.dll

dbghelp: loaded successfully - version: 4.0.5 - missing functions: none
symbol engine: initialized successfully - sym options: 0x614 - pdb path: .;C:\Java\jdk-17.0.1\bin;C:\Windows\SYSTEM32;C:\Windows\WinSxS\amd64_microsoft.windows.common-controls_6595b64144ccf1df_6.0.22000.120_none_9d947278b86cc467;C:\Java\jdk-17.0.1\bin\server;C:\NetBeans-12.6\netbeans\java\maven\lib\jansi-native\windows64

VM Arguments:
jvm_args: -Dclassworlds.conf=C:\NetBeans-12.6\netbeans\java\maven\bin\..\bin\m2.conf -Dmaven.home=C:\NetBeans-12.6\netbeans\java\maven\bin\.. -Dlibrary.jansi.path=C:\NetBeans-12.6\netbeans\java\maven\bin\..\lib\jansi-native -Dmaven.multiModuleProjectDirectory=C:\Users\vinit\Documents\NetBeansProjects\LibraryManagementSystem 
java_command: org.codehaus.plexus.classworlds.launcher.Launcher -DartifactId=jcalendar -DgroupId=com.toedter -Dversion=1.3.2 -Dpackaging=jar -Dfile=C:\Users\vinit\Documents\jarFile\jcalendar-1.3.2.jar -DgeneratePom=false -Dmaven.ext.class.path=C:\NetBeans-12.6\netbeans\java\maven-nblib\netbeans-eventspy.jar -Dfile.encoding=UTF-8 install:install-file
java_class_path (initial): C:\NetBeans-12.6\netbeans\java\maven\bin\..\boot\plexus-classworlds-2.6.0.jar
Launcher Type: SUN_STANDARD

[Global flags]
     intx CICompilerCount                          = 4                                         {product} {ergonomic}
     uint ConcGCThreads                            = 2                                         {product} {ergonomic}
     uint G1ConcRefinementThreads                  = 8                                         {product} {ergonomic}
   size_t G1HeapRegionSize                         = 1048576                                   {product} {ergonomic}
    uintx GCDrainStackTargetSize                   = 64                                        {product} {ergonomic}
   size_t InitialHeapSize                          = 132120576                                 {product} {ergonomic}
   size_t MarkStackSize                            = 4194304                                   {product} {ergonomic}
   size_t MaxHeapSize                              = 2099249152                                {product} {ergonomic}
   size_t MaxNewSize                               = 1259339776                                {product} {ergonomic}
   size_t MinHeapDeltaBytes                        = 1048576                                   {product} {ergonomic}
   size_t MinHeapSize                              = 8388608                                   {product} {ergonomic}
    uintx NonNMethodCodeHeapSize                   = 5839372                                {pd product} {ergonomic}
    uintx NonProfiledCodeHeapSize                  = 122909434                              {pd product} {ergonomic}
    uintx ProfiledCodeHeapSize                     = 122909434                              {pd product} {ergonomic}
    uintx ReservedCodeCacheSize                    = 251658240                              {pd product} {ergonomic}
     bool SegmentedCodeCache                       = true                                      {product} {ergonomic}
   size_t SoftMaxHeapSize                          = 2099249152                             {manageable} {ergonomic}
     bool UseCompressedClassPointers               = true                           {product lp64_product} {ergonomic}
     bool UseCompressedOops                        = true                           {product lp64_product} {ergonomic}
     bool UseG1GC                                  = true                                      {product} {ergonomic}
     bool UseLargePagesIndividualAllocation        = false                                  {pd product} {ergonomic}

Logging:
Log output configuration:
 #0: stdout all=warning uptime,level,tags
 #1: stderr all=off uptime,level,tags

Environment Variables:
JAVA_HOME=C:\Java\jdk-17.0.1
PATH=C:\Program Files\Common Files\Oracle\Java\javapath;C:\MinGW\bin;C:\Program Files (x86)\VMware\VMware Workstation\bin\;C:\Program Files (x86)\Common Files\Intel\Shared Libraries\redist\intel64\compiler;C:\Windows\system32;C:\Windows;C:\Windows\System32\Wbem;C:\Windows\System32\WindowsPowerShell\v1.0\;C:\Windows\System32\OpenSSH\;C:\Program Files\Microsoft SQL Server\130\Tools\Binn\;C:\Program Files\Microsoft SQL Server\150\Tools\Binn\;C:\Java\jdk-17.0.1\bin;C:\Program Files\MySQL\MySQL Shell 8.0\bin\;C:\Users\vinit\AppData\Local\Microsoft\WindowsApps;C:\IntelliJ IDEA\bin;;C:\Users\vinit\AppData\Local\GitHubDesktop\bin;C:\Microsoft VS Code\bin
USERNAME=vinit
OS=Windows_NT
PROCESSOR_IDENTIFIER=AMD64 Family 23 Model 24 Stepping 1, AuthenticAMD



---------------  S Y S T E M  ---------------

OS:
 Windows 10 , 64 bit Build 22000 (10.0.22000.434)
OS uptime: 1 days 15:54 hours

CPU: total 8 (initial active 8) (8 cores per cpu, 2 threads per core) family 23 model 24 stepping 1 microcode 0x0, cx8, cmov, fxsr, ht, mmx, 3dnowpref, sse, sse2, sse3, ssse3, sse4a, sse4.1, sse4.2, popcnt, lzcnt, tsc, tscinvbit, avx, avx2, aes, clmul, bmi1, bmi2, adx, sha, fma, vzeroupper, clflush, clflushopt

Memory: 4k page, system-wide physical 8000M (791M free)
TotalPageFile size 12096M (AvailPageFile size 5M)
current process WorkingSet (physical memory assigned to process): 105M, peak: 105M
current process commit charge ("private bytes"): 237M, peak: 238M

vm_info: Java HotSpot(TM) 64-Bit Server VM (17.0.1+12-LTS-39) for windows-amd64 JRE (17.0.1+12-LTS-39), built on Sep 27 2021 18:41:35 by "mach5one" with MS VC++ 16.8 (VS2019)

END.
