#
# There is insufficient memory for the Java Runtime Environment to continue.
# Native memory allocation (malloc) failed to allocate 1544944 bytes for Chunk::new
# Possible reasons:
#   The system is out of physical RAM or swap space
#   The process is running with CompressedOops enabled, and the Java Heap may be blocking the growth of the native heap
# Possible solutions:
#   Reduce memory load on the system
#   Increase physical memory or swap space
#   Check if swap backing store is full
#   Decrease Java heap size (-Xmx/-Xms)
#   Decrease number of Java threads
#   Decrease Java thread stack sizes (-Xss)
#   Set larger code cache with -XX:ReservedCodeCacheSize=
#   JVM is running with Unscaled Compressed Oops mode in which the Java heap is
#     placed in the first 4GB address space. The Java Heap base address is the
#     maximum limit for the native heap growth. Please use -XX:HeapBaseMinAddress
#     to set the Java Heap base and to place the Java Heap above 4GB virtual address.
# This output file may be truncated or incomplete.
#
#  Out of Memory Error (arena.cpp:189), pid=13836, tid=10184
#
# JRE version: Java(TM) SE Runtime Environment (17.0.1+12) (build 17.0.1+12-LTS-39)
# Java VM: Java HotSpot(TM) 64-Bit Server VM (17.0.1+12-LTS-39, mixed mode, sharing, tiered, compressed oops, compressed class ptrs, g1 gc, windows-amd64)
# No core dump will be written. Minidumps are not enabled by default on client versions of Windows
#

---------------  S U M M A R Y ------------

Command Line: -Dclassworlds.conf=C:\NetBeans-12.6\netbeans\java\maven\bin\..\bin\m2.conf -Dmaven.home=C:\NetBeans-12.6\netbeans\java\maven\bin\.. -Dlibrary.jansi.path=C:\NetBeans-12.6\netbeans\java\maven\bin\..\lib\jansi-native -Dmaven.multiModuleProjectDirectory=C:\Users\vinit\Documents\NetBeansProjects\LibraryManagementSystem org.codehaus.plexus.classworlds.launcher.Launcher -Dexec.vmArgs= -Dexec.args=${exec.vmArgs} -classpath %classpath ${exec.mainClass} ${exec.appArgs} -Dexec.executable=C:\Java\jdk-17.0.1\bin\java.exe -Dexec.mainClass=statistics -Dexec.classpathScope=runtime -Dexec.appArgs= -Dmaven.ext.class.path=C:\NetBeans-12.6\netbeans\java\maven-nblib\netbeans-eventspy.jar -Dfile.encoding=UTF-8 org.codehaus.mojo:exec-maven-plugin:3.0.0:exec

Host: AMD Ryzen 5 3550H with Radeon Vega Mobile Gfx  , 8 cores, 7G,  Windows 10 , 64 bit Build 22000 (10.0.22000.434)
Time: Sun Jan 30 22:19:44 2022 India Standard Time elapsed time: 1.426729 seconds (0d 0h 0m 1s)

---------------  T H R E A D  ---------------

Current thread (0x0000028e06e82fd0):  JavaThread "C2 CompilerThread1" daemon [_thread_in_native, id=10184, stack(0x000000ce0fc00000,0x000000ce0fd00000)]


Current CompileTask:
C2:   1426 1967   !   4       java.net.URL::<init> (543 bytes)

Stack: [0x000000ce0fc00000,0x000000ce0fd00000]
Native frames: (J=compiled Java code, j=interpreted, Vv=VM code, C=native code)
V  [jvm.dll+0x66fa1a]
V  [jvm.dll+0x7ce5a4]
V  [jvm.dll+0x7cfd4e]
V  [jvm.dll+0x7d03b3]
V  [jvm.dll+0x242b05]
V  [jvm.dll+0xaa05b]
V  [jvm.dll+0xaa5ec]
V  [jvm.dll+0x35fa07]
V  [jvm.dll+0x329f51]
V  [jvm.dll+0x3293fa]
V  [jvm.dll+0x215bf1]
V  [jvm.dll+0x215011]
V  [jvm.dll+0x1a168d]
V  [jvm.dll+0x224848]
V  [jvm.dll+0x2229ac]
V  [jvm.dll+0x78435b]
V  [jvm.dll+0x77e91a]
V  [jvm.dll+0x66e845]
C  [ucrtbase.dll+0x26c0c]
C  [KERNEL32.DLL+0x154e0]
C  [ntdll.dll+0x485b]


---------------  P R O C E S S  ---------------

Threads class SMR info:
_java_thread_list=0x0000028e083444e0, length=14, elements={
0x0000028e68e34990, 0x0000028e06e55570, 0x0000028e06e571f0, 0x0000028e06e6f020,
0x0000028e06e709e0, 0x0000028e06e71390, 0x0000028e06e72550, 0x0000028e06e767e0,
0x0000028e06e81170, 0x0000028e06e8f2d0, 0x0000028e078f17c0, 0x0000028e078fcb10,
0x0000028e06e82fd0, 0x0000028e06e80240
}

Java Threads: ( => current thread )
  0x0000028e68e34990 JavaThread "main" [_thread_in_native, id=1852, stack(0x000000ce0e900000,0x000000ce0ea00000)]
  0x0000028e06e55570 JavaThread "Reference Handler" daemon [_thread_blocked, id=8732, stack(0x000000ce0f000000,0x000000ce0f100000)]
  0x0000028e06e571f0 JavaThread "Finalizer" daemon [_thread_blocked, id=17612, stack(0x000000ce0f100000,0x000000ce0f200000)]
  0x0000028e06e6f020 JavaThread "Signal Dispatcher" daemon [_thread_blocked, id=17440, stack(0x000000ce0f200000,0x000000ce0f300000)]
  0x0000028e06e709e0 JavaThread "Attach Listener" daemon [_thread_blocked, id=7880, stack(0x000000ce0f300000,0x000000ce0f400000)]
  0x0000028e06e71390 JavaThread "Service Thread" daemon [_thread_blocked, id=12596, stack(0x000000ce0f400000,0x000000ce0f500000)]
  0x0000028e06e72550 JavaThread "Monitor Deflation Thread" daemon [_thread_blocked, id=9432, stack(0x000000ce0f500000,0x000000ce0f600000)]
  0x0000028e06e767e0 JavaThread "C2 CompilerThread0" daemon [_thread_blocked, id=8264, stack(0x000000ce0f600000,0x000000ce0f700000)]
  0x0000028e06e81170 JavaThread "C1 CompilerThread0" daemon [_thread_blocked, id=3712, stack(0x000000ce0f700000,0x000000ce0f800000)]
  0x0000028e06e8f2d0 JavaThread "Sweeper thread" daemon [_thread_blocked, id=5828, stack(0x000000ce0f800000,0x000000ce0f900000)]
  0x0000028e078f17c0 JavaThread "Notification Thread" daemon [_thread_blocked, id=9436, stack(0x000000ce0f900000,0x000000ce0fa00000)]
  0x0000028e078fcb10 JavaThread "Common-Cleaner" daemon [_thread_blocked, id=4348, stack(0x000000ce0fb00000,0x000000ce0fc00000)]
=>0x0000028e06e82fd0 JavaThread "C2 CompilerThread1" daemon [_thread_in_native, id=10184, stack(0x000000ce0fc00000,0x000000ce0fd00000)]
  0x0000028e06e80240 JavaThread "C2 CompilerThread2" daemon [_thread_blocked, id=1916, stack(0x000000ce0fd00000,0x000000ce0fe00000)]

Other Threads:
  0x0000028e06e50ca0 VMThread "VM Thread" [stack: 0x000000ce0ef00000,0x000000ce0f000000] [id=2364]
  0x0000028e078f7cb0 WatcherThread [stack: 0x000000ce0fa00000,0x000000ce0fb00000] [id=9240]
  0x0000028e68e742b0 GCTaskThread "GC Thread#0" [stack: 0x000000ce0ea00000,0x000000ce0eb00000] [id=8404]
  0x0000028e0850cbf0 GCTaskThread "GC Thread#1" [stack: 0x000000ce0fe00000,0x000000ce0ff00000] [id=13512]
  0x0000028e08bd3cd0 GCTaskThread "GC Thread#2" [stack: 0x000000ce0ff00000,0x000000ce10000000] [id=6268]
  0x0000028e08a13fa0 GCTaskThread "GC Thread#3" [stack: 0x000000ce10000000,0x000000ce10100000] [id=8852]
  0x0000028e08641b80 GCTaskThread "GC Thread#4" [stack: 0x000000ce10100000,0x000000ce10200000] [id=9816]
  0x0000028e079d32e0 GCTaskThread "GC Thread#5" [stack: 0x000000ce10200000,0x000000ce10300000] [id=7664]
  0x0000028e085dfcf0 GCTaskThread "GC Thread#6" [stack: 0x000000ce10300000,0x000000ce10400000] [id=8804]
  0x0000028e089b84f0 GCTaskThread "GC Thread#7" [stack: 0x000000ce10400000,0x000000ce10500000] [id=2936]
  0x0000028e68e84b30 ConcurrentGCThread "G1 Main Marker" [stack: 0x000000ce0eb00000,0x000000ce0ec00000] [id=12612]
  0x0000028e68e86bf0 ConcurrentGCThread "G1 Conc#0" [stack: 0x000000ce0ec00000,0x000000ce0ed00000] [id=16400]
  0x0000028e68f06240 ConcurrentGCThread "G1 Refine#0" [stack: 0x000000ce0ed00000,0x000000ce0ee00000] [id=13456]
  0x0000028e68f06b60 ConcurrentGCThread "G1 Service" [stack: 0x000000ce0ee00000,0x000000ce0ef00000] [id=14600]

Threads with active compile tasks:
C2 CompilerThread1     1446 1967   !   4       java.net.URL::<init> (543 bytes)

VM state: not at safepoint (normal execution)

VM Mutex/Monitor currently owned by a thread: None

Heap address: 0x0000000082e00000, size: 2002 MB, Compressed Oops mode: 32-bit

CDS archive(s) mapped at: [0x0000000800000000-0x0000000800bc0000-0x0000000800bc0000), size 12320768, SharedBaseAddress: 0x0000000800000000, ArchiveRelocationMode: 0.
Compressed class space mapped at: 0x0000000800c00000-0x0000000840c00000, reserved size: 1073741824
Narrow klass base: 0x0000000800000000, Narrow klass shift: 0, Narrow klass range: 0x100000000

GC Precious Log:
 CPUs: 8 total, 8 available
 Memory: 8000M
 Large Page Support: Disabled
 NUMA Support: Disabled
 Compressed Oops: Enabled (32-bit)
 Heap Region Size: 1M
 Heap Min Capacity: 8M
 Heap Initial Capacity: 126M
 Heap Max Capacity: 2002M
 Pre-touch: Disabled
 Parallel Workers: 8
 Concurrent Workers: 2
 Concurrent Refinement Workers: 8
 Periodic GC: Disabled

Heap:
 garbage-first heap   total 129024K, used 13047K [0x0000000082e00000, 0x0000000100000000)
  region size 1024K, 11 young (11264K), 3 survivors (3072K)
 Metaspace       used 11644K, committed 11776K, reserved 1064960K
  class space    used 1393K, committed 1472K, reserved 1048576K

Heap Regions: E=young(eden), S=young(survivor), O=old, HS=humongous(starts), HC=humongous(continues), CS=collection set, F=free, OA=open archive, CA=closed archive, TAMS=top-at-mark-start (previous, next)
|   0|0x0000000082e00000, 0x0000000082f00000, 0x0000000082f00000|100%| O|  |TAMS 0x0000000082e00000, 0x0000000082e00000| Untracked 
|   1|0x0000000082f00000, 0x0000000083000000, 0x0000000083000000|100%| O|  |TAMS 0x0000000082f00000, 0x0000000082f00000| Untracked 
|   2|0x0000000083000000, 0x0000000083100000, 0x0000000083100000|100%| O|  |TAMS 0x0000000083000000, 0x0000000083000000| Untracked 
|   3|0x0000000083100000, 0x000000008316a600, 0x0000000083200000| 41%| O|  |TAMS 0x0000000083100000, 0x0000000083100000| Untracked 
|   4|0x0000000083200000, 0x0000000083200000, 0x0000000083300000|  0%| F|  |TAMS 0x0000000083200000, 0x0000000083200000| Untracked 
|   5|0x0000000083300000, 0x0000000083300000, 0x0000000083400000|  0%| F|  |TAMS 0x0000000083300000, 0x0000000083300000| Untracked 
|   6|0x0000000083400000, 0x0000000083400000, 0x0000000083500000|  0%| F|  |TAMS 0x0000000083400000, 0x0000000083400000| Untracked 
|   7|0x0000000083500000, 0x0000000083500000, 0x0000000083600000|  0%| F|  |TAMS 0x0000000083500000, 0x0000000083500000| Untracked 
|   8|0x0000000083600000, 0x0000000083600000, 0x0000000083700000|  0%| F|  |TAMS 0x0000000083600000, 0x0000000083600000| Untracked 
|   9|0x0000000083700000, 0x0000000083700000, 0x0000000083800000|  0%| F|  |TAMS 0x0000000083700000, 0x0000000083700000| Untracked 
|  10|0x0000000083800000, 0x0000000083800000, 0x0000000083900000|  0%| F|  |TAMS 0x0000000083800000, 0x0000000083800000| Untracked 
|  11|0x0000000083900000, 0x0000000083900000, 0x0000000083a00000|  0%| F|  |TAMS 0x0000000083900000, 0x0000000083900000| Untracked 
|  12|0x0000000083a00000, 0x0000000083a00000, 0x0000000083b00000|  0%| F|  |TAMS 0x0000000083a00000, 0x0000000083a00000| Untracked 
|  13|0x0000000083b00000, 0x0000000083b00000, 0x0000000083c00000|  0%| F|  |TAMS 0x0000000083b00000, 0x0000000083b00000| Untracked 
|  14|0x0000000083c00000, 0x0000000083c00000, 0x0000000083d00000|  0%| F|  |TAMS 0x0000000083c00000, 0x0000000083c00000| Untracked 
|  15|0x0000000083d00000, 0x0000000083d00000, 0x0000000083e00000|  0%| F|  |TAMS 0x0000000083d00000, 0x0000000083d00000| Untracked 
|  16|0x0000000083e00000, 0x0000000083e00000, 0x0000000083f00000|  0%| F|  |TAMS 0x0000000083e00000, 0x0000000083e00000| Untracked 
|  17|0x0000000083f00000, 0x0000000083f00000, 0x0000000084000000|  0%| F|  |TAMS 0x0000000083f00000, 0x0000000083f00000| Untracked 
|  18|0x0000000084000000, 0x0000000084000000, 0x0000000084100000|  0%| F|  |TAMS 0x0000000084000000, 0x0000000084000000| Untracked 
|  19|0x0000000084100000, 0x0000000084100000, 0x0000000084200000|  0%| F|  |TAMS 0x0000000084100000, 0x0000000084100000| Untracked 
|  20|0x0000000084200000, 0x0000000084200000, 0x0000000084300000|  0%| F|  |TAMS 0x0000000084200000, 0x0000000084200000| Untracked 
|  21|0x0000000084300000, 0x0000000084300000, 0x0000000084400000|  0%| F|  |TAMS 0x0000000084300000, 0x0000000084300000| Untracked 
|  22|0x0000000084400000, 0x0000000084400000, 0x0000000084500000|  0%| F|  |TAMS 0x0000000084400000, 0x0000000084400000| Untracked 
|  23|0x0000000084500000, 0x0000000084500000, 0x0000000084600000|  0%| F|  |TAMS 0x0000000084500000, 0x0000000084500000| Untracked 
|  24|0x0000000084600000, 0x0000000084600000, 0x0000000084700000|  0%| F|  |TAMS 0x0000000084600000, 0x0000000084600000| Untracked 
|  25|0x0000000084700000, 0x0000000084700000, 0x0000000084800000|  0%| F|  |TAMS 0x0000000084700000, 0x0000000084700000| Untracked 
|  26|0x0000000084800000, 0x0000000084800000, 0x0000000084900000|  0%| F|  |TAMS 0x0000000084800000, 0x0000000084800000| Untracked 
|  27|0x0000000084900000, 0x0000000084900000, 0x0000000084a00000|  0%| F|  |TAMS 0x0000000084900000, 0x0000000084900000| Untracked 
|  28|0x0000000084a00000, 0x0000000084a00000, 0x0000000084b00000|  0%| F|  |TAMS 0x0000000084a00000, 0x0000000084a00000| Untracked 
|  29|0x0000000084b00000, 0x0000000084b00000, 0x0000000084c00000|  0%| F|  |TAMS 0x0000000084b00000, 0x0000000084b00000| Untracked 
|  30|0x0000000084c00000, 0x0000000084c00000, 0x0000000084d00000|  0%| F|  |TAMS 0x0000000084c00000, 0x0000000084c00000| Untracked 
|  31|0x0000000084d00000, 0x0000000084d00000, 0x0000000084e00000|  0%| F|  |TAMS 0x0000000084d00000, 0x0000000084d00000| Untracked 
|  32|0x0000000084e00000, 0x0000000084e00000, 0x0000000084f00000|  0%| F|  |TAMS 0x0000000084e00000, 0x0000000084e00000| Untracked 
|  33|0x0000000084f00000, 0x0000000084f00000, 0x0000000085000000|  0%| F|  |TAMS 0x0000000084f00000, 0x0000000084f00000| Untracked 
|  34|0x0000000085000000, 0x0000000085000000, 0x0000000085100000|  0%| F|  |TAMS 0x0000000085000000, 0x0000000085000000| Untracked 
|  35|0x0000000085100000, 0x0000000085100000, 0x0000000085200000|  0%| F|  |TAMS 0x0000000085100000, 0x0000000085100000| Untracked 
|  36|0x0000000085200000, 0x0000000085200000, 0x0000000085300000|  0%| F|  |TAMS 0x0000000085200000, 0x0000000085200000| Untracked 
|  37|0x0000000085300000, 0x0000000085300000, 0x0000000085400000|  0%| F|  |TAMS 0x0000000085300000, 0x0000000085300000| Untracked 
|  38|0x0000000085400000, 0x0000000085400000, 0x0000000085500000|  0%| F|  |TAMS 0x0000000085400000, 0x0000000085400000| Untracked 
|  39|0x0000000085500000, 0x0000000085500000, 0x0000000085600000|  0%| F|  |TAMS 0x0000000085500000, 0x0000000085500000| Untracked 
|  40|0x0000000085600000, 0x0000000085600000, 0x0000000085700000|  0%| F|  |TAMS 0x0000000085600000, 0x0000000085600000| Untracked 
|  41|0x0000000085700000, 0x0000000085700000, 0x0000000085800000|  0%| F|  |TAMS 0x0000000085700000, 0x0000000085700000| Untracked 
|  42|0x0000000085800000, 0x0000000085800000, 0x0000000085900000|  0%| F|  |TAMS 0x0000000085800000, 0x0000000085800000| Untracked 
|  43|0x0000000085900000, 0x0000000085900000, 0x0000000085a00000|  0%| F|  |TAMS 0x0000000085900000, 0x0000000085900000| Untracked 
|  44|0x0000000085a00000, 0x0000000085a00000, 0x0000000085b00000|  0%| F|  |TAMS 0x0000000085a00000, 0x0000000085a00000| Untracked 
|  45|0x0000000085b00000, 0x0000000085b00000, 0x0000000085c00000|  0%| F|  |TAMS 0x0000000085b00000, 0x0000000085b00000| Untracked 
|  46|0x0000000085c00000, 0x0000000085c00000, 0x0000000085d00000|  0%| F|  |TAMS 0x0000000085c00000, 0x0000000085c00000| Untracked 
|  47|0x0000000085d00000, 0x0000000085d00000, 0x0000000085e00000|  0%| F|  |TAMS 0x0000000085d00000, 0x0000000085d00000| Untracked 
|  48|0x0000000085e00000, 0x0000000085e00000, 0x0000000085f00000|  0%| F|  |TAMS 0x0000000085e00000, 0x0000000085e00000| Untracked 
|  49|0x0000000085f00000, 0x0000000085f00000, 0x0000000086000000|  0%| F|  |TAMS 0x0000000085f00000, 0x0000000085f00000| Untracked 
|  50|0x0000000086000000, 0x0000000086000000, 0x0000000086100000|  0%| F|  |TAMS 0x0000000086000000, 0x0000000086000000| Untracked 
|  51|0x0000000086100000, 0x0000000086100000, 0x0000000086200000|  0%| F|  |TAMS 0x0000000086100000, 0x0000000086100000| Untracked 
|  52|0x0000000086200000, 0x0000000086200000, 0x0000000086300000|  0%| F|  |TAMS 0x0000000086200000, 0x0000000086200000| Untracked 
|  53|0x0000000086300000, 0x0000000086300000, 0x0000000086400000|  0%| F|  |TAMS 0x0000000086300000, 0x0000000086300000| Untracked 
|  54|0x0000000086400000, 0x0000000086400000, 0x0000000086500000|  0%| F|  |TAMS 0x0000000086400000, 0x0000000086400000| Untracked 
|  55|0x0000000086500000, 0x0000000086500000, 0x0000000086600000|  0%| F|  |TAMS 0x0000000086500000, 0x0000000086500000| Untracked 
|  56|0x0000000086600000, 0x0000000086600000, 0x0000000086700000|  0%| F|  |TAMS 0x0000000086600000, 0x0000000086600000| Untracked 
|  57|0x0000000086700000, 0x0000000086700000, 0x0000000086800000|  0%| F|  |TAMS 0x0000000086700000, 0x0000000086700000| Untracked 
|  58|0x0000000086800000, 0x0000000086800000, 0x0000000086900000|  0%| F|  |TAMS 0x0000000086800000, 0x0000000086800000| Untracked 
|  59|0x0000000086900000, 0x0000000086900000, 0x0000000086a00000|  0%| F|  |TAMS 0x0000000086900000, 0x0000000086900000| Untracked 
|  60|0x0000000086a00000, 0x0000000086a00000, 0x0000000086b00000|  0%| F|  |TAMS 0x0000000086a00000, 0x0000000086a00000| Untracked 
|  61|0x0000000086b00000, 0x0000000086b00000, 0x0000000086c00000|  0%| F|  |TAMS 0x0000000086b00000, 0x0000000086b00000| Untracked 
|  62|0x0000000086c00000, 0x0000000086c00000, 0x0000000086d00000|  0%| F|  |TAMS 0x0000000086c00000, 0x0000000086c00000| Untracked 
|  63|0x0000000086d00000, 0x0000000086d00000, 0x0000000086e00000|  0%| F|  |TAMS 0x0000000086d00000, 0x0000000086d00000| Untracked 
|  64|0x0000000086e00000, 0x0000000086e00000, 0x0000000086f00000|  0%| F|  |TAMS 0x0000000086e00000, 0x0000000086e00000| Untracked 
|  65|0x0000000086f00000, 0x0000000086f00000, 0x0000000087000000|  0%| F|  |TAMS 0x0000000086f00000, 0x0000000086f00000| Untracked 
|  66|0x0000000087000000, 0x0000000087000000, 0x0000000087100000|  0%| F|  |TAMS 0x0000000087000000, 0x0000000087000000| Untracked 
|  67|0x0000000087100000, 0x0000000087100000, 0x0000000087200000|  0%| F|  |TAMS 0x0000000087100000, 0x0000000087100000| Untracked 
|  68|0x0000000087200000, 0x0000000087200000, 0x0000000087300000|  0%| F|  |TAMS 0x0000000087200000, 0x0000000087200000| Untracked 
|  69|0x0000000087300000, 0x0000000087300000, 0x0000000087400000|  0%| F|  |TAMS 0x0000000087300000, 0x0000000087300000| Untracked 
|  70|0x0000000087400000, 0x0000000087400000, 0x0000000087500000|  0%| F|  |TAMS 0x0000000087400000, 0x0000000087400000| Untracked 
|  71|0x0000000087500000, 0x0000000087500000, 0x0000000087600000|  0%| F|  |TAMS 0x0000000087500000, 0x0000000087500000| Untracked 
|  72|0x0000000087600000, 0x0000000087600000, 0x0000000087700000|  0%| F|  |TAMS 0x0000000087600000, 0x0000000087600000| Untracked 
|  73|0x0000000087700000, 0x0000000087700000, 0x0000000087800000|  0%| F|  |TAMS 0x0000000087700000, 0x0000000087700000| Untracked 
|  74|0x0000000087800000, 0x0000000087800000, 0x0000000087900000|  0%| F|  |TAMS 0x0000000087800000, 0x0000000087800000| Untracked 
|  75|0x0000000087900000, 0x0000000087900000, 0x0000000087a00000|  0%| F|  |TAMS 0x0000000087900000, 0x0000000087900000| Untracked 
|  76|0x0000000087a00000, 0x0000000087a00000, 0x0000000087b00000|  0%| F|  |TAMS 0x0000000087a00000, 0x0000000087a00000| Untracked 
|  77|0x0000000087b00000, 0x0000000087b00000, 0x0000000087c00000|  0%| F|  |TAMS 0x0000000087b00000, 0x0000000087b00000| Untracked 
|  78|0x0000000087c00000, 0x0000000087c00000, 0x0000000087d00000|  0%| F|  |TAMS 0x0000000087c00000, 0x0000000087c00000| Untracked 
|  79|0x0000000087d00000, 0x0000000087d00000, 0x0000000087e00000|  0%| F|  |TAMS 0x0000000087d00000, 0x0000000087d00000| Untracked 
|  80|0x0000000087e00000, 0x0000000087e00000, 0x0000000087f00000|  0%| F|  |TAMS 0x0000000087e00000, 0x0000000087e00000| Untracked 
|  81|0x0000000087f00000, 0x0000000087f00000, 0x0000000088000000|  0%| F|  |TAMS 0x0000000087f00000, 0x0000000087f00000| Untracked 
|  82|0x0000000088000000, 0x0000000088000000, 0x0000000088100000|  0%| F|  |TAMS 0x0000000088000000, 0x0000000088000000| Untracked 
|  83|0x0000000088100000, 0x0000000088100000, 0x0000000088200000|  0%| F|  |TAMS 0x0000000088100000, 0x0000000088100000| Untracked 
|  84|0x0000000088200000, 0x0000000088200000, 0x0000000088300000|  0%| F|  |TAMS 0x0000000088200000, 0x0000000088200000| Untracked 
|  85|0x0000000088300000, 0x0000000088300000, 0x0000000088400000|  0%| F|  |TAMS 0x0000000088300000, 0x0000000088300000| Untracked 
|  86|0x0000000088400000, 0x0000000088400000, 0x0000000088500000|  0%| F|  |TAMS 0x0000000088400000, 0x0000000088400000| Untracked 
|  87|0x0000000088500000, 0x0000000088500000, 0x0000000088600000|  0%| F|  |TAMS 0x0000000088500000, 0x0000000088500000| Untracked 
|  88|0x0000000088600000, 0x0000000088600000, 0x0000000088700000|  0%| F|  |TAMS 0x0000000088600000, 0x0000000088600000| Untracked 
|  89|0x0000000088700000, 0x0000000088753750, 0x0000000088800000| 32%| S|CS|TAMS 0x0000000088700000, 0x0000000088700000| Complete 
|  90|0x0000000088800000, 0x0000000088900000, 0x0000000088900000|100%| S|CS|TAMS 0x0000000088800000, 0x0000000088800000| Complete 
|  91|0x0000000088900000, 0x0000000088a00000, 0x0000000088a00000|100%| S|CS|TAMS 0x0000000088900000, 0x0000000088900000| Complete 
|  92|0x0000000088a00000, 0x0000000088a00000, 0x0000000088b00000|  0%| F|  |TAMS 0x0000000088a00000, 0x0000000088a00000| Untracked 
|  93|0x0000000088b00000, 0x0000000088b00000, 0x0000000088c00000|  0%| F|  |TAMS 0x0000000088b00000, 0x0000000088b00000| Untracked 
|  94|0x0000000088c00000, 0x0000000088c00000, 0x0000000088d00000|  0%| F|  |TAMS 0x0000000088c00000, 0x0000000088c00000| Untracked 
|  95|0x0000000088d00000, 0x0000000088d00000, 0x0000000088e00000|  0%| F|  |TAMS 0x0000000088d00000, 0x0000000088d00000| Untracked 
|  96|0x0000000088e00000, 0x0000000088e00000, 0x0000000088f00000|  0%| F|  |TAMS 0x0000000088e00000, 0x0000000088e00000| Untracked 
|  97|0x0000000088f00000, 0x0000000088f00000, 0x0000000089000000|  0%| F|  |TAMS 0x0000000088f00000, 0x0000000088f00000| Untracked 
|  98|0x0000000089000000, 0x0000000089000000, 0x0000000089100000|  0%| F|  |TAMS 0x0000000089000000, 0x0000000089000000| Untracked 
|  99|0x0000000089100000, 0x0000000089100000, 0x0000000089200000|  0%| F|  |TAMS 0x0000000089100000, 0x0000000089100000| Untracked 
| 100|0x0000000089200000, 0x0000000089200000, 0x0000000089300000|  0%| F|  |TAMS 0x0000000089200000, 0x0000000089200000| Untracked 
| 101|0x0000000089300000, 0x0000000089300000, 0x0000000089400000|  0%| F|  |TAMS 0x0000000089300000, 0x0000000089300000| Untracked 
| 102|0x0000000089400000, 0x0000000089400000, 0x0000000089500000|  0%| F|  |TAMS 0x0000000089400000, 0x0000000089400000| Untracked 
| 103|0x0000000089500000, 0x0000000089500000, 0x0000000089600000|  0%| F|  |TAMS 0x0000000089500000, 0x0000000089500000| Untracked 
| 104|0x0000000089600000, 0x0000000089600000, 0x0000000089700000|  0%| F|  |TAMS 0x0000000089600000, 0x0000000089600000| Untracked 
| 105|0x0000000089700000, 0x0000000089700000, 0x0000000089800000|  0%| F|  |TAMS 0x0000000089700000, 0x0000000089700000| Untracked 
| 106|0x0000000089800000, 0x0000000089800000, 0x0000000089900000|  0%| F|  |TAMS 0x0000000089800000, 0x0000000089800000| Untracked 
| 107|0x0000000089900000, 0x0000000089900000, 0x0000000089a00000|  0%| F|  |TAMS 0x0000000089900000, 0x0000000089900000| Untracked 
| 108|0x0000000089a00000, 0x0000000089a00000, 0x0000000089b00000|  0%| F|  |TAMS 0x0000000089a00000, 0x0000000089a00000| Untracked 
| 109|0x0000000089b00000, 0x0000000089b00000, 0x0000000089c00000|  0%| F|  |TAMS 0x0000000089b00000, 0x0000000089b00000| Untracked 
| 110|0x0000000089c00000, 0x0000000089c00000, 0x0000000089d00000|  0%| F|  |TAMS 0x0000000089c00000, 0x0000000089c00000| Untracked 
| 111|0x0000000089d00000, 0x0000000089d00000, 0x0000000089e00000|  0%| F|  |TAMS 0x0000000089d00000, 0x0000000089d00000| Untracked 
| 112|0x0000000089e00000, 0x0000000089e00000, 0x0000000089f00000|  0%| F|  |TAMS 0x0000000089e00000, 0x0000000089e00000| Untracked 
| 113|0x0000000089f00000, 0x0000000089f00000, 0x000000008a000000|  0%| F|  |TAMS 0x0000000089f00000, 0x0000000089f00000| Untracked 
| 114|0x000000008a000000, 0x000000008a000000, 0x000000008a100000|  0%| F|  |TAMS 0x000000008a000000, 0x000000008a000000| Untracked 
| 115|0x000000008a100000, 0x000000008a100000, 0x000000008a200000|  0%| F|  |TAMS 0x000000008a100000, 0x000000008a100000| Untracked 
| 116|0x000000008a200000, 0x000000008a200000, 0x000000008a300000|  0%| F|  |TAMS 0x000000008a200000, 0x000000008a200000| Untracked 
| 117|0x000000008a300000, 0x000000008a300000, 0x000000008a400000|  0%| F|  |TAMS 0x000000008a300000, 0x000000008a300000| Untracked 
| 118|0x000000008a400000, 0x000000008a500000, 0x000000008a500000|100%| E|  |TAMS 0x000000008a400000, 0x000000008a400000| Complete 
| 119|0x000000008a500000, 0x000000008a600000, 0x000000008a600000|100%| E|CS|TAMS 0x000000008a500000, 0x000000008a500000| Complete 
| 120|0x000000008a600000, 0x000000008a700000, 0x000000008a700000|100%| E|CS|TAMS 0x000000008a600000, 0x000000008a600000| Complete 
| 121|0x000000008a700000, 0x000000008a800000, 0x000000008a800000|100%| E|CS|TAMS 0x000000008a700000, 0x000000008a700000| Complete 
| 122|0x000000008a800000, 0x000000008a900000, 0x000000008a900000|100%| E|CS|TAMS 0x000000008a800000, 0x000000008a800000| Complete 
| 123|0x000000008a900000, 0x000000008aa00000, 0x000000008aa00000|100%| E|CS|TAMS 0x000000008a900000, 0x000000008a900000| Complete 
| 124|0x000000008aa00000, 0x000000008ab00000, 0x000000008ab00000|100%| E|CS|TAMS 0x000000008aa00000, 0x000000008aa00000| Complete 
| 125|0x000000008ab00000, 0x000000008ac00000, 0x000000008ac00000|100%| E|CS|TAMS 0x000000008ab00000, 0x000000008ab00000| Complete 

Card table byte_map: [0x0000028e00000000,0x0000028e003f0000] _byte_map_base: 0x0000028dffbe9000

Marking Bits (Prev, Next): (CMBitMap*) 0x0000028e68e747c0, (CMBitMap*) 0x0000028e68e74800
 Prev Bits: [0x0000028e007e0000, 0x0000028e02728000)
 Next Bits: [0x0000028e02730000, 0x0000028e04678000)

Polling page: 0x0000028e66e00000

Metaspace:

Usage:
  Non-class:     10.01 MB used.
      Class:      1.36 MB used.
       Both:     11.37 MB used.

Virtual space:
  Non-class space:       16.00 MB reserved,      10.06 MB ( 63%) committed,  2 nodes.
      Class space:        1.00 GB reserved,       1.44 MB ( <1%) committed,  1 nodes.
             Both:        1.02 GB reserved,      11.50 MB (  1%) committed. 

Chunk freelists:
   Non-Class:  384.00 KB
       Class:  2.57 MB
        Both:  2.95 MB

MaxMetaspaceSize: unlimited
CompressedClassSpaceSize: 1.00 GB
Initial GC threshold: 21.00 MB
Current GC threshold: 21.00 MB
CDS: on
MetaspaceReclaimPolicy: balanced
 - commit_granule_bytes: 65536.
 - commit_granule_words: 8192.
 - virtual_space_node_default_size: 1048576.
 - enlarge_chunks_in_place: 1.
 - new_chunks_are_fully_committed: 0.
 - uncommit_free_chunks: 1.
 - use_allocation_guard: 0.
 - handle_deallocations: 1.


Internal statistics:

num_allocs_failed_limit: 0.
num_arena_births: 54.
num_arena_deaths: 0.
num_vsnodes_births: 3.
num_vsnodes_deaths: 0.
num_space_committed: 184.
num_space_uncommitted: 0.
num_chunks_returned_to_freelist: 0.
num_chunks_taken_from_freelist: 445.
num_chunk_merges: 0.
num_chunk_splits: 324.
num_chunks_enlarged: 265.
num_purges: 0.
num_inconsistent_stats: 0.

CodeHeap 'non-profiled nmethods': size=120000Kb used=773Kb max_used=773Kb free=119226Kb
 bounds [0x0000028e78110000, 0x0000028e78380000, 0x0000028e7f640000]
CodeHeap 'profiled nmethods': size=120000Kb used=4015Kb max_used=4015Kb free=115984Kb
 bounds [0x0000028e70be0000, 0x0000028e70fd0000, 0x0000028e78110000]
CodeHeap 'non-nmethods': size=5760Kb used=1169Kb max_used=1193Kb free=4590Kb
 bounds [0x0000028e70640000, 0x0000028e708b0000, 0x0000028e70be0000]
 total_blobs=2540 nmethods=2083 adapters=368
 compilation: enabled
              stopped_count=0, restarted_count=0
 full_count=0

Compilation events (20 events):
Event: 1.422 Thread 0x0000028e06e81170 nmethod 2072 0x0000028e70fc6990 code [0x0000028e70fc6b80, 0x0000028e70fc7038]
Event: 1.422 Thread 0x0000028e06e81170 2073       3       sun.nio.cs.StreamEncoder::isOpen (13 bytes)
Event: 1.422 Thread 0x0000028e06e81170 nmethod 2073 0x0000028e70fc7290 code [0x0000028e70fc7420, 0x0000028e70fc7598]
Event: 1.422 Thread 0x0000028e06e767e0 nmethod 2084 0x0000028e781d1210 code [0x0000028e781d1380, 0x0000028e781d13f8]
Event: 1.422 Thread 0x0000028e06e81170 2074       3       sun.nio.cs.StreamEncoder::implFlushBuffer (15 bytes)
Event: 1.422 Thread 0x0000028e06e81170 nmethod 2074 0x0000028e70fc7610 code [0x0000028e70fc77c0, 0x0000028e70fc7968]
Event: 1.422 Thread 0x0000028e06e81170 2076   !   3       java.io.PrintStream::write (69 bytes)
Event: 1.423 Thread 0x0000028e06e81170 nmethod 2076 0x0000028e70fc7a10 code [0x0000028e70fc7c20, 0x0000028e70fc82f8]
Event: 1.423 Thread 0x0000028e06e81170 2067       3       sun.nio.cs.SingleByte$Encoder::encodeLoop (28 bytes)
Event: 1.423 Thread 0x0000028e06e81170 nmethod 2067 0x0000028e70fc8610 code [0x0000028e70fc87e0, 0x0000028e70fc8bf8]
Event: 1.423 Thread 0x0000028e06e81170 2069       3       sun.nio.cs.SingleByte$Encoder::encode (32 bytes)
Event: 1.423 Thread 0x0000028e06e81170 nmethod 2069 0x0000028e70fc8d90 code [0x0000028e70fc8f40, 0x0000028e70fc9118]
Event: 1.423 Thread 0x0000028e06e81170 2070       3       sun.nio.cs.SingleByte::withResult (25 bytes)
Event: 1.423 Thread 0x0000028e06e81170 nmethod 2070 0x0000028e70fc9290 code [0x0000028e70fc9460, 0x0000028e70fc9898]
Event: 1.423 Thread 0x0000028e06e81170 2071       3       java.io.OutputStreamWriter::flushBuffer (8 bytes)
Event: 1.423 Thread 0x0000028e06e81170 nmethod 2071 0x0000028e70fc9a10 code [0x0000028e70fc9bc0, 0x0000028e70fc9d08]
Event: 1.423 Thread 0x0000028e06e81170 2082       3       java.nio.Buffer::clear (20 bytes)
Event: 1.423 Thread 0x0000028e06e81170 nmethod 2082 0x0000028e70fc9e10 code [0x0000028e70fc9fa0, 0x0000028e70fca0b8]
Event: 1.423 Thread 0x0000028e06e81170 2075       3       sun.nio.cs.StreamEncoder::writeBytes (139 bytes)
Event: 1.424 Thread 0x0000028e06e81170 nmethod 2075 0x0000028e70fca190 code [0x0000028e70fca400, 0x0000028e70fcadf8]

GC Heap History (4 events):
Event: 0.574 GC heap before
{Heap before GC invocations=0 (full 0):
 garbage-first heap   total 129024K, used 23552K [0x0000000082e00000, 0x0000000100000000)
  region size 1024K, 23 young (23552K), 0 survivors (0K)
 Metaspace       used 4793K, committed 4928K, reserved 1056768K
  class space    used 560K, committed 640K, reserved 1048576K
}
Event: 0.579 GC heap after
{Heap after GC invocations=1 (full 0):
 garbage-first heap   total 129024K, used 3596K [0x0000000082e00000, 0x0000000100000000)
  region size 1024K, 3 young (3072K), 3 survivors (3072K)
 Metaspace       used 4793K, committed 4928K, reserved 1056768K
  class space    used 560K, committed 640K, reserved 1048576K
}
Event: 1.223 GC heap before
{Heap before GC invocations=1 (full 0):
 garbage-first heap   total 129024K, used 35340K [0x0000000082e00000, 0x0000000100000000)
  region size 1024K, 34 young (34816K), 3 survivors (3072K)
 Metaspace       used 10109K, committed 10304K, reserved 1064960K
  class space    used 1240K, committed 1344K, reserved 1048576K
}
Event: 1.230 GC heap after
{Heap after GC invocations=2 (full 0):
 garbage-first heap   total 129024K, used 5879K [0x0000000082e00000, 0x0000000100000000)
  region size 1024K, 3 young (3072K), 3 survivors (3072K)
 Metaspace       used 10109K, committed 10304K, reserved 1064960K
  class space    used 1240K, committed 1344K, reserved 1048576K
}

Deoptimization events (20 events):
Event: 1.283 Thread 0x0000028e68e34990 Uncommon trap: trap_request=0xffffff45 fr.pc=0x0000028e78167bbc relative=0x000000000000079c
Event: 1.283 Thread 0x0000028e68e34990 Uncommon trap: reason=unstable_if action=reinterpret pc=0x0000028e78167bbc method=org.codehaus.plexus.util.xml.pull.MXParser.nextImpl()I @ 269 c2
Event: 1.283 Thread 0x0000028e68e34990 DEOPT PACKING pc=0x0000028e78167bbc sp=0x000000ce0e9fdf30
Event: 1.283 Thread 0x0000028e68e34990 DEOPT UNPACKING pc=0x0000028e706923a3 sp=0x000000ce0e9fdea0 mode 2
Event: 1.383 Thread 0x0000028e68e34990 Uncommon trap: trap_request=0xffffff45 fr.pc=0x0000028e781749f8 relative=0x0000000000000558
Event: 1.383 Thread 0x0000028e68e34990 Uncommon trap: reason=unstable_if action=reinterpret pc=0x0000028e781749f8 method=java.lang.String.replace(CC)Ljava/lang/String; @ 2 c2
Event: 1.383 Thread 0x0000028e68e34990 DEOPT PACKING pc=0x0000028e781749f8 sp=0x000000ce0e9fd630
Event: 1.383 Thread 0x0000028e68e34990 DEOPT UNPACKING pc=0x0000028e706923a3 sp=0x000000ce0e9fd5e0 mode 2
Event: 1.384 Thread 0x0000028e68e34990 Uncommon trap: trap_request=0xffffff45 fr.pc=0x0000028e78176264 relative=0x00000000000002c4
Event: 1.384 Thread 0x0000028e68e34990 Uncommon trap: reason=unstable_if action=reinterpret pc=0x0000028e78176264 method=java.lang.String.indexOf([BBILjava/lang/String;I)I @ 21 c2
Event: 1.384 Thread 0x0000028e68e34990 DEOPT PACKING pc=0x0000028e78176264 sp=0x000000ce0e9fd720
Event: 1.384 Thread 0x0000028e68e34990 DEOPT UNPACKING pc=0x0000028e706923a3 sp=0x000000ce0e9fd630 mode 2
Event: 1.399 Thread 0x0000028e68e34990 Uncommon trap: trap_request=0xffffff45 fr.pc=0x0000028e781368b8 relative=0x0000000000000218
Event: 1.399 Thread 0x0000028e68e34990 Uncommon trap: reason=unstable_if action=reinterpret pc=0x0000028e781368b8 method=java.util.StringTokenizer.scanToken(I)I @ 42 c2
Event: 1.399 Thread 0x0000028e68e34990 DEOPT PACKING pc=0x0000028e781368b8 sp=0x000000ce0e9fd9b0
Event: 1.399 Thread 0x0000028e68e34990 DEOPT UNPACKING pc=0x0000028e706923a3 sp=0x000000ce0e9fd950 mode 2
Event: 1.401 Thread 0x0000028e68e34990 Uncommon trap: trap_request=0xffffffc6 fr.pc=0x0000028e781865fc relative=0x00000000000009fc
Event: 1.401 Thread 0x0000028e68e34990 Uncommon trap: reason=bimorphic_or_optimized_type_check action=maybe_recompile pc=0x0000028e781865fc method=java.util.HashMap.putVal(ILjava/lang/Object;Ljava/lang/Object;ZZ)Ljava/lang/Object; @ 203 c2
Event: 1.401 Thread 0x0000028e68e34990 DEOPT PACKING pc=0x0000028e781865fc sp=0x000000ce0e9fb920
Event: 1.401 Thread 0x0000028e68e34990 DEOPT UNPACKING pc=0x0000028e706923a3 sp=0x000000ce0e9fb8c0 mode 2

Classes unloaded (0 events):
No events

Classes redefined (0 events):
No events

Internal exceptions (4 events):
Event: 0.443 Thread 0x0000028e68e34990 Exception <a 'java/lang/NoSuchMethodError'{0x0000000089d5eeb0}: 'java.lang.Object java.lang.invoke.DirectMethodHandle$Holder.newInvokeSpecial(java.lang.Object, java.lang.Object, java.lang.Object, java.lang.Object, java.lang.Object)'> (0x0000000089d5eeb0) 
thrown [t:\workspace\open\src\hotspot\share\interpreter\linkResolver.cpp, line 766]
Event: 1.156 Thread 0x0000028e68e34990 Exception <a 'java/lang/NoClassDefFoundError'{0x0000000088c7f880}: com/google/inject/servlet/ServletModuleTargetVisitor> (0x0000000088c7f880) 
thrown [t:\workspace\open\src\hotspot\share\classfile\systemDictionary.cpp, line 245]
Event: 1.156 Thread 0x0000028e68e34990 Exception <a 'java/lang/NoClassDefFoundError'{0x0000000088c81918}: javax/annotation/Priority> (0x0000000088c81918) 
thrown [t:\workspace\open\src\hotspot\share\classfile\systemDictionary.cpp, line 245]
Event: 1.237 Thread 0x0000028e68e34990 Exception <a 'java/lang/NoSuchMethodError'{0x000000008ab2d9c0}: 'java.lang.Object java.lang.invoke.DirectMethodHandle$Holder.invokeStaticInit(java.lang.Object, int, int, int, int)'> (0x000000008ab2d9c0) 
thrown [t:\workspace\open\src\hotspot\share\interpreter\linkResolver.cpp, line 766]

VM Operations (20 events):
Event: 0.790 Executing VM operation: HandshakeAllThreads
Event: 0.790 Executing VM operation: HandshakeAllThreads done
Event: 0.797 Executing VM operation: HandshakeAllThreads
Event: 0.797 Executing VM operation: HandshakeAllThreads done
Event: 0.818 Executing VM operation: HandshakeAllThreads
Event: 0.818 Executing VM operation: HandshakeAllThreads done
Event: 1.066 Executing VM operation: HandshakeAllThreads
Event: 1.066 Executing VM operation: HandshakeAllThreads done
Event: 1.067 Executing VM operation: HandshakeAllThreads
Event: 1.067 Executing VM operation: HandshakeAllThreads done
Event: 1.084 Executing VM operation: ICBufferFull
Event: 1.084 Executing VM operation: ICBufferFull done
Event: 1.136 Executing VM operation: HandshakeAllThreads
Event: 1.136 Executing VM operation: HandshakeAllThreads done
Event: 1.218 Executing VM operation: HandshakeAllThreads
Event: 1.218 Executing VM operation: HandshakeAllThreads done
Event: 1.223 Executing VM operation: G1CollectForAllocation
Event: 1.230 Executing VM operation: G1CollectForAllocation done
Event: 1.254 Executing VM operation: HandshakeAllThreads
Event: 1.254 Executing VM operation: HandshakeAllThreads done

Events (20 events):
Event: 1.236 loading class sun/security/provider/AbstractHashDrbg done
Event: 1.236 loading class sun/security/provider/HashDrbg done
Event: 1.236 loading class sun/security/provider/EntropySource
Event: 1.236 loading class sun/security/provider/EntropySource done
Event: 1.291 loading class java/lang/ProcessEnvironment$CheckedKeySet
Event: 1.291 loading class java/lang/ProcessEnvironment$CheckedKeySet done
Event: 1.292 loading class java/util/Stack
Event: 1.292 loading class java/util/Stack done
Event: 1.326 loading class java/util/ArrayList$SubList$1
Event: 1.326 loading class java/util/ArrayList$SubList$1 done
Event: 1.329 loading class java/nio/channels/OverlappingFileLockException
Event: 1.329 loading class java/nio/channels/OverlappingFileLockException done
Event: 1.333 loading class java/util/regex/Pattern$Pos
Event: 1.334 loading class java/util/regex/Pattern$Pos done
Event: 1.388 loading class java/lang/Short$ShortCache
Event: 1.388 loading class java/lang/Short$ShortCache done
Event: 1.388 loading class java/lang/Byte$ByteCache
Event: 1.388 loading class java/lang/Byte$ByteCache done
Event: 1.406 loading class java/util/LinkedList$ListItr
Event: 1.406 loading class java/util/LinkedList$ListItr done


Dynamic libraries:
0x00007ff7697d0000 - 0x00007ff7697e0000 	C:\Java\jdk-17.0.1\bin\java.exe
0x00007fff81a40000 - 0x00007fff81c47000 	C:\Windows\SYSTEM32\ntdll.dll
0x00007fff80610000 - 0x00007fff806cd000 	C:\Windows\System32\KERNEL32.DLL
0x00007fff7f470000 - 0x00007fff7f7e4000 	C:\Windows\System32\KERNELBASE.dll
0x00007fff7f240000 - 0x00007fff7f351000 	C:\Windows\System32\ucrtbase.dll
0x00007fff7a2c0000 - 0x00007fff7a2d8000 	C:\Java\jdk-17.0.1\bin\jli.dll
0x00007fff7fd00000 - 0x00007fff7fdae000 	C:\Windows\System32\ADVAPI32.dll
0x00007fff47340000 - 0x00007fff4735a000 	C:\Java\jdk-17.0.1\bin\VCRUNTIME140.dll
0x00007fff816b0000 - 0x00007fff81753000 	C:\Windows\System32\msvcrt.dll
0x00007fff81960000 - 0x00007fff819fe000 	C:\Windows\System32\sechost.dll
0x00007fff81770000 - 0x00007fff81890000 	C:\Windows\System32\RPCRT4.dll
0x00007fff7fa60000 - 0x00007fff7fc0c000 	C:\Windows\System32\USER32.dll
0x00007fff7e140000 - 0x00007fff7e3e5000 	C:\Windows\WinSxS\amd64_microsoft.windows.common-controls_6595b64144ccf1df_6.0.22000.120_none_9d947278b86cc467\COMCTL32.dll
0x00007fff7f7f0000 - 0x00007fff7f816000 	C:\Windows\System32\win32u.dll
0x00007fff7fe30000 - 0x00007fff7fe59000 	C:\Windows\System32\GDI32.dll
0x00007fff7ef30000 - 0x00007fff7f042000 	C:\Windows\System32\gdi32full.dll
0x00007fff7f360000 - 0x00007fff7f3fd000 	C:\Windows\System32\msvcp_win.dll
0x00007fff77f80000 - 0x00007fff77f8a000 	C:\Windows\SYSTEM32\VERSION.dll
0x00007fff81920000 - 0x00007fff81951000 	C:\Windows\System32\IMM32.DLL
0x00007fff61ba0000 - 0x00007fff61bac000 	C:\Java\jdk-17.0.1\bin\vcruntime140_1.dll
0x00007fff34d90000 - 0x00007fff34e1d000 	C:\Java\jdk-17.0.1\bin\msvcp140.dll
0x00007fff35160000 - 0x00007fff35d1e000 	C:\Java\jdk-17.0.1\bin\server\jvm.dll
0x00007fff81760000 - 0x00007fff81768000 	C:\Windows\System32\PSAPI.DLL
0x00007fff6c110000 - 0x00007fff6c119000 	C:\Windows\SYSTEM32\WSOCK32.dll
0x00007fff79a10000 - 0x00007fff79a43000 	C:\Windows\SYSTEM32\WINMM.dll
0x00007fff7f9d0000 - 0x00007fff7fa3f000 	C:\Windows\System32\WS2_32.dll
0x00007fff7d970000 - 0x00007fff7d988000 	C:\Windows\SYSTEM32\kernel.appcore.dll
0x00007fff5fb80000 - 0x00007fff5fb8a000 	C:\Java\jdk-17.0.1\bin\jimage.dll
0x00007fff7e7e0000 - 0x00007fff7ea01000 	C:\Windows\SYSTEM32\DBGHELP.DLL
0x00007fff7e520000 - 0x00007fff7e551000 	C:\Windows\SYSTEM32\dbgcore.DLL
0x00007fff7f050000 - 0x00007fff7f0cf000 	C:\Windows\System32\bcryptPrimitives.dll
0x00007fff350f0000 - 0x00007fff35115000 	C:\Java\jdk-17.0.1\bin\java.dll
0x00007fff35010000 - 0x00007fff350e6000 	C:\Java\jdk-17.0.1\bin\svml.dll
0x00007fff7fe60000 - 0x00007fff8060e000 	C:\Windows\System32\SHELL32.dll
0x00007fff7c9e0000 - 0x00007fff7d247000 	C:\Windows\SYSTEM32\windows.storage.dll
0x00007fff80d70000 - 0x00007fff810e8000 	C:\Windows\System32\combase.dll
0x00007fff7c870000 - 0x00007fff7c9d6000 	C:\Windows\SYSTEM32\wintypes.dll
0x00007fff810f0000 - 0x00007fff811da000 	C:\Windows\System32\SHCORE.dll
0x00007fff811e0000 - 0x00007fff8123d000 	C:\Windows\System32\shlwapi.dll
0x00007fff7ee60000 - 0x00007fff7ee81000 	C:\Windows\SYSTEM32\profapi.dll
0x00007fff34ff0000 - 0x00007fff35009000 	C:\Java\jdk-17.0.1\bin\net.dll
0x00007fff792c0000 - 0x00007fff793cc000 	C:\Windows\SYSTEM32\WINHTTP.dll
0x00007fff7dd50000 - 0x00007fff7ddb7000 	C:\Windows\system32\mswsock.dll
0x00007fff34fd0000 - 0x00007fff34fe5000 	C:\Java\jdk-17.0.1\bin\nio.dll
0x00007fff34fb0000 - 0x00007fff34fc8000 	C:\Java\jdk-17.0.1\bin\zip.dll
0x00007fff53fa0000 - 0x00007fff53fb0000 	C:\Java\jdk-17.0.1\bin\verify.dll
0x00007fff7b1d0000 - 0x00007fff7b1da000 	C:\NetBeans-12.6\netbeans\java\maven\lib\jansi-native\windows64\jansi.dll

dbghelp: loaded successfully - version: 4.0.5 - missing functions: none
symbol engine: initialized successfully - sym options: 0x614 - pdb path: .;C:\Java\jdk-17.0.1\bin;C:\Windows\SYSTEM32;C:\Windows\WinSxS\amd64_microsoft.windows.common-controls_6595b64144ccf1df_6.0.22000.120_none_9d947278b86cc467;C:\Java\jdk-17.0.1\bin\server;C:\NetBeans-12.6\netbeans\java\maven\lib\jansi-native\windows64

VM Arguments:
jvm_args: -Dclassworlds.conf=C:\NetBeans-12.6\netbeans\java\maven\bin\..\bin\m2.conf -Dmaven.home=C:\NetBeans-12.6\netbeans\java\maven\bin\.. -Dlibrary.jansi.path=C:\NetBeans-12.6\netbeans\java\maven\bin\..\lib\jansi-native -Dmaven.multiModuleProjectDirectory=C:\Users\vinit\Documents\NetBeansProjects\LibraryManagementSystem 
java_command: org.codehaus.plexus.classworlds.launcher.Launcher -Dexec.vmArgs= -Dexec.args=${exec.vmArgs} -classpath %classpath ${exec.mainClass} ${exec.appArgs} -Dexec.executable=C:\Java\jdk-17.0.1\bin\java.exe -Dexec.mainClass=statistics -Dexec.classpathScope=runtime -Dexec.appArgs= -Dmaven.ext.class.path=C:\NetBeans-12.6\netbeans\java\maven-nblib\netbeans-eventspy.jar -Dfile.encoding=UTF-8 org.codehaus.mojo:exec-maven-plugin:3.0.0:exec
java_class_path (initial): C:\NetBeans-12.6\netbeans\java\maven\bin\..\boot\plexus-classworlds-2.6.0.jar
Launcher Type: SUN_STANDARD

[Global flags]
     intx CICompilerCount                          = 4                                         {product} {ergonomic}
     uint ConcGCThreads                            = 2                                         {product} {ergonomic}
     uint G1ConcRefinementThreads                  = 8                                         {product} {ergonomic}
   size_t G1HeapRegionSize                         = 1048576                                   {product} {ergonomic}
    uintx GCDrainStackTargetSize                   = 64                                        {product} {ergonomic}
   size_t InitialHeapSize                          = 132120576                                 {product} {ergonomic}
   size_t MarkStackSize                            = 4194304                                   {product} {ergonomic}
   size_t MaxHeapSize                              = 2099249152                                {product} {ergonomic}
   size_t MaxNewSize                               = 1259339776                                {product} {ergonomic}
   size_t MinHeapDeltaBytes                        = 1048576                                   {product} {ergonomic}
   size_t MinHeapSize                              = 8388608                                   {product} {ergonomic}
    uintx NonNMethodCodeHeapSize                   = 5839372                                {pd product} {ergonomic}
    uintx NonProfiledCodeHeapSize                  = 122909434                              {pd product} {ergonomic}
    uintx ProfiledCodeHeapSize                     = 122909434                              {pd product} {ergonomic}
    uintx ReservedCodeCacheSize                    = 251658240                              {pd product} {ergonomic}
     bool SegmentedCodeCache                       = true                                      {product} {ergonomic}
   size_t SoftMaxHeapSize                          = 2099249152                             {manageable} {ergonomic}
     bool UseCompressedClassPointers               = true                           {product lp64_product} {ergonomic}
     bool UseCompressedOops                        = true                           {product lp64_product} {ergonomic}
     bool UseG1GC                                  = true                                      {product} {ergonomic}
     bool UseLargePagesIndividualAllocation        = false                                  {pd product} {ergonomic}

Logging:
Log output configuration:
 #0: stdout all=warning uptime,level,tags
 #1: stderr all=off uptime,level,tags

Environment Variables:
JAVA_HOME=C:\Java\jdk-17.0.1
PATH=C:\Program Files\Common Files\Oracle\Java\javapath;C:\MinGW\bin;C:\Program Files (x86)\VMware\VMware Workstation\bin\;C:\Program Files (x86)\Common Files\Intel\Shared Libraries\redist\intel64\compiler;C:\Windows\system32;C:\Windows;C:\Windows\System32\Wbem;C:\Windows\System32\WindowsPowerShell\v1.0\;C:\Windows\System32\OpenSSH\;C:\Program Files\Microsoft SQL Server\130\Tools\Binn\;C:\Program Files\Microsoft SQL Server\150\Tools\Binn\;C:\Java\jdk-17.0.1\bin;C:\Program Files\MySQL\MySQL Shell 8.0\bin\;C:\Users\vinit\AppData\Local\Microsoft\WindowsApps;C:\IntelliJ IDEA\bin;;C:\Users\vinit\AppData\Local\GitHubDesktop\bin;C:\Microsoft VS Code\bin
USERNAME=vinit
OS=Windows_NT
PROCESSOR_IDENTIFIER=AMD64 Family 23 Model 24 Stepping 1, AuthenticAMD



---------------  S Y S T E M  ---------------

OS:
 Windows 10 , 64 bit Build 22000 (10.0.22000.434)
OS uptime: 0 days 6:53 hours

CPU: total 8 (initial active 8) (8 cores per cpu, 2 threads per core) family 23 model 24 stepping 1 microcode 0x0, cx8, cmov, fxsr, ht, mmx, 3dnowpref, sse, sse2, sse3, ssse3, sse4a, sse4.1, sse4.2, popcnt, lzcnt, tsc, tscinvbit, avx, avx2, aes, clmul, bmi1, bmi2, adx, sha, fma, vzeroupper, clflush, clflushopt

Memory: 4k page, system-wide physical 8000M (1485M free)
TotalPageFile size 12096M (AvailPageFile size 5M)
current process WorkingSet (physical memory assigned to process): 110M, peak: 110M
current process commit charge ("private bytes"): 243M, peak: 245M

vm_info: Java HotSpot(TM) 64-Bit Server VM (17.0.1+12-LTS-39) for windows-amd64 JRE (17.0.1+12-LTS-39), built on Sep 27 2021 18:41:35 by "mach5one" with MS VC++ 16.8 (VS2019)

END.
