#
# There is insufficient memory for the Java Runtime Environment to continue.
# Native memory allocation (malloc) failed to allocate 1012016 bytes for Chunk::new
# Possible reasons:
#   The system is out of physical RAM or swap space
#   The process is running with CompressedOops enabled, and the Java Heap may be blocking the growth of the native heap
# Possible solutions:
#   Reduce memory load on the system
#   Increase physical memory or swap space
#   Check if swap backing store is full
#   Decrease Java heap size (-Xmx/-Xms)
#   Decrease number of Java threads
#   Decrease Java thread stack sizes (-Xss)
#   Set larger code cache with -XX:ReservedCodeCacheSize=
#   JVM is running with Unscaled Compressed Oops mode in which the Java heap is
#     placed in the first 4GB address space. The Java Heap base address is the
#     maximum limit for the native heap growth. Please use -XX:HeapBaseMinAddress
#     to set the Java Heap base and to place the Java Heap above 4GB virtual address.
# This output file may be truncated or incomplete.
#
#  Out of Memory Error (arena.cpp:189), pid=15880, tid=8896
#
# JRE version: Java(TM) SE Runtime Environment (17.0.1+12) (build 17.0.1+12-LTS-39)
# Java VM: Java HotSpot(TM) 64-Bit Server VM (17.0.1+12-LTS-39, mixed mode, sharing, tiered, compressed oops, compressed class ptrs, g1 gc, windows-amd64)
# No core dump will be written. Minidumps are not enabled by default on client versions of Windows
#

---------------  S U M M A R Y ------------

Command Line: -Dclassworlds.conf=C:\NetBeans-12.6\netbeans\java\maven\bin\..\bin\m2.conf -Dmaven.home=C:\NetBeans-12.6\netbeans\java\maven\bin\.. -Dlibrary.jansi.path=C:\NetBeans-12.6\netbeans\java\maven\bin\..\lib\jansi-native -Dmaven.multiModuleProjectDirectory=C:\Users\vinit\Documents\NetBeansProjects\LibraryManagementSystem org.codehaus.plexus.classworlds.launcher.Launcher -DartifactId=jcalendar -DgroupId=com.toedter -Dversion=1.3.2 -Dpackaging=jar -Dfile=C:\Users\vinit\Documents\jarFile\jcalendar-1.3.2.jar -DgeneratePom=false -Dmaven.ext.class.path=C:\NetBeans-12.6\netbeans\java\maven-nblib\netbeans-eventspy.jar -Dfile.encoding=UTF-8 install:install-file

Host: AMD Ryzen 5 3550H with Radeon Vega Mobile Gfx  , 8 cores, 7G,  Windows 10 , 64 bit Build 22000 (10.0.22000.434)
Time: Sun Jan 30 13:19:40 2022 India Standard Time elapsed time: 1.264237 seconds (0d 0h 0m 1s)

---------------  T H R E A D  ---------------

Current thread (0x000001802d81cb50):  JavaThread "C2 CompilerThread0" daemon [_thread_in_native, id=8896, stack(0x0000005af8900000,0x0000005af8a00000)]


Current CompileTask:
C2:   1264 1738   !   4       java.net.URL::<init> (543 bytes)

Stack: [0x0000005af8900000,0x0000005af8a00000]
Native frames: (J=compiled Java code, j=interpreted, Vv=VM code, C=native code)
V  [jvm.dll+0x66fa1a]
V  [jvm.dll+0x7ce5a4]
V  [jvm.dll+0x7cfd4e]
V  [jvm.dll+0x7d03b3]
V  [jvm.dll+0x242b05]
V  [jvm.dll+0xaa05b]
V  [jvm.dll+0xaa5ec]
V  [jvm.dll+0x35fa07]
V  [jvm.dll+0x1b9918]
V  [jvm.dll+0x215d49]
V  [jvm.dll+0x215011]
V  [jvm.dll+0x1a168d]
V  [jvm.dll+0x224848]
V  [jvm.dll+0x2229ac]
V  [jvm.dll+0x78435b]
V  [jvm.dll+0x77e91a]
V  [jvm.dll+0x66e845]
C  [ucrtbase.dll+0x26c0c]
C  [KERNEL32.DLL+0x154e0]
C  [ntdll.dll+0x485b]


---------------  P R O C E S S  ---------------

Threads class SMR info:
_java_thread_list=0x000001802ec87a70, length=14, elements={
0x000001800f883530, 0x000001802d7fb2c0, 0x000001802d7fc040, 0x000001802d815010,
0x000001802d8178e0, 0x000001802d8181a0, 0x000001802d818a60, 0x000001802d81cb50,
0x000001802d827520, 0x000001802d832630, 0x000001802e4c2aa0, 0x000001802e4cb7b0,
0x000001802ec127c0, 0x000001802ec48510
}

Java Threads: ( => current thread )
  0x000001800f883530 JavaThread "main" [_thread_in_Java, id=12816, stack(0x0000005af7c00000,0x0000005af7d00000)]
  0x000001802d7fb2c0 JavaThread "Reference Handler" daemon [_thread_blocked, id=15484, stack(0x0000005af8300000,0x0000005af8400000)]
  0x000001802d7fc040 JavaThread "Finalizer" daemon [_thread_blocked, id=14264, stack(0x0000005af8400000,0x0000005af8500000)]
  0x000001802d815010 JavaThread "Signal Dispatcher" daemon [_thread_blocked, id=12180, stack(0x0000005af8500000,0x0000005af8600000)]
  0x000001802d8178e0 JavaThread "Attach Listener" daemon [_thread_blocked, id=432, stack(0x0000005af8600000,0x0000005af8700000)]
  0x000001802d8181a0 JavaThread "Service Thread" daemon [_thread_blocked, id=2544, stack(0x0000005af8700000,0x0000005af8800000)]
  0x000001802d818a60 JavaThread "Monitor Deflation Thread" daemon [_thread_blocked, id=16848, stack(0x0000005af8800000,0x0000005af8900000)]
=>0x000001802d81cb50 JavaThread "C2 CompilerThread0" daemon [_thread_in_native, id=8896, stack(0x0000005af8900000,0x0000005af8a00000)]
  0x000001802d827520 JavaThread "C1 CompilerThread0" daemon [_thread_blocked, id=17532, stack(0x0000005af8a00000,0x0000005af8b00000)]
  0x000001802d832630 JavaThread "Sweeper thread" daemon [_thread_blocked, id=17916, stack(0x0000005af8b00000,0x0000005af8c00000)]
  0x000001802e4c2aa0 JavaThread "Notification Thread" daemon [_thread_blocked, id=17328, stack(0x0000005af8c00000,0x0000005af8d00000)]
  0x000001802e4cb7b0 JavaThread "Common-Cleaner" daemon [_thread_blocked, id=17228, stack(0x0000005af8e00000,0x0000005af8f00000)]
  0x000001802ec127c0 JavaThread "C2 CompilerThread1" daemon [_thread_blocked, id=1452, stack(0x0000005af8f00000,0x0000005af9000000)]
  0x000001802ec48510 JavaThread "C2 CompilerThread2" daemon [_thread_blocked, id=9000, stack(0x0000005af9000000,0x0000005af9100000)]

Other Threads:
  0x000001802d7f67b0 VMThread "VM Thread" [stack: 0x0000005af8200000,0x0000005af8300000] [id=14924]
  0x000001800f8e54b0 WatcherThread [stack: 0x0000005af8d00000,0x0000005af8e00000] [id=19392]
  0x000001800f8c1f10 GCTaskThread "GC Thread#0" [stack: 0x0000005af7d00000,0x0000005af7e00000] [id=14688]
  0x000001802f219810 GCTaskThread "GC Thread#1" [stack: 0x0000005af9100000,0x0000005af9200000] [id=2244]
  0x000001802ef730e0 GCTaskThread "GC Thread#2" [stack: 0x0000005af9200000,0x0000005af9300000] [id=2556]
  0x000001802f55c5f0 GCTaskThread "GC Thread#3" [stack: 0x0000005af9300000,0x0000005af9400000] [id=8568]
  0x000001802ef608b0 GCTaskThread "GC Thread#4" [stack: 0x0000005af9400000,0x0000005af9500000] [id=17060]
  0x000001802ed25790 GCTaskThread "GC Thread#5" [stack: 0x0000005af9500000,0x0000005af9600000] [id=15372]
  0x000001802ed25a40 GCTaskThread "GC Thread#6" [stack: 0x0000005af9600000,0x0000005af9700000] [id=1080]
  0x000001802f277910 GCTaskThread "GC Thread#7" [stack: 0x0000005af9700000,0x0000005af9800000] [id=11024]
  0x000001800f8d37b0 ConcurrentGCThread "G1 Main Marker" [stack: 0x0000005af7e00000,0x0000005af7f00000] [id=16004]
  0x000001800f8d5880 ConcurrentGCThread "G1 Conc#0" [stack: 0x0000005af7f00000,0x0000005af8000000] [id=1260]
  0x000001800f94e430 ConcurrentGCThread "G1 Refine#0" [stack: 0x0000005af8000000,0x0000005af8100000] [id=12272]
  0x000001802d6c0090 ConcurrentGCThread "G1 Service" [stack: 0x0000005af8100000,0x0000005af8200000] [id=14428]

Threads with active compile tasks:
C2 CompilerThread0     1285 1738   !   4       java.net.URL::<init> (543 bytes)
C1 CompilerThread0     1285 2037       3       java.util.StringTokenizer::scanToken (179 bytes)

VM state: not at safepoint (normal execution)

VM Mutex/Monitor currently owned by a thread: None

Heap address: 0x0000000082e00000, size: 2002 MB, Compressed Oops mode: 32-bit

CDS archive(s) mapped at: [0x0000000800000000-0x0000000800bc0000-0x0000000800bc0000), size 12320768, SharedBaseAddress: 0x0000000800000000, ArchiveRelocationMode: 0.
Compressed class space mapped at: 0x0000000800c00000-0x0000000840c00000, reserved size: 1073741824
Narrow klass base: 0x0000000800000000, Narrow klass shift: 0, Narrow klass range: 0x100000000

GC Precious Log:
 CPUs: 8 total, 8 available
 Memory: 8000M
 Large Page Support: Disabled
 NUMA Support: Disabled
 Compressed Oops: Enabled (32-bit)
 Heap Region Size: 1M
 Heap Min Capacity: 8M
 Heap Initial Capacity: 126M
 Heap Max Capacity: 2002M
 Pre-touch: Disabled
 Parallel Workers: 8
 Concurrent Workers: 2
 Concurrent Refinement Workers: 8
 Periodic GC: Disabled

Heap:
 garbage-first heap   total 129024K, used 10969K [0x0000000082e00000, 0x0000000100000000)
  region size 1024K, 9 young (9216K), 3 survivors (3072K)
 Metaspace       used 11524K, committed 11648K, reserved 1064960K
  class space    used 1385K, committed 1472K, reserved 1048576K

Heap Regions: E=young(eden), S=young(survivor), O=old, HS=humongous(starts), HC=humongous(continues), CS=collection set, F=free, OA=open archive, CA=closed archive, TAMS=top-at-mark-start (previous, next)
|   0|0x0000000082e00000, 0x0000000082f00000, 0x0000000082f00000|100%| O|  |TAMS 0x0000000082e00000, 0x0000000082e00000| Untracked 
|   1|0x0000000082f00000, 0x0000000083000000, 0x0000000083000000|100%| O|  |TAMS 0x0000000082f00000, 0x0000000082f00000| Untracked 
|   2|0x0000000083000000, 0x0000000083100000, 0x0000000083100000|100%| O|  |TAMS 0x0000000083000000, 0x0000000083000000| Untracked 
|   3|0x0000000083100000, 0x0000000083161400, 0x0000000083200000| 37%| O|  |TAMS 0x0000000083100000, 0x0000000083100000| Untracked 
|   4|0x0000000083200000, 0x0000000083200000, 0x0000000083300000|  0%| F|  |TAMS 0x0000000083200000, 0x0000000083200000| Untracked 
|   5|0x0000000083300000, 0x0000000083300000, 0x0000000083400000|  0%| F|  |TAMS 0x0000000083300000, 0x0000000083300000| Untracked 
|   6|0x0000000083400000, 0x0000000083400000, 0x0000000083500000|  0%| F|  |TAMS 0x0000000083400000, 0x0000000083400000| Untracked 
|   7|0x0000000083500000, 0x0000000083500000, 0x0000000083600000|  0%| F|  |TAMS 0x0000000083500000, 0x0000000083500000| Untracked 
|   8|0x0000000083600000, 0x0000000083600000, 0x0000000083700000|  0%| F|  |TAMS 0x0000000083600000, 0x0000000083600000| Untracked 
|   9|0x0000000083700000, 0x0000000083700000, 0x0000000083800000|  0%| F|  |TAMS 0x0000000083700000, 0x0000000083700000| Untracked 
|  10|0x0000000083800000, 0x0000000083800000, 0x0000000083900000|  0%| F|  |TAMS 0x0000000083800000, 0x0000000083800000| Untracked 
|  11|0x0000000083900000, 0x0000000083900000, 0x0000000083a00000|  0%| F|  |TAMS 0x0000000083900000, 0x0000000083900000| Untracked 
|  12|0x0000000083a00000, 0x0000000083a00000, 0x0000000083b00000|  0%| F|  |TAMS 0x0000000083a00000, 0x0000000083a00000| Untracked 
|  13|0x0000000083b00000, 0x0000000083b00000, 0x0000000083c00000|  0%| F|  |TAMS 0x0000000083b00000, 0x0000000083b00000| Untracked 
|  14|0x0000000083c00000, 0x0000000083c00000, 0x0000000083d00000|  0%| F|  |TAMS 0x0000000083c00000, 0x0000000083c00000| Untracked 
|  15|0x0000000083d00000, 0x0000000083d00000, 0x0000000083e00000|  0%| F|  |TAMS 0x0000000083d00000, 0x0000000083d00000| Untracked 
|  16|0x0000000083e00000, 0x0000000083e00000, 0x0000000083f00000|  0%| F|  |TAMS 0x0000000083e00000, 0x0000000083e00000| Untracked 
|  17|0x0000000083f00000, 0x0000000083f00000, 0x0000000084000000|  0%| F|  |TAMS 0x0000000083f00000, 0x0000000083f00000| Untracked 
|  18|0x0000000084000000, 0x0000000084000000, 0x0000000084100000|  0%| F|  |TAMS 0x0000000084000000, 0x0000000084000000| Untracked 
|  19|0x0000000084100000, 0x0000000084100000, 0x0000000084200000|  0%| F|  |TAMS 0x0000000084100000, 0x0000000084100000| Untracked 
|  20|0x0000000084200000, 0x0000000084200000, 0x0000000084300000|  0%| F|  |TAMS 0x0000000084200000, 0x0000000084200000| Untracked 
|  21|0x0000000084300000, 0x0000000084300000, 0x0000000084400000|  0%| F|  |TAMS 0x0000000084300000, 0x0000000084300000| Untracked 
|  22|0x0000000084400000, 0x0000000084400000, 0x0000000084500000|  0%| F|  |TAMS 0x0000000084400000, 0x0000000084400000| Untracked 
|  23|0x0000000084500000, 0x0000000084500000, 0x0000000084600000|  0%| F|  |TAMS 0x0000000084500000, 0x0000000084500000| Untracked 
|  24|0x0000000084600000, 0x0000000084600000, 0x0000000084700000|  0%| F|  |TAMS 0x0000000084600000, 0x0000000084600000| Untracked 
|  25|0x0000000084700000, 0x0000000084700000, 0x0000000084800000|  0%| F|  |TAMS 0x0000000084700000, 0x0000000084700000| Untracked 
|  26|0x0000000084800000, 0x0000000084800000, 0x0000000084900000|  0%| F|  |TAMS 0x0000000084800000, 0x0000000084800000| Untracked 
|  27|0x0000000084900000, 0x0000000084900000, 0x0000000084a00000|  0%| F|  |TAMS 0x0000000084900000, 0x0000000084900000| Untracked 
|  28|0x0000000084a00000, 0x0000000084a00000, 0x0000000084b00000|  0%| F|  |TAMS 0x0000000084a00000, 0x0000000084a00000| Untracked 
|  29|0x0000000084b00000, 0x0000000084b00000, 0x0000000084c00000|  0%| F|  |TAMS 0x0000000084b00000, 0x0000000084b00000| Untracked 
|  30|0x0000000084c00000, 0x0000000084c00000, 0x0000000084d00000|  0%| F|  |TAMS 0x0000000084c00000, 0x0000000084c00000| Untracked 
|  31|0x0000000084d00000, 0x0000000084d00000, 0x0000000084e00000|  0%| F|  |TAMS 0x0000000084d00000, 0x0000000084d00000| Untracked 
|  32|0x0000000084e00000, 0x0000000084e00000, 0x0000000084f00000|  0%| F|  |TAMS 0x0000000084e00000, 0x0000000084e00000| Untracked 
|  33|0x0000000084f00000, 0x0000000084f00000, 0x0000000085000000|  0%| F|  |TAMS 0x0000000084f00000, 0x0000000084f00000| Untracked 
|  34|0x0000000085000000, 0x0000000085000000, 0x0000000085100000|  0%| F|  |TAMS 0x0000000085000000, 0x0000000085000000| Untracked 
|  35|0x0000000085100000, 0x0000000085100000, 0x0000000085200000|  0%| F|  |TAMS 0x0000000085100000, 0x0000000085100000| Untracked 
|  36|0x0000000085200000, 0x0000000085200000, 0x0000000085300000|  0%| F|  |TAMS 0x0000000085200000, 0x0000000085200000| Untracked 
|  37|0x0000000085300000, 0x0000000085300000, 0x0000000085400000|  0%| F|  |TAMS 0x0000000085300000, 0x0000000085300000| Untracked 
|  38|0x0000000085400000, 0x0000000085400000, 0x0000000085500000|  0%| F|  |TAMS 0x0000000085400000, 0x0000000085400000| Untracked 
|  39|0x0000000085500000, 0x0000000085500000, 0x0000000085600000|  0%| F|  |TAMS 0x0000000085500000, 0x0000000085500000| Untracked 
|  40|0x0000000085600000, 0x0000000085600000, 0x0000000085700000|  0%| F|  |TAMS 0x0000000085600000, 0x0000000085600000| Untracked 
|  41|0x0000000085700000, 0x0000000085700000, 0x0000000085800000|  0%| F|  |TAMS 0x0000000085700000, 0x0000000085700000| Untracked 
|  42|0x0000000085800000, 0x0000000085800000, 0x0000000085900000|  0%| F|  |TAMS 0x0000000085800000, 0x0000000085800000| Untracked 
|  43|0x0000000085900000, 0x0000000085900000, 0x0000000085a00000|  0%| F|  |TAMS 0x0000000085900000, 0x0000000085900000| Untracked 
|  44|0x0000000085a00000, 0x0000000085a00000, 0x0000000085b00000|  0%| F|  |TAMS 0x0000000085a00000, 0x0000000085a00000| Untracked 
|  45|0x0000000085b00000, 0x0000000085b00000, 0x0000000085c00000|  0%| F|  |TAMS 0x0000000085b00000, 0x0000000085b00000| Untracked 
|  46|0x0000000085c00000, 0x0000000085c00000, 0x0000000085d00000|  0%| F|  |TAMS 0x0000000085c00000, 0x0000000085c00000| Untracked 
|  47|0x0000000085d00000, 0x0000000085d00000, 0x0000000085e00000|  0%| F|  |TAMS 0x0000000085d00000, 0x0000000085d00000| Untracked 
|  48|0x0000000085e00000, 0x0000000085e00000, 0x0000000085f00000|  0%| F|  |TAMS 0x0000000085e00000, 0x0000000085e00000| Untracked 
|  49|0x0000000085f00000, 0x0000000085f00000, 0x0000000086000000|  0%| F|  |TAMS 0x0000000085f00000, 0x0000000085f00000| Untracked 
|  50|0x0000000086000000, 0x0000000086000000, 0x0000000086100000|  0%| F|  |TAMS 0x0000000086000000, 0x0000000086000000| Untracked 
|  51|0x0000000086100000, 0x0000000086100000, 0x0000000086200000|  0%| F|  |TAMS 0x0000000086100000, 0x0000000086100000| Untracked 
|  52|0x0000000086200000, 0x0000000086200000, 0x0000000086300000|  0%| F|  |TAMS 0x0000000086200000, 0x0000000086200000| Untracked 
|  53|0x0000000086300000, 0x0000000086300000, 0x0000000086400000|  0%| F|  |TAMS 0x0000000086300000, 0x0000000086300000| Untracked 
|  54|0x0000000086400000, 0x0000000086400000, 0x0000000086500000|  0%| F|  |TAMS 0x0000000086400000, 0x0000000086400000| Untracked 
|  55|0x0000000086500000, 0x0000000086500000, 0x0000000086600000|  0%| F|  |TAMS 0x0000000086500000, 0x0000000086500000| Untracked 
|  56|0x0000000086600000, 0x0000000086600000, 0x0000000086700000|  0%| F|  |TAMS 0x0000000086600000, 0x0000000086600000| Untracked 
|  57|0x0000000086700000, 0x0000000086700000, 0x0000000086800000|  0%| F|  |TAMS 0x0000000086700000, 0x0000000086700000| Untracked 
|  58|0x0000000086800000, 0x0000000086800000, 0x0000000086900000|  0%| F|  |TAMS 0x0000000086800000, 0x0000000086800000| Untracked 
|  59|0x0000000086900000, 0x0000000086900000, 0x0000000086a00000|  0%| F|  |TAMS 0x0000000086900000, 0x0000000086900000| Untracked 
|  60|0x0000000086a00000, 0x0000000086a00000, 0x0000000086b00000|  0%| F|  |TAMS 0x0000000086a00000, 0x0000000086a00000| Untracked 
|  61|0x0000000086b00000, 0x0000000086b00000, 0x0000000086c00000|  0%| F|  |TAMS 0x0000000086b00000, 0x0000000086b00000| Untracked 
|  62|0x0000000086c00000, 0x0000000086c00000, 0x0000000086d00000|  0%| F|  |TAMS 0x0000000086c00000, 0x0000000086c00000| Untracked 
|  63|0x0000000086d00000, 0x0000000086d00000, 0x0000000086e00000|  0%| F|  |TAMS 0x0000000086d00000, 0x0000000086d00000| Untracked 
|  64|0x0000000086e00000, 0x0000000086e00000, 0x0000000086f00000|  0%| F|  |TAMS 0x0000000086e00000, 0x0000000086e00000| Untracked 
|  65|0x0000000086f00000, 0x0000000086f00000, 0x0000000087000000|  0%| F|  |TAMS 0x0000000086f00000, 0x0000000086f00000| Untracked 
|  66|0x0000000087000000, 0x0000000087000000, 0x0000000087100000|  0%| F|  |TAMS 0x0000000087000000, 0x0000000087000000| Untracked 
|  67|0x0000000087100000, 0x0000000087100000, 0x0000000087200000|  0%| F|  |TAMS 0x0000000087100000, 0x0000000087100000| Untracked 
|  68|0x0000000087200000, 0x0000000087200000, 0x0000000087300000|  0%| F|  |TAMS 0x0000000087200000, 0x0000000087200000| Untracked 
|  69|0x0000000087300000, 0x0000000087300000, 0x0000000087400000|  0%| F|  |TAMS 0x0000000087300000, 0x0000000087300000| Untracked 
|  70|0x0000000087400000, 0x0000000087400000, 0x0000000087500000|  0%| F|  |TAMS 0x0000000087400000, 0x0000000087400000| Untracked 
|  71|0x0000000087500000, 0x0000000087500000, 0x0000000087600000|  0%| F|  |TAMS 0x0000000087500000, 0x0000000087500000| Untracked 
|  72|0x0000000087600000, 0x0000000087600000, 0x0000000087700000|  0%| F|  |TAMS 0x0000000087600000, 0x0000000087600000| Untracked 
|  73|0x0000000087700000, 0x0000000087700000, 0x0000000087800000|  0%| F|  |TAMS 0x0000000087700000, 0x0000000087700000| Untracked 
|  74|0x0000000087800000, 0x0000000087800000, 0x0000000087900000|  0%| F|  |TAMS 0x0000000087800000, 0x0000000087800000| Untracked 
|  75|0x0000000087900000, 0x0000000087900000, 0x0000000087a00000|  0%| F|  |TAMS 0x0000000087900000, 0x0000000087900000| Untracked 
|  76|0x0000000087a00000, 0x0000000087a00000, 0x0000000087b00000|  0%| F|  |TAMS 0x0000000087a00000, 0x0000000087a00000| Untracked 
|  77|0x0000000087b00000, 0x0000000087b00000, 0x0000000087c00000|  0%| F|  |TAMS 0x0000000087b00000, 0x0000000087b00000| Untracked 
|  78|0x0000000087c00000, 0x0000000087c00000, 0x0000000087d00000|  0%| F|  |TAMS 0x0000000087c00000, 0x0000000087c00000| Untracked 
|  79|0x0000000087d00000, 0x0000000087d00000, 0x0000000087e00000|  0%| F|  |TAMS 0x0000000087d00000, 0x0000000087d00000| Untracked 
|  80|0x0000000087e00000, 0x0000000087e00000, 0x0000000087f00000|  0%| F|  |TAMS 0x0000000087e00000, 0x0000000087e00000| Untracked 
|  81|0x0000000087f00000, 0x0000000087f00000, 0x0000000088000000|  0%| F|  |TAMS 0x0000000087f00000, 0x0000000087f00000| Untracked 
|  82|0x0000000088000000, 0x0000000088000000, 0x0000000088100000|  0%| F|  |TAMS 0x0000000088000000, 0x0000000088000000| Untracked 
|  83|0x0000000088100000, 0x0000000088100000, 0x0000000088200000|  0%| F|  |TAMS 0x0000000088100000, 0x0000000088100000| Untracked 
|  84|0x0000000088200000, 0x0000000088200000, 0x0000000088300000|  0%| F|  |TAMS 0x0000000088200000, 0x0000000088200000| Untracked 
|  85|0x0000000088300000, 0x0000000088300000, 0x0000000088400000|  0%| F|  |TAMS 0x0000000088300000, 0x0000000088300000| Untracked 
|  86|0x0000000088400000, 0x0000000088400000, 0x0000000088500000|  0%| F|  |TAMS 0x0000000088400000, 0x0000000088400000| Untracked 
|  87|0x0000000088500000, 0x0000000088500000, 0x0000000088600000|  0%| F|  |TAMS 0x0000000088500000, 0x0000000088500000| Untracked 
|  88|0x0000000088600000, 0x0000000088600000, 0x0000000088700000|  0%| F|  |TAMS 0x0000000088600000, 0x0000000088600000| Untracked 
|  89|0x0000000088700000, 0x00000000887552f0, 0x0000000088800000| 33%| S|CS|TAMS 0x0000000088700000, 0x0000000088700000| Complete 
|  90|0x0000000088800000, 0x0000000088900000, 0x0000000088900000|100%| S|CS|TAMS 0x0000000088800000, 0x0000000088800000| Complete 
|  91|0x0000000088900000, 0x0000000088a00000, 0x0000000088a00000|100%| S|CS|TAMS 0x0000000088900000, 0x0000000088900000| Complete 
|  92|0x0000000088a00000, 0x0000000088a00000, 0x0000000088b00000|  0%| F|  |TAMS 0x0000000088a00000, 0x0000000088a00000| Untracked 
|  93|0x0000000088b00000, 0x0000000088b00000, 0x0000000088c00000|  0%| F|  |TAMS 0x0000000088b00000, 0x0000000088b00000| Untracked 
|  94|0x0000000088c00000, 0x0000000088c00000, 0x0000000088d00000|  0%| F|  |TAMS 0x0000000088c00000, 0x0000000088c00000| Untracked 
|  95|0x0000000088d00000, 0x0000000088d00000, 0x0000000088e00000|  0%| F|  |TAMS 0x0000000088d00000, 0x0000000088d00000| Untracked 
|  96|0x0000000088e00000, 0x0000000088e00000, 0x0000000088f00000|  0%| F|  |TAMS 0x0000000088e00000, 0x0000000088e00000| Untracked 
|  97|0x0000000088f00000, 0x0000000088f00000, 0x0000000089000000|  0%| F|  |TAMS 0x0000000088f00000, 0x0000000088f00000| Untracked 
|  98|0x0000000089000000, 0x0000000089000000, 0x0000000089100000|  0%| F|  |TAMS 0x0000000089000000, 0x0000000089000000| Untracked 
|  99|0x0000000089100000, 0x0000000089100000, 0x0000000089200000|  0%| F|  |TAMS 0x0000000089100000, 0x0000000089100000| Untracked 
| 100|0x0000000089200000, 0x0000000089200000, 0x0000000089300000|  0%| F|  |TAMS 0x0000000089200000, 0x0000000089200000| Untracked 
| 101|0x0000000089300000, 0x0000000089300000, 0x0000000089400000|  0%| F|  |TAMS 0x0000000089300000, 0x0000000089300000| Untracked 
| 102|0x0000000089400000, 0x0000000089400000, 0x0000000089500000|  0%| F|  |TAMS 0x0000000089400000, 0x0000000089400000| Untracked 
| 103|0x0000000089500000, 0x0000000089500000, 0x0000000089600000|  0%| F|  |TAMS 0x0000000089500000, 0x0000000089500000| Untracked 
| 104|0x0000000089600000, 0x0000000089600000, 0x0000000089700000|  0%| F|  |TAMS 0x0000000089600000, 0x0000000089600000| Untracked 
| 105|0x0000000089700000, 0x0000000089700000, 0x0000000089800000|  0%| F|  |TAMS 0x0000000089700000, 0x0000000089700000| Untracked 
| 106|0x0000000089800000, 0x0000000089800000, 0x0000000089900000|  0%| F|  |TAMS 0x0000000089800000, 0x0000000089800000| Untracked 
| 107|0x0000000089900000, 0x0000000089900000, 0x0000000089a00000|  0%| F|  |TAMS 0x0000000089900000, 0x0000000089900000| Untracked 
| 108|0x0000000089a00000, 0x0000000089a00000, 0x0000000089b00000|  0%| F|  |TAMS 0x0000000089a00000, 0x0000000089a00000| Untracked 
| 109|0x0000000089b00000, 0x0000000089b00000, 0x0000000089c00000|  0%| F|  |TAMS 0x0000000089b00000, 0x0000000089b00000| Untracked 
| 110|0x0000000089c00000, 0x0000000089c00000, 0x0000000089d00000|  0%| F|  |TAMS 0x0000000089c00000, 0x0000000089c00000| Untracked 
| 111|0x0000000089d00000, 0x0000000089d00000, 0x0000000089e00000|  0%| F|  |TAMS 0x0000000089d00000, 0x0000000089d00000| Untracked 
| 112|0x0000000089e00000, 0x0000000089e00000, 0x0000000089f00000|  0%| F|  |TAMS 0x0000000089e00000, 0x0000000089e00000| Untracked 
| 113|0x0000000089f00000, 0x0000000089f00000, 0x000000008a000000|  0%| F|  |TAMS 0x0000000089f00000, 0x0000000089f00000| Untracked 
| 114|0x000000008a000000, 0x000000008a000000, 0x000000008a100000|  0%| F|  |TAMS 0x000000008a000000, 0x000000008a000000| Untracked 
| 115|0x000000008a100000, 0x000000008a100000, 0x000000008a200000|  0%| F|  |TAMS 0x000000008a100000, 0x000000008a100000| Untracked 
| 116|0x000000008a200000, 0x000000008a200000, 0x000000008a300000|  0%| F|  |TAMS 0x000000008a200000, 0x000000008a200000| Untracked 
| 117|0x000000008a300000, 0x000000008a300000, 0x000000008a400000|  0%| F|  |TAMS 0x000000008a300000, 0x000000008a300000| Untracked 
| 118|0x000000008a400000, 0x000000008a400000, 0x000000008a500000|  0%| F|  |TAMS 0x000000008a400000, 0x000000008a400000| Untracked 
| 119|0x000000008a500000, 0x000000008a500000, 0x000000008a600000|  0%| F|  |TAMS 0x000000008a500000, 0x000000008a500000| Untracked 
| 120|0x000000008a600000, 0x000000008a700000, 0x000000008a700000|100%| E|  |TAMS 0x000000008a600000, 0x000000008a600000| Complete 
| 121|0x000000008a700000, 0x000000008a800000, 0x000000008a800000|100%| E|CS|TAMS 0x000000008a700000, 0x000000008a700000| Complete 
| 122|0x000000008a800000, 0x000000008a900000, 0x000000008a900000|100%| E|CS|TAMS 0x000000008a800000, 0x000000008a800000| Complete 
| 123|0x000000008a900000, 0x000000008aa00000, 0x000000008aa00000|100%| E|CS|TAMS 0x000000008a900000, 0x000000008a900000| Complete 
| 124|0x000000008aa00000, 0x000000008ab00000, 0x000000008ab00000|100%| E|CS|TAMS 0x000000008aa00000, 0x000000008aa00000| Complete 
| 125|0x000000008ab00000, 0x000000008ac00000, 0x000000008ac00000|100%| E|CS|TAMS 0x000000008ab00000, 0x000000008ab00000| Complete 

Card table byte_map: [0x00000180267b0000,0x0000018026ba0000] _byte_map_base: 0x0000018026399000

Marking Bits (Prev, Next): (CMBitMap*) 0x000001800f8c2430, (CMBitMap*) 0x000001800f8c2470
 Prev Bits: [0x0000018026f90000, 0x0000018028ed8000)
 Next Bits: [0x0000018028ee0000, 0x000001802ae28000)

Polling page: 0x000001800da00000

Metaspace:

Usage:
  Non-class:      9.93 MB used.
      Class:      1.36 MB used.
       Both:     11.28 MB used.

Virtual space:
  Non-class space:       16.00 MB reserved,      10.06 MB ( 63%) committed,  2 nodes.
      Class space:        1.00 GB reserved,       1.44 MB ( <1%) committed,  1 nodes.
             Both:        1.02 GB reserved,      11.50 MB (  1%) committed. 

Chunk freelists:
   Non-Class:  416.00 KB
       Class:  2.58 MB
        Both:  2.98 MB

MaxMetaspaceSize: unlimited
CompressedClassSpaceSize: 1.00 GB
Initial GC threshold: 21.00 MB
Current GC threshold: 21.00 MB
CDS: on
MetaspaceReclaimPolicy: balanced
 - commit_granule_bytes: 65536.
 - commit_granule_words: 8192.
 - virtual_space_node_default_size: 1048576.
 - enlarge_chunks_in_place: 1.
 - new_chunks_are_fully_committed: 0.
 - uncommit_free_chunks: 1.
 - use_allocation_guard: 0.
 - handle_deallocations: 1.


Internal statistics:

num_allocs_failed_limit: 0.
num_arena_births: 54.
num_arena_deaths: 0.
num_vsnodes_births: 3.
num_vsnodes_deaths: 0.
num_space_committed: 184.
num_space_uncommitted: 0.
num_chunks_returned_to_freelist: 0.
num_chunks_taken_from_freelist: 443.
num_chunk_merges: 0.
num_chunk_splits: 327.
num_chunks_enlarged: 264.
num_purges: 0.
num_inconsistent_stats: 0.

CodeHeap 'non-profiled nmethods': size=120000Kb used=770Kb max_used=770Kb free=119230Kb
 bounds [0x000001801eb60000, 0x000001801edd0000, 0x0000018026090000]
CodeHeap 'profiled nmethods': size=120000Kb used=3957Kb max_used=3957Kb free=116042Kb
 bounds [0x0000018017630000, 0x0000018017a10000, 0x000001801eb60000]
CodeHeap 'non-nmethods': size=5760Kb used=1169Kb max_used=1190Kb free=4590Kb
 bounds [0x0000018017090000, 0x0000018017300000, 0x0000018017630000]
 total_blobs=2495 nmethods=2040 adapters=367
 compilation: enabled
              stopped_count=0, restarted_count=0
 full_count=0

Compilation events (20 events):
Event: 1.237 Thread 0x000001802ec127c0 1993   !   4       java.nio.CharBuffer::wrap (21 bytes)
Event: 1.237 Thread 0x000001802ec48510 nmethod 1992 0x000001801ec1b910 code [0x000001801ec1ba80, 0x000001801ec1bb38]
Event: 1.239 Thread 0x000001802d827520 1994       3       java.lang.Character::codePointBefore (48 bytes)
Event: 1.240 Thread 0x000001802ec127c0 nmethod 1993 0x000001801ec1bc10 code [0x000001801ec1bda0, 0x000001801ec1c038]
Event: 1.240 Thread 0x000001802d827520 nmethod 1994 0x00000180179f7710 code [0x00000180179f7900, 0x00000180179f7ed8]
Event: 1.248 Thread 0x000001802ec127c0 1995       4       jdk.internal.jimage.BasicImageReader::verifyLocation (39 bytes)
Event: 1.249 Thread 0x000001802ec48510 1996       4       java.lang.Character::codePointAt (51 bytes)
Event: 1.249 Thread 0x000001802d827520 1997       3       org.apache.maven.model.io.xpp3.MavenXpp3ReaderEx::checkFieldWithDuplicate (75 bytes)
Event: 1.250 Thread 0x000001802d827520 nmethod 1997 0x00000180179f8090 code [0x00000180179f8340, 0x00000180179f8db8]
Event: 1.250 Thread 0x000001802ec48510 nmethod 1996 0x000001801ec1c310 code [0x000001801ec1c4c0, 0x000001801ec1c618]
Event: 1.252 Thread 0x000001802d827520 1998       3       java.util.ArrayList::<init> (12 bytes)
Event: 1.253 Thread 0x000001802d827520 nmethod 1998 0x00000180179f9210 code [0x00000180179f93c0, 0x00000180179f9658]
Event: 1.253 Thread 0x000001802d827520 1999       3       java.util.LinkedHashMap$LinkedEntryIterator::next (5 bytes)
Event: 1.253 Thread 0x000001802d827520 nmethod 1999 0x00000180179f9790 code [0x00000180179f9940, 0x00000180179f9ac8]
Event: 1.253 Thread 0x000001802d827520 2000       3       java.util.LinkedHashMap$LinkedEntryIterator::next (5 bytes)
Event: 1.253 Thread 0x000001802d827520 nmethod 2000 0x00000180179f9b90 code [0x00000180179f9d20, 0x00000180179f9e68]
Event: 1.258 Thread 0x000001802ec48510 2001       4       java.lang.StringBuilder::append (8 bytes)
Event: 1.258 Thread 0x000001802d827520 2002       3       java.util.Calendar::internalSet (8 bytes)
Event: 1.258 Thread 0x000001802d827520 nmethod 2002 0x00000180179f9f10 code [0x00000180179fa0a0, 0x00000180179fa1d8]
Event: 1.259 Thread 0x000001802ec127c0 nmethod 1995 0x000001801ec1c810 code [0x000001801ec1ca00, 0x000001801ec1d400]

GC Heap History (4 events):
Event: 0.537 GC heap before
{Heap before GC invocations=0 (full 0):
 garbage-first heap   total 129024K, used 23552K [0x0000000082e00000, 0x0000000100000000)
  region size 1024K, 23 young (23552K), 0 survivors (0K)
 Metaspace       used 4822K, committed 4928K, reserved 1056768K
  class space    used 570K, committed 640K, reserved 1048576K
}
Event: 0.542 GC heap after
{Heap after GC invocations=1 (full 0):
 garbage-first heap   total 129024K, used 3541K [0x0000000082e00000, 0x0000000100000000)
  region size 1024K, 3 young (3072K), 3 survivors (3072K)
 Metaspace       used 4822K, committed 4928K, reserved 1056768K
  class space    used 570K, committed 640K, reserved 1048576K
}
Event: 1.171 GC heap before
{Heap before GC invocations=1 (full 0):
 garbage-first heap   total 129024K, used 35285K [0x0000000082e00000, 0x0000000100000000)
  region size 1024K, 34 young (34816K), 3 survivors (3072K)
 Metaspace       used 10350K, committed 10560K, reserved 1064960K
  class space    used 1264K, committed 1344K, reserved 1048576K
}
Event: 1.177 GC heap after
{Heap after GC invocations=2 (full 0):
 garbage-first heap   total 129024K, used 5849K [0x0000000082e00000, 0x0000000100000000)
  region size 1024K, 3 young (3072K), 3 survivors (3072K)
 Metaspace       used 10350K, committed 10560K, reserved 1064960K
  class space    used 1264K, committed 1344K, reserved 1048576K
}

Deoptimization events (20 events):
Event: 0.707 Thread 0x000001800f883530 Uncommon trap: trap_request=0xffffffc6 fr.pc=0x000001801ebbb2b4 relative=0x0000000000000274
Event: 0.707 Thread 0x000001800f883530 Uncommon trap: reason=bimorphic_or_optimized_type_check action=maybe_recompile pc=0x000001801ebbb2b4 method=java.util.HashMap.getNode(Ljava/lang/Object;)Ljava/util/HashMap$Node; @ 128 c2
Event: 0.707 Thread 0x000001800f883530 DEOPT PACKING pc=0x000001801ebbb2b4 sp=0x0000005af7cfdef0
Event: 0.707 Thread 0x000001800f883530 DEOPT UNPACKING pc=0x00000180170e23a3 sp=0x0000005af7cfde58 mode 2
Event: 0.914 Thread 0x000001800f883530 Uncommon trap: trap_request=0xffffffc6 fr.pc=0x000001801ebbb2b4 relative=0x0000000000000274
Event: 0.914 Thread 0x000001800f883530 Uncommon trap: reason=bimorphic_or_optimized_type_check action=maybe_recompile pc=0x000001801ebbb2b4 method=java.util.HashMap.getNode(Ljava/lang/Object;)Ljava/util/HashMap$Node; @ 128 c2
Event: 0.914 Thread 0x000001800f883530 DEOPT PACKING pc=0x000001801ebbb2b4 sp=0x0000005af7cfdee0
Event: 0.914 Thread 0x000001800f883530 DEOPT UNPACKING pc=0x00000180170e23a3 sp=0x0000005af7cfde48 mode 2
Event: 1.132 Thread 0x000001800f883530 Uncommon trap: trap_request=0xffffff45 fr.pc=0x000001801ebf0a54 relative=0x00000000000001b4
Event: 1.132 Thread 0x000001800f883530 Uncommon trap: reason=unstable_if action=reinterpret pc=0x000001801ebf0a54 method=java.lang.String.startsWith(Ljava/lang/String;I)Z @ 1 c2
Event: 1.132 Thread 0x000001800f883530 DEOPT PACKING pc=0x000001801ebf0a54 sp=0x0000005af7cf70c0
Event: 1.132 Thread 0x000001800f883530 DEOPT UNPACKING pc=0x00000180170e23a3 sp=0x0000005af7cf6fd0 mode 2
Event: 1.132 Thread 0x000001800f883530 Uncommon trap: trap_request=0xffffff45 fr.pc=0x000001801eb7d8f0 relative=0x00000000000001d0
Event: 1.132 Thread 0x000001800f883530 Uncommon trap: reason=unstable_if action=reinterpret pc=0x000001801eb7d8f0 method=java.lang.String.startsWith(Ljava/lang/String;I)Z @ 1 c2
Event: 1.132 Thread 0x000001800f883530 DEOPT PACKING pc=0x000001801eb7d8f0 sp=0x0000005af7cf7050
Event: 1.132 Thread 0x000001800f883530 DEOPT UNPACKING pc=0x00000180170e23a3 sp=0x0000005af7cf6fd0 mode 2
Event: 1.183 Thread 0x000001800f883530 Uncommon trap: trap_request=0xffffff45 fr.pc=0x000001801ec14820 relative=0x0000000000000320
Event: 1.183 Thread 0x000001800f883530 Uncommon trap: reason=unstable_if action=reinterpret pc=0x000001801ec14820 method=org.eclipse.sisu.inject.InjectorBindings.isAssignableFrom(Lcom/google/inject/TypeLiteral;Lcom/google/inject/Binding;)Z @ 14 c2
Event: 1.183 Thread 0x000001800f883530 DEOPT PACKING pc=0x000001801ec14820 sp=0x0000005af7cfd400
Event: 1.183 Thread 0x000001800f883530 DEOPT UNPACKING pc=0x00000180170e23a3 sp=0x0000005af7cfd3c0 mode 2

Classes unloaded (0 events):
No events

Classes redefined (0 events):
No events

Internal exceptions (4 events):
Event: 0.410 Thread 0x000001800f883530 Exception <a 'java/lang/NoSuchMethodError'{0x0000000089d4b2d8}: 'java.lang.Object java.lang.invoke.DirectMethodHandle$Holder.newInvokeSpecial(java.lang.Object, java.lang.Object, java.lang.Object, java.lang.Object, java.lang.Object)'> (0x0000000089d4b2d8) 
thrown [t:\workspace\open\src\hotspot\share\interpreter\linkResolver.cpp, line 766]
Event: 1.077 Thread 0x000001800f883530 Exception <a 'java/lang/NoClassDefFoundError'{0x0000000088d9f910}: com/google/inject/servlet/ServletModuleTargetVisitor> (0x0000000088d9f910) 
thrown [t:\workspace\open\src\hotspot\share\classfile\systemDictionary.cpp, line 245]
Event: 1.077 Thread 0x000001800f883530 Exception <a 'java/lang/NoClassDefFoundError'{0x0000000088da16d8}: javax/annotation/Priority> (0x0000000088da16d8) 
thrown [t:\workspace\open\src\hotspot\share\classfile\systemDictionary.cpp, line 245]
Event: 1.142 Thread 0x000001800f883530 Exception <a 'java/lang/NoSuchMethodError'{0x0000000088bfdb48}: 'java.lang.Object java.lang.invoke.DirectMethodHandle$Holder.invokeStaticInit(java.lang.Object, int, int, int, int)'> (0x0000000088bfdb48) 
thrown [t:\workspace\open\src\hotspot\share\interpreter\linkResolver.cpp, line 766]

VM Operations (20 events):
Event: 0.730 Executing VM operation: HandshakeAllThreads
Event: 0.730 Executing VM operation: HandshakeAllThreads done
Event: 0.738 Executing VM operation: HandshakeAllThreads
Event: 0.738 Executing VM operation: HandshakeAllThreads done
Event: 0.758 Executing VM operation: HandshakeAllThreads
Event: 0.758 Executing VM operation: HandshakeAllThreads done
Event: 0.964 Executing VM operation: ICBufferFull
Event: 0.964 Executing VM operation: ICBufferFull done
Event: 0.991 Executing VM operation: HandshakeAllThreads
Event: 0.991 Executing VM operation: HandshakeAllThreads done
Event: 0.993 Executing VM operation: HandshakeAllThreads
Event: 0.993 Executing VM operation: HandshakeAllThreads done
Event: 1.059 Executing VM operation: HandshakeAllThreads
Event: 1.060 Executing VM operation: HandshakeAllThreads done
Event: 1.131 Executing VM operation: HandshakeAllThreads
Event: 1.131 Executing VM operation: HandshakeAllThreads done
Event: 1.157 Executing VM operation: HandshakeAllThreads
Event: 1.157 Executing VM operation: HandshakeAllThreads done
Event: 1.170 Executing VM operation: G1CollectForAllocation
Event: 1.177 Executing VM operation: G1CollectForAllocation done

Events (20 events):
Event: 1.141 loading class java/security/DrbgParameters$Instantiation
Event: 1.141 loading class java/security/DrbgParameters$Instantiation done
Event: 1.141 loading class sun/security/provider/HashDrbg
Event: 1.141 loading class sun/security/provider/AbstractHashDrbg
Event: 1.141 loading class sun/security/provider/AbstractDrbg
Event: 1.141 loading class sun/security/provider/AbstractDrbg done
Event: 1.141 loading class sun/security/provider/AbstractHashDrbg done
Event: 1.141 loading class sun/security/provider/HashDrbg done
Event: 1.141 loading class sun/security/provider/EntropySource
Event: 1.142 loading class sun/security/provider/EntropySource done
Event: 1.200 loading class java/lang/ProcessEnvironment$CheckedKeySet
Event: 1.200 loading class java/lang/ProcessEnvironment$CheckedKeySet done
Event: 1.200 loading class java/util/Stack
Event: 1.200 loading class java/util/Stack done
Event: 1.227 loading class java/util/ArrayList$SubList$1
Event: 1.227 loading class java/util/ArrayList$SubList$1 done
Event: 1.228 loading class java/nio/channels/OverlappingFileLockException
Event: 1.228 loading class java/nio/channels/OverlappingFileLockException done
Event: 1.231 loading class java/util/regex/Pattern$Pos
Event: 1.231 loading class java/util/regex/Pattern$Pos done


Dynamic libraries:
0x00007ff69ed20000 - 0x00007ff69ed30000 	C:\Java\jdk-17.0.1\bin\java.exe
0x00007ffa7fa40000 - 0x00007ffa7fc47000 	C:\Windows\SYSTEM32\ntdll.dll
0x00007ffa7e2d0000 - 0x00007ffa7e38d000 	C:\Windows\System32\KERNEL32.DLL
0x00007ffa7d120000 - 0x00007ffa7d494000 	C:\Windows\System32\KERNELBASE.dll
0x00007ffa7d540000 - 0x00007ffa7d651000 	C:\Windows\System32\ucrtbase.dll
0x00007ffa59d80000 - 0x00007ffa59d9a000 	C:\Java\jdk-17.0.1\bin\VCRUNTIME140.dll
0x00007ffa77780000 - 0x00007ffa77798000 	C:\Java\jdk-17.0.1\bin\jli.dll
0x00007ffa7f620000 - 0x00007ffa7f6ce000 	C:\Windows\System32\ADVAPI32.dll
0x00007ffa7f540000 - 0x00007ffa7f5e3000 	C:\Windows\System32\msvcrt.dll
0x00007ffa7e230000 - 0x00007ffa7e2ce000 	C:\Windows\System32\sechost.dll
0x00007ffa7e5c0000 - 0x00007ffa7e6e0000 	C:\Windows\System32\RPCRT4.dll
0x00007ffa7e3f0000 - 0x00007ffa7e59c000 	C:\Windows\System32\USER32.dll
0x00007ffa68eb0000 - 0x00007ffa69155000 	C:\Windows\WinSxS\amd64_microsoft.windows.common-controls_6595b64144ccf1df_6.0.22000.120_none_9d947278b86cc467\COMCTL32.dll
0x00007ffa7d780000 - 0x00007ffa7d7a6000 	C:\Windows\System32\win32u.dll
0x00007ffa7f5f0000 - 0x00007ffa7f619000 	C:\Windows\System32\GDI32.dll
0x00007ffa7d660000 - 0x00007ffa7d772000 	C:\Windows\System32\gdi32full.dll
0x00007ffa7d4a0000 - 0x00007ffa7d53d000 	C:\Windows\System32\msvcp_win.dll
0x00007ffa767c0000 - 0x00007ffa767ca000 	C:\Windows\SYSTEM32\VERSION.dll
0x00007ffa7de60000 - 0x00007ffa7de91000 	C:\Windows\System32\IMM32.DLL
0x00007ffa68e70000 - 0x00007ffa68e7c000 	C:\Java\jdk-17.0.1\bin\vcruntime140_1.dll
0x00007ffa30830000 - 0x00007ffa308bd000 	C:\Java\jdk-17.0.1\bin\msvcp140.dll
0x00007ffa2d810000 - 0x00007ffa2e3ce000 	C:\Java\jdk-17.0.1\bin\server\jvm.dll
0x00007ffa7e220000 - 0x00007ffa7e228000 	C:\Windows\System32\PSAPI.DLL
0x00007ffa786a0000 - 0x00007ffa786d3000 	C:\Windows\SYSTEM32\WINMM.dll
0x00007ffa6aea0000 - 0x00007ffa6aea9000 	C:\Windows\SYSTEM32\WSOCK32.dll
0x00007ffa7f4d0000 - 0x00007ffa7f53f000 	C:\Windows\System32\WS2_32.dll
0x00007ffa7c030000 - 0x00007ffa7c048000 	C:\Windows\SYSTEM32\kernel.appcore.dll
0x00007ffa659a0000 - 0x00007ffa659aa000 	C:\Java\jdk-17.0.1\bin\jimage.dll
0x00007ffa71e90000 - 0x00007ffa720b1000 	C:\Windows\SYSTEM32\DBGHELP.DLL
0x00007ffa71e50000 - 0x00007ffa71e81000 	C:\Windows\SYSTEM32\dbgcore.DLL
0x00007ffa7cf30000 - 0x00007ffa7cfaf000 	C:\Windows\System32\bcryptPrimitives.dll
0x00007ffa31300000 - 0x00007ffa31325000 	C:\Java\jdk-17.0.1\bin\java.dll
0x00007ffa31220000 - 0x00007ffa312f6000 	C:\Java\jdk-17.0.1\bin\svml.dll
0x00007ffa7eb60000 - 0x00007ffa7f30e000 	C:\Windows\System32\SHELL32.dll
0x00007ffa7b0a0000 - 0x00007ffa7b907000 	C:\Windows\SYSTEM32\windows.storage.dll
0x00007ffa7d8e0000 - 0x00007ffa7dc58000 	C:\Windows\System32\combase.dll
0x00007ffa7af30000 - 0x00007ffa7b096000 	C:\Windows\SYSTEM32\wintypes.dll
0x00007ffa7f900000 - 0x00007ffa7f9ea000 	C:\Windows\System32\SHCORE.dll
0x00007ffa7e390000 - 0x00007ffa7e3ed000 	C:\Windows\System32\shlwapi.dll
0x00007ffa7ce60000 - 0x00007ffa7ce81000 	C:\Windows\SYSTEM32\profapi.dll
0x00007ffa59740000 - 0x00007ffa59759000 	C:\Java\jdk-17.0.1\bin\net.dll
0x00007ffa77e30000 - 0x00007ffa77f3c000 	C:\Windows\SYSTEM32\WINHTTP.dll
0x00007ffa7c460000 - 0x00007ffa7c4c7000 	C:\Windows\system32\mswsock.dll
0x00007ffa4b010000 - 0x00007ffa4b025000 	C:\Java\jdk-17.0.1\bin\nio.dll
0x00007ffa49ae0000 - 0x00007ffa49af8000 	C:\Java\jdk-17.0.1\bin\zip.dll
0x00007ffa64fe0000 - 0x00007ffa64ff0000 	C:\Java\jdk-17.0.1\bin\verify.dll
0x00007ffa75120000 - 0x00007ffa7512a000 	C:\NetBeans-12.6\netbeans\java\maven\lib\jansi-native\windows64\jansi.dll

dbghelp: loaded successfully - version: 4.0.5 - missing functions: none
symbol engine: initialized successfully - sym options: 0x614 - pdb path: .;C:\Java\jdk-17.0.1\bin;C:\Windows\SYSTEM32;C:\Windows\WinSxS\amd64_microsoft.windows.common-controls_6595b64144ccf1df_6.0.22000.120_none_9d947278b86cc467;C:\Java\jdk-17.0.1\bin\server;C:\NetBeans-12.6\netbeans\java\maven\lib\jansi-native\windows64

VM Arguments:
jvm_args: -Dclassworlds.conf=C:\NetBeans-12.6\netbeans\java\maven\bin\..\bin\m2.conf -Dmaven.home=C:\NetBeans-12.6\netbeans\java\maven\bin\.. -Dlibrary.jansi.path=C:\NetBeans-12.6\netbeans\java\maven\bin\..\lib\jansi-native -Dmaven.multiModuleProjectDirectory=C:\Users\vinit\Documents\NetBeansProjects\LibraryManagementSystem 
java_command: org.codehaus.plexus.classworlds.launcher.Launcher -DartifactId=jcalendar -DgroupId=com.toedter -Dversion=1.3.2 -Dpackaging=jar -Dfile=C:\Users\vinit\Documents\jarFile\jcalendar-1.3.2.jar -DgeneratePom=false -Dmaven.ext.class.path=C:\NetBeans-12.6\netbeans\java\maven-nblib\netbeans-eventspy.jar -Dfile.encoding=UTF-8 install:install-file
java_class_path (initial): C:\NetBeans-12.6\netbeans\java\maven\bin\..\boot\plexus-classworlds-2.6.0.jar
Launcher Type: SUN_STANDARD

[Global flags]
     intx CICompilerCount                          = 4                                         {product} {ergonomic}
     uint ConcGCThreads                            = 2                                         {product} {ergonomic}
     uint G1ConcRefinementThreads                  = 8                                         {product} {ergonomic}
   size_t G1HeapRegionSize                         = 1048576                                   {product} {ergonomic}
    uintx GCDrainStackTargetSize                   = 64                                        {product} {ergonomic}
   size_t InitialHeapSize                          = 132120576                                 {product} {ergonomic}
   size_t MarkStackSize                            = 4194304                                   {product} {ergonomic}
   size_t MaxHeapSize                              = 2099249152                                {product} {ergonomic}
   size_t MaxNewSize                               = 1259339776                                {product} {ergonomic}
   size_t MinHeapDeltaBytes                        = 1048576                                   {product} {ergonomic}
   size_t MinHeapSize                              = 8388608                                   {product} {ergonomic}
    uintx NonNMethodCodeHeapSize                   = 5839372                                {pd product} {ergonomic}
    uintx NonProfiledCodeHeapSize                  = 122909434                              {pd product} {ergonomic}
    uintx ProfiledCodeHeapSize                     = 122909434                              {pd product} {ergonomic}
    uintx ReservedCodeCacheSize                    = 251658240                              {pd product} {ergonomic}
     bool SegmentedCodeCache                       = true                                      {product} {ergonomic}
   size_t SoftMaxHeapSize                          = 2099249152                             {manageable} {ergonomic}
     bool UseCompressedClassPointers               = true                           {product lp64_product} {ergonomic}
     bool UseCompressedOops                        = true                           {product lp64_product} {ergonomic}
     bool UseG1GC                                  = true                                      {product} {ergonomic}
     bool UseLargePagesIndividualAllocation        = false                                  {pd product} {ergonomic}

Logging:
Log output configuration:
 #0: stdout all=warning uptime,level,tags
 #1: stderr all=off uptime,level,tags

Environment Variables:
JAVA_HOME=C:\Java\jdk-17.0.1
PATH=C:\Program Files\Common Files\Oracle\Java\javapath;C:\MinGW\bin;C:\Program Files (x86)\VMware\VMware Workstation\bin\;C:\Program Files (x86)\Common Files\Intel\Shared Libraries\redist\intel64\compiler;C:\Windows\system32;C:\Windows;C:\Windows\System32\Wbem;C:\Windows\System32\WindowsPowerShell\v1.0\;C:\Windows\System32\OpenSSH\;C:\Program Files\Microsoft SQL Server\130\Tools\Binn\;C:\Program Files\Microsoft SQL Server\150\Tools\Binn\;C:\Java\jdk-17.0.1\bin;C:\Program Files\MySQL\MySQL Shell 8.0\bin\;C:\Users\vinit\AppData\Local\Microsoft\WindowsApps;C:\IntelliJ IDEA\bin;;C:\Users\vinit\AppData\Local\GitHubDesktop\bin;C:\Microsoft VS Code\bin
USERNAME=vinit
OS=Windows_NT
PROCESSOR_IDENTIFIER=AMD64 Family 23 Model 24 Stepping 1, AuthenticAMD



---------------  S Y S T E M  ---------------

OS:
 Windows 10 , 64 bit Build 22000 (10.0.22000.434)
OS uptime: 1 days 17:12 hours

CPU: total 8 (initial active 8) (8 cores per cpu, 2 threads per core) family 23 model 24 stepping 1 microcode 0x0, cx8, cmov, fxsr, ht, mmx, 3dnowpref, sse, sse2, sse3, ssse3, sse4a, sse4.1, sse4.2, popcnt, lzcnt, tsc, tscinvbit, avx, avx2, aes, clmul, bmi1, bmi2, adx, sha, fma, vzeroupper, clflush, clflushopt

Memory: 4k page, system-wide physical 8000M (930M free)
TotalPageFile size 12096M (AvailPageFile size 5M)
current process WorkingSet (physical memory assigned to process): 109M, peak: 110M
current process commit charge ("private bytes"): 242M, peak: 243M

vm_info: Java HotSpot(TM) 64-Bit Server VM (17.0.1+12-LTS-39) for windows-amd64 JRE (17.0.1+12-LTS-39), built on Sep 27 2021 18:41:35 by "mach5one" with MS VC++ 16.8 (VS2019)

END.
